17-Jan-2016 01:15:40.742 INFO [main] org.apache.catalina.core.StandardServer.await A valid shutdown command was received via the shutdown port. Stopping the Server instance.
17-Jan-2016 01:15:40.795 INFO [main] org.apache.coyote.AbstractProtocol.pause Pausing ProtocolHandler ["http-apr-8080"]
17-Jan-2016 01:15:40.891 INFO [main] org.apache.coyote.AbstractProtocol.pause Pausing ProtocolHandler ["ajp-apr-8009"]
17-Jan-2016 01:15:40.943 INFO [main] org.apache.catalina.core.StandardService.stopInternal Stopping service Catalina
17-Jan-2016 01:15:41.249 INFO [main] org.apache.coyote.AbstractProtocol.stop Stopping ProtocolHandler ["http-apr-8080"]
17-Jan-2016 01:15:41.309 INFO [main] org.apache.coyote.AbstractProtocol.stop Stopping ProtocolHandler ["ajp-apr-8009"]
17-Jan-2016 01:15:41.364 INFO [main] org.apache.coyote.AbstractProtocol.destroy Destroying ProtocolHandler ["http-apr-8080"]
17-Jan-2016 01:15:41.364 INFO [main] org.apache.coyote.AbstractProtocol.destroy Destroying ProtocolHandler ["ajp-apr-8009"]
17-Jan-2016 12:20:19.903 INFO [main] org.apache.catalina.startup.VersionLoggerListener.log Server version:        Apache Tomcat/9.0.0.M1
17-Jan-2016 12:20:19.905 INFO [main] org.apache.catalina.startup.VersionLoggerListener.log Server built:          Nov 12 2015 22:05:52 UTC
17-Jan-2016 12:20:19.906 INFO [main] org.apache.catalina.startup.VersionLoggerListener.log Server number:         9.0.0.0
17-Jan-2016 12:20:19.906 INFO [main] org.apache.catalina.startup.VersionLoggerListener.log OS Name:               Windows 8.1
17-Jan-2016 12:20:19.906 INFO [main] org.apache.catalina.startup.VersionLoggerListener.log OS Version:            6.3
17-Jan-2016 12:20:19.907 INFO [main] org.apache.catalina.startup.VersionLoggerListener.log Architecture:          amd64
17-Jan-2016 12:20:19.907 INFO [main] org.apache.catalina.startup.VersionLoggerListener.log Java Home:             C:\Program Files\Java\jdk1.8.0_20\jre
17-Jan-2016 12:20:19.907 INFO [main] org.apache.catalina.startup.VersionLoggerListener.log JVM Version:           1.8.0_20-b26
17-Jan-2016 12:20:19.908 INFO [main] org.apache.catalina.startup.VersionLoggerListener.log JVM Vendor:            Oracle Corporation
17-Jan-2016 12:20:19.908 INFO [main] org.apache.catalina.startup.VersionLoggerListener.log CATALINA_BASE:         D:\tomcat9.0.0.M1
17-Jan-2016 12:20:19.908 INFO [main] org.apache.catalina.startup.VersionLoggerListener.log CATALINA_HOME:         D:\tomcat9.0.0.M1
17-Jan-2016 12:20:19.909 INFO [main] org.apache.catalina.startup.VersionLoggerListener.log Command line argument: -Djava.util.logging.config.file=D:\tomcat9.0.0.M1\conf\logging.properties
17-Jan-2016 12:20:19.981 INFO [main] org.apache.catalina.startup.VersionLoggerListener.log Command line argument: -Djava.util.logging.manager=org.apache.juli.ClassLoaderLogManager
17-Jan-2016 12:20:19.983 INFO [main] org.apache.catalina.startup.VersionLoggerListener.log Command line argument: -Dcatalina.base=D:\tomcat9.0.0.M1
17-Jan-2016 12:20:19.984 INFO [main] org.apache.catalina.startup.VersionLoggerListener.log Command line argument: -Dcatalina.home=D:\tomcat9.0.0.M1
17-Jan-2016 12:20:19.985 INFO [main] org.apache.catalina.startup.VersionLoggerListener.log Command line argument: -Djava.io.tmpdir=D:\tomcat9.0.0.M1\temp
17-Jan-2016 12:20:19.987 INFO [main] org.apache.catalina.core.AprLifecycleListener.lifecycleEvent Loaded APR based Apache Tomcat Native library 1.2.2 using APR version 1.5.1.
17-Jan-2016 12:20:19.988 INFO [main] org.apache.catalina.core.AprLifecycleListener.lifecycleEvent APR capabilities: IPv6 [true], sendfile [true], accept filters [false], random [true].
17-Jan-2016 12:20:21.164 INFO [main] org.apache.catalina.core.AprLifecycleListener.initializeSSL OpenSSL successfully initialized (OpenSSL 1.0.2d 9 Jul 2015)
17-Jan-2016 12:20:23.610 INFO [main] org.apache.coyote.AbstractProtocol.init Initializing ProtocolHandler ["http-apr-8080"]
17-Jan-2016 12:20:23.687 INFO [main] org.apache.coyote.AbstractProtocol.init Initializing ProtocolHandler ["ajp-apr-8009"]
17-Jan-2016 12:20:23.689 INFO [main] org.apache.catalina.startup.Catalina.load Initialization processed in 8487 ms
17-Jan-2016 12:20:23.924 INFO [main] org.apache.catalina.core.StandardService.startInternal Starting service Catalina
17-Jan-2016 12:20:23.926 INFO [main] org.apache.catalina.core.StandardEngine.startInternal Starting Servlet Engine: Apache Tomcat/9.0.0.M1
17-Jan-2016 12:20:24.022 INFO [localhost-startStop-1] org.apache.catalina.startup.HostConfig.deployDirectory Deploying web application directory D:\tomcat9.0.0.M1\webapps\docs
17-Jan-2016 12:20:26.411 INFO [localhost-startStop-1] org.apache.catalina.util.SessionIdGeneratorBase.createSecureRandom Creation of SecureRandom instance for session ID generation using [SHA1PRNG] took [581] milliseconds.
17-Jan-2016 12:20:26.546 INFO [localhost-startStop-1] org.apache.catalina.startup.HostConfig.deployDirectory Deployment of web application directory D:\tomcat9.0.0.M1\webapps\docs has finished in 2,523 ms
17-Jan-2016 12:20:26.546 INFO [localhost-startStop-1] org.apache.catalina.startup.HostConfig.deployDirectory Deploying web application directory D:\tomcat9.0.0.M1\webapps\examples
17-Jan-2016 12:20:28.406 INFO [localhost-startStop-1] org.apache.catalina.startup.HostConfig.deployDirectory Deployment of web application directory D:\tomcat9.0.0.M1\webapps\examples has finished in 1,860 ms
17-Jan-2016 12:20:28.408 INFO [localhost-startStop-1] org.apache.catalina.startup.HostConfig.deployDirectory Deploying web application directory D:\tomcat9.0.0.M1\webapps\host-manager
17-Jan-2016 12:20:28.548 INFO [localhost-startStop-1] org.apache.catalina.startup.HostConfig.deployDirectory Deployment of web application directory D:\tomcat9.0.0.M1\webapps\host-manager has finished in 141 ms
17-Jan-2016 12:20:28.560 INFO [localhost-startStop-1] org.apache.catalina.startup.HostConfig.deployDirectory Deploying web application directory D:\tomcat9.0.0.M1\webapps\manager
17-Jan-2016 12:20:28.604 INFO [localhost-startStop-1] org.apache.catalina.startup.HostConfig.deployDirectory Deployment of web application directory D:\tomcat9.0.0.M1\webapps\manager has finished in 53 ms
17-Jan-2016 12:20:28.605 INFO [localhost-startStop-1] org.apache.catalina.startup.HostConfig.deployDirectory Deploying web application directory D:\tomcat9.0.0.M1\webapps\ROOT
17-Jan-2016 12:20:28.728 INFO [localhost-startStop-1] org.apache.catalina.startup.HostConfig.deployDirectory Deployment of web application directory D:\tomcat9.0.0.M1\webapps\ROOT has finished in 123 ms
17-Jan-2016 12:20:28.729 INFO [localhost-startStop-1] org.apache.catalina.startup.HostConfig.deployDirectory Deploying web application directory D:\tomcat9.0.0.M1\webapps\test
17-Jan-2016 12:20:29.067 INFO [localhost-startStop-1] org.apache.catalina.startup.HostConfig.deployDirectory Deployment of web application directory D:\tomcat9.0.0.M1\webapps\test has finished in 338 ms
17-Jan-2016 12:20:29.074 INFO [main] org.apache.coyote.AbstractProtocol.start Starting ProtocolHandler [http-apr-8080]
17-Jan-2016 12:20:29.217 INFO [main] org.apache.coyote.AbstractProtocol.start Starting ProtocolHandler [ajp-apr-8009]
17-Jan-2016 12:20:29.225 INFO [main] org.apache.catalina.startup.Catalina.start Server startup in 5536 ms
17-Jan-2016 14:58:10.126 INFO [main] org.apache.catalina.core.StandardServer.await A valid shutdown command was received via the shutdown port. Stopping the Server instance.
17-Jan-2016 14:58:10.137 INFO [main] org.apache.coyote.AbstractProtocol.pause Pausing ProtocolHandler ["http-apr-8080"]
17-Jan-2016 14:58:10.203 INFO [main] org.apache.coyote.AbstractProtocol.pause Pausing ProtocolHandler ["ajp-apr-8009"]
17-Jan-2016 14:58:10.254 INFO [main] org.apache.catalina.core.StandardService.stopInternal Stopping service Catalina
17-Jan-2016 14:58:10.484 INFO [main] org.apache.coyote.AbstractProtocol.stop Stopping ProtocolHandler ["http-apr-8080"]
17-Jan-2016 14:58:10.544 INFO [main] org.apache.coyote.AbstractProtocol.stop Stopping ProtocolHandler ["ajp-apr-8009"]
17-Jan-2016 14:58:10.598 INFO [main] org.apache.coyote.AbstractProtocol.destroy Destroying ProtocolHandler ["http-apr-8080"]
17-Jan-2016 14:58:10.599 INFO [main] org.apache.coyote.AbstractProtocol.destroy Destroying ProtocolHandler ["ajp-apr-8009"]
17-Jan-2016 15:52:46.032 INFO [main] org.apache.catalina.startup.VersionLoggerListener.log Server version:        Apache Tomcat/9.0.0.M1
17-Jan-2016 15:52:46.035 INFO [main] org.apache.catalina.startup.VersionLoggerListener.log Server built:          Nov 12 2015 22:05:52 UTC
17-Jan-2016 15:52:46.035 INFO [main] org.apache.catalina.startup.VersionLoggerListener.log Server number:         9.0.0.0
17-Jan-2016 15:52:46.035 INFO [main] org.apache.catalina.startup.VersionLoggerListener.log OS Name:               Windows 8.1
17-Jan-2016 15:52:46.036 INFO [main] org.apache.catalina.startup.VersionLoggerListener.log OS Version:            6.3
17-Jan-2016 15:52:46.036 INFO [main] org.apache.catalina.startup.VersionLoggerListener.log Architecture:          amd64
17-Jan-2016 15:52:46.036 INFO [main] org.apache.catalina.startup.VersionLoggerListener.log Java Home:             C:\Program Files\Java\jdk1.8.0_20\jre
17-Jan-2016 15:52:46.037 INFO [main] org.apache.catalina.startup.VersionLoggerListener.log JVM Version:           1.8.0_20-b26
17-Jan-2016 15:52:46.037 INFO [main] org.apache.catalina.startup.VersionLoggerListener.log JVM Vendor:            Oracle Corporation
17-Jan-2016 15:52:46.037 INFO [main] org.apache.catalina.startup.VersionLoggerListener.log CATALINA_BASE:         D:\tomcat9.0.0.M1
17-Jan-2016 15:52:46.038 INFO [main] org.apache.catalina.startup.VersionLoggerListener.log CATALINA_HOME:         D:\tomcat9.0.0.M1
17-Jan-2016 15:52:46.038 INFO [main] org.apache.catalina.startup.VersionLoggerListener.log Command line argument: -Djava.util.logging.config.file=D:\tomcat9.0.0.M1\conf\logging.properties
17-Jan-2016 15:52:46.039 INFO [main] org.apache.catalina.startup.VersionLoggerListener.log Command line argument: -Djava.util.logging.manager=org.apache.juli.ClassLoaderLogManager
17-Jan-2016 15:52:46.040 INFO [main] org.apache.catalina.startup.VersionLoggerListener.log Command line argument: -Dcatalina.base=D:\tomcat9.0.0.M1
17-Jan-2016 15:52:46.041 INFO [main] org.apache.catalina.startup.VersionLoggerListener.log Command line argument: -Dcatalina.home=D:\tomcat9.0.0.M1
17-Jan-2016 15:52:46.042 INFO [main] org.apache.catalina.startup.VersionLoggerListener.log Command line argument: -Djava.io.tmpdir=D:\tomcat9.0.0.M1\temp
17-Jan-2016 15:52:46.043 INFO [main] org.apache.catalina.core.AprLifecycleListener.lifecycleEvent Loaded APR based Apache Tomcat Native library 1.2.2 using APR version 1.5.1.
17-Jan-2016 15:52:46.044 INFO [main] org.apache.catalina.core.AprLifecycleListener.lifecycleEvent APR capabilities: IPv6 [true], sendfile [true], accept filters [false], random [true].
17-Jan-2016 15:52:46.940 INFO [main] org.apache.catalina.core.AprLifecycleListener.initializeSSL OpenSSL successfully initialized (OpenSSL 1.0.2d 9 Jul 2015)
17-Jan-2016 15:52:47.738 INFO [main] org.apache.coyote.AbstractProtocol.init Initializing ProtocolHandler ["http-apr-8080"]
17-Jan-2016 15:52:47.788 INFO [main] org.apache.coyote.AbstractProtocol.init Initializing ProtocolHandler ["ajp-apr-8009"]
17-Jan-2016 15:52:47.790 INFO [main] org.apache.catalina.startup.Catalina.load Initialization processed in 3285 ms
17-Jan-2016 15:52:47.927 INFO [main] org.apache.catalina.core.StandardService.startInternal Starting service Catalina
17-Jan-2016 15:52:47.928 INFO [main] org.apache.catalina.core.StandardEngine.startInternal Starting Servlet Engine: Apache Tomcat/9.0.0.M1
17-Jan-2016 15:52:47.973 INFO [localhost-startStop-1] org.apache.catalina.startup.HostConfig.deployDirectory Deploying web application directory D:\tomcat9.0.0.M1\webapps\docs
17-Jan-2016 15:52:48.928 INFO [localhost-startStop-1] org.apache.catalina.util.SessionIdGeneratorBase.createSecureRandom Creation of SecureRandom instance for session ID generation using [SHA1PRNG] took [248] milliseconds.
17-Jan-2016 15:52:48.985 INFO [localhost-startStop-1] org.apache.catalina.startup.HostConfig.deployDirectory Deployment of web application directory D:\tomcat9.0.0.M1\webapps\docs has finished in 1,012 ms
17-Jan-2016 15:52:48.986 INFO [localhost-startStop-1] org.apache.catalina.startup.HostConfig.deployDirectory Deploying web application directory D:\tomcat9.0.0.M1\webapps\examples
17-Jan-2016 15:52:50.071 INFO [localhost-startStop-1] org.apache.catalina.startup.HostConfig.deployDirectory Deployment of web application directory D:\tomcat9.0.0.M1\webapps\examples has finished in 1,084 ms
17-Jan-2016 15:52:50.072 INFO [localhost-startStop-1] org.apache.catalina.startup.HostConfig.deployDirectory Deploying web application directory D:\tomcat9.0.0.M1\webapps\host-manager
17-Jan-2016 15:52:50.149 INFO [localhost-startStop-1] org.apache.catalina.startup.HostConfig.deployDirectory Deployment of web application directory D:\tomcat9.0.0.M1\webapps\host-manager has finished in 76 ms
17-Jan-2016 15:52:50.150 INFO [localhost-startStop-1] org.apache.catalina.startup.HostConfig.deployDirectory Deploying web application directory D:\tomcat9.0.0.M1\webapps\manager
17-Jan-2016 15:52:50.241 INFO [localhost-startStop-1] org.apache.catalina.startup.HostConfig.deployDirectory Deployment of web application directory D:\tomcat9.0.0.M1\webapps\manager has finished in 89 ms
17-Jan-2016 15:52:50.257 INFO [localhost-startStop-1] org.apache.catalina.startup.HostConfig.deployDirectory Deploying web application directory D:\tomcat9.0.0.M1\webapps\ROOT
17-Jan-2016 15:52:50.321 INFO [localhost-startStop-1] org.apache.catalina.startup.HostConfig.deployDirectory Deployment of web application directory D:\tomcat9.0.0.M1\webapps\ROOT has finished in 64 ms
17-Jan-2016 15:52:50.323 INFO [localhost-startStop-1] org.apache.catalina.startup.HostConfig.deployDirectory Deploying web application directory D:\tomcat9.0.0.M1\webapps\test
17-Jan-2016 15:52:50.447 INFO [localhost-startStop-1] org.apache.catalina.startup.HostConfig.deployDirectory Deployment of web application directory D:\tomcat9.0.0.M1\webapps\test has finished in 123 ms
17-Jan-2016 15:52:50.468 INFO [main] org.apache.coyote.AbstractProtocol.start Starting ProtocolHandler [http-apr-8080]
17-Jan-2016 15:52:50.530 INFO [main] org.apache.coyote.AbstractProtocol.start Starting ProtocolHandler [ajp-apr-8009]
17-Jan-2016 15:52:50.539 INFO [main] org.apache.catalina.startup.Catalina.start Server startup in 2748 ms
17-Jan-2016 16:20:40.964 INFO [ContainerBackgroundProcessor[StandardEngine[Catalina]]] org.apache.catalina.startup.HostConfig.reload Reloading context [/test]
17-Jan-2016 16:20:40.965 INFO [ContainerBackgroundProcessor[StandardEngine[Catalina]]] org.apache.catalina.core.StandardContext.reload Reloading Context with name [/test] has started
17-Jan-2016 16:20:41.370 INFO [ContainerBackgroundProcessor[StandardEngine[Catalina]]] org.apache.catalina.core.StandardContext.reload Reloading Context with name [/test] is completed
17-Jan-2016 16:30:34.620 INFO [main] org.apache.catalina.core.StandardServer.await A valid shutdown command was received via the shutdown port. Stopping the Server instance.
17-Jan-2016 16:30:34.626 INFO [main] org.apache.coyote.AbstractProtocol.pause Pausing ProtocolHandler ["http-apr-8080"]
17-Jan-2016 16:30:34.691 INFO [main] org.apache.coyote.AbstractProtocol.pause Pausing ProtocolHandler ["ajp-apr-8009"]
17-Jan-2016 16:30:34.748 INFO [main] org.apache.catalina.core.StandardService.stopInternal Stopping service Catalina
17-Jan-2016 16:30:34.931 INFO [main] org.apache.coyote.AbstractProtocol.stop Stopping ProtocolHandler ["http-apr-8080"]
17-Jan-2016 16:30:35.006 INFO [main] org.apache.coyote.AbstractProtocol.stop Stopping ProtocolHandler ["ajp-apr-8009"]
17-Jan-2016 16:30:35.077 INFO [main] org.apache.coyote.AbstractProtocol.destroy Destroying ProtocolHandler ["http-apr-8080"]
17-Jan-2016 16:30:35.088 INFO [main] org.apache.coyote.AbstractProtocol.destroy Destroying ProtocolHandler ["ajp-apr-8009"]
17-Jan-2016 16:30:38.720 INFO [main] org.apache.catalina.startup.VersionLoggerListener.log Server version:        Apache Tomcat/9.0.0.M1
17-Jan-2016 16:30:38.722 INFO [main] org.apache.catalina.startup.VersionLoggerListener.log Server built:          Nov 12 2015 22:05:52 UTC
17-Jan-2016 16:30:38.723 INFO [main] org.apache.catalina.startup.VersionLoggerListener.log Server number:         9.0.0.0
17-Jan-2016 16:30:38.723 INFO [main] org.apache.catalina.startup.VersionLoggerListener.log OS Name:               Windows 8.1
17-Jan-2016 16:30:38.724 INFO [main] org.apache.catalina.startup.VersionLoggerListener.log OS Version:            6.3
17-Jan-2016 16:30:38.724 INFO [main] org.apache.catalina.startup.VersionLoggerListener.log Architecture:          amd64
17-Jan-2016 16:30:38.724 INFO [main] org.apache.catalina.startup.VersionLoggerListener.log Java Home:             C:\Program Files\Java\jdk1.8.0_20\jre
17-Jan-2016 16:30:38.725 INFO [main] org.apache.catalina.startup.VersionLoggerListener.log JVM Version:           1.8.0_20-b26
17-Jan-2016 16:30:38.725 INFO [main] org.apache.catalina.startup.VersionLoggerListener.log JVM Vendor:            Oracle Corporation
17-Jan-2016 16:30:38.725 INFO [main] org.apache.catalina.startup.VersionLoggerListener.log CATALINA_BASE:         D:\tomcat9.0.0.M1
17-Jan-2016 16:30:38.726 INFO [main] org.apache.catalina.startup.VersionLoggerListener.log CATALINA_HOME:         D:\tomcat9.0.0.M1
17-Jan-2016 16:30:38.726 INFO [main] org.apache.catalina.startup.VersionLoggerListener.log Command line argument: -Djava.util.logging.config.file=D:\tomcat9.0.0.M1\conf\logging.properties
17-Jan-2016 16:30:38.728 INFO [main] org.apache.catalina.startup.VersionLoggerListener.log Command line argument: -Djava.util.logging.manager=org.apache.juli.ClassLoaderLogManager
17-Jan-2016 16:30:38.729 INFO [main] org.apache.catalina.startup.VersionLoggerListener.log Command line argument: -Dcatalina.base=D:\tomcat9.0.0.M1
17-Jan-2016 16:30:38.730 INFO [main] org.apache.catalina.startup.VersionLoggerListener.log Command line argument: -Dcatalina.home=D:\tomcat9.0.0.M1
17-Jan-2016 16:30:38.732 INFO [main] org.apache.catalina.startup.VersionLoggerListener.log Command line argument: -Djava.io.tmpdir=D:\tomcat9.0.0.M1\temp
17-Jan-2016 16:30:38.735 INFO [main] org.apache.catalina.core.AprLifecycleListener.lifecycleEvent Loaded APR based Apache Tomcat Native library 1.2.2 using APR version 1.5.1.
17-Jan-2016 16:30:38.737 INFO [main] org.apache.catalina.core.AprLifecycleListener.lifecycleEvent APR capabilities: IPv6 [true], sendfile [true], accept filters [false], random [true].
17-Jan-2016 16:30:39.522 INFO [main] org.apache.catalina.core.AprLifecycleListener.initializeSSL OpenSSL successfully initialized (OpenSSL 1.0.2d 9 Jul 2015)
17-Jan-2016 16:30:39.703 INFO [main] org.apache.coyote.AbstractProtocol.init Initializing ProtocolHandler ["http-apr-8080"]
17-Jan-2016 16:30:39.721 INFO [main] org.apache.coyote.AbstractProtocol.init Initializing ProtocolHandler ["ajp-apr-8009"]
17-Jan-2016 16:30:39.725 INFO [main] org.apache.catalina.startup.Catalina.load Initialization processed in 1644 ms
17-Jan-2016 16:30:39.766 INFO [main] org.apache.catalina.core.StandardService.startInternal Starting service Catalina
17-Jan-2016 16:30:39.767 INFO [main] org.apache.catalina.core.StandardEngine.startInternal Starting Servlet Engine: Apache Tomcat/9.0.0.M1
17-Jan-2016 16:30:39.798 INFO [localhost-startStop-1] org.apache.catalina.startup.HostConfig.deployDirectory Deploying web application directory D:\tomcat9.0.0.M1\webapps\docs
17-Jan-2016 16:30:40.545 INFO [localhost-startStop-1] org.apache.catalina.util.SessionIdGeneratorBase.createSecureRandom Creation of SecureRandom instance for session ID generation using [SHA1PRNG] took [347] milliseconds.
17-Jan-2016 16:30:40.589 INFO [localhost-startStop-1] org.apache.catalina.startup.HostConfig.deployDirectory Deployment of web application directory D:\tomcat9.0.0.M1\webapps\docs has finished in 791 ms
17-Jan-2016 16:30:40.591 INFO [localhost-startStop-1] org.apache.catalina.startup.HostConfig.deployDirectory Deploying web application directory D:\tomcat9.0.0.M1\webapps\examples
17-Jan-2016 16:30:41.144 INFO [localhost-startStop-1] org.apache.catalina.startup.HostConfig.deployDirectory Deployment of web application directory D:\tomcat9.0.0.M1\webapps\examples has finished in 553 ms
17-Jan-2016 16:30:41.145 INFO [localhost-startStop-1] org.apache.catalina.startup.HostConfig.deployDirectory Deploying web application directory D:\tomcat9.0.0.M1\webapps\host-manager
17-Jan-2016 16:30:41.190 INFO [localhost-startStop-1] org.apache.catalina.startup.HostConfig.deployDirectory Deployment of web application directory D:\tomcat9.0.0.M1\webapps\host-manager has finished in 45 ms
17-Jan-2016 16:30:41.214 INFO [localhost-startStop-1] org.apache.catalina.startup.HostConfig.deployDirectory Deploying web application directory D:\tomcat9.0.0.M1\webapps\manager
17-Jan-2016 16:30:41.281 INFO [localhost-startStop-1] org.apache.catalina.startup.HostConfig.deployDirectory Deployment of web application directory D:\tomcat9.0.0.M1\webapps\manager has finished in 67 ms
17-Jan-2016 16:30:41.284 INFO [localhost-startStop-1] org.apache.catalina.startup.HostConfig.deployDirectory Deploying web application directory D:\tomcat9.0.0.M1\webapps\ROOT
17-Jan-2016 16:30:41.315 INFO [localhost-startStop-1] org.apache.catalina.startup.HostConfig.deployDirectory Deployment of web application directory D:\tomcat9.0.0.M1\webapps\ROOT has finished in 31 ms
17-Jan-2016 16:30:41.319 INFO [localhost-startStop-1] org.apache.catalina.startup.HostConfig.deployDirectory Deploying web application directory D:\tomcat9.0.0.M1\webapps\test
17-Jan-2016 16:30:41.446 INFO [localhost-startStop-1] org.apache.catalina.startup.HostConfig.deployDirectory Deployment of web application directory D:\tomcat9.0.0.M1\webapps\test has finished in 126 ms
17-Jan-2016 16:30:41.453 INFO [main] org.apache.coyote.AbstractProtocol.start Starting ProtocolHandler [http-apr-8080]
17-Jan-2016 16:30:41.477 INFO [main] org.apache.coyote.AbstractProtocol.start Starting ProtocolHandler [ajp-apr-8009]
17-Jan-2016 16:30:41.492 INFO [main] org.apache.catalina.startup.Catalina.start Server startup in 1765 ms
17-Jan-2016 16:34:31.549 INFO [ContainerBackgroundProcessor[StandardEngine[Catalina]]] org.apache.catalina.startup.HostConfig.reload Reloading context [/test]
17-Jan-2016 16:34:31.550 INFO [ContainerBackgroundProcessor[StandardEngine[Catalina]]] org.apache.catalina.core.StandardContext.reload Reloading Context with name [/test] has started
17-Jan-2016 16:34:31.635 INFO [ContainerBackgroundProcessor[StandardEngine[Catalina]]] org.apache.catalina.core.StandardContext.reload Reloading Context with name [/test] is completed
17-Jan-2016 16:35:21.649 INFO [ContainerBackgroundProcessor[StandardEngine[Catalina]]] org.apache.catalina.startup.HostConfig.reload Reloading context [/test]
17-Jan-2016 16:35:21.650 INFO [ContainerBackgroundProcessor[StandardEngine[Catalina]]] org.apache.catalina.core.StandardContext.reload Reloading Context with name [/test] has started
17-Jan-2016 16:35:21.771 INFO [ContainerBackgroundProcessor[StandardEngine[Catalina]]] org.apache.catalina.core.StandardContext.reload Reloading Context with name [/test] is completed
17-Jan-2016 16:38:31.808 INFO [ContainerBackgroundProcessor[StandardEngine[Catalina]]] org.apache.catalina.startup.HostConfig.reload Reloading context [/test]
17-Jan-2016 16:38:31.809 INFO [ContainerBackgroundProcessor[StandardEngine[Catalina]]] org.apache.catalina.core.StandardContext.reload Reloading Context with name [/test] has started
17-Jan-2016 16:38:31.861 INFO [ContainerBackgroundProcessor[StandardEngine[Catalina]]] org.apache.catalina.core.StandardContext.reload Reloading Context with name [/test] is completed
17-Jan-2016 16:42:42.860 INFO [main] org.apache.catalina.core.StandardServer.await A valid shutdown command was received via the shutdown port. Stopping the Server instance.
17-Jan-2016 16:42:42.861 INFO [main] org.apache.coyote.AbstractProtocol.pause Pausing ProtocolHandler ["http-apr-8080"]
17-Jan-2016 16:42:42.916 INFO [main] org.apache.coyote.AbstractProtocol.pause Pausing ProtocolHandler ["ajp-apr-8009"]
17-Jan-2016 16:42:42.967 INFO [main] org.apache.catalina.core.StandardService.stopInternal Stopping service Catalina
17-Jan-2016 16:42:43.015 INFO [main] org.apache.coyote.AbstractProtocol.stop Stopping ProtocolHandler ["http-apr-8080"]
17-Jan-2016 16:42:43.069 INFO [main] org.apache.coyote.AbstractProtocol.stop Stopping ProtocolHandler ["ajp-apr-8009"]
17-Jan-2016 16:42:43.123 INFO [main] org.apache.coyote.AbstractProtocol.destroy Destroying ProtocolHandler ["http-apr-8080"]
17-Jan-2016 16:42:43.123 INFO [main] org.apache.coyote.AbstractProtocol.destroy Destroying ProtocolHandler ["ajp-apr-8009"]
17-Jan-2016 16:42:48.088 INFO [main] org.apache.catalina.startup.VersionLoggerListener.log Server version:        Apache Tomcat/9.0.0.M1
17-Jan-2016 16:42:48.090 INFO [main] org.apache.catalina.startup.VersionLoggerListener.log Server built:          Nov 12 2015 22:05:52 UTC
17-Jan-2016 16:42:48.091 INFO [main] org.apache.catalina.startup.VersionLoggerListener.log Server number:         9.0.0.0
17-Jan-2016 16:42:48.091 INFO [main] org.apache.catalina.startup.VersionLoggerListener.log OS Name:               Windows 8.1
17-Jan-2016 16:42:48.092 INFO [main] org.apache.catalina.startup.VersionLoggerListener.log OS Version:            6.3
17-Jan-2016 16:42:48.092 INFO [main] org.apache.catalina.startup.VersionLoggerListener.log Architecture:          amd64
17-Jan-2016 16:42:48.093 INFO [main] org.apache.catalina.startup.VersionLoggerListener.log Java Home:             C:\Program Files\Java\jdk1.8.0_20\jre
17-Jan-2016 16:42:48.093 INFO [main] org.apache.catalina.startup.VersionLoggerListener.log JVM Version:           1.8.0_20-b26
17-Jan-2016 16:42:48.094 INFO [main] org.apache.catalina.startup.VersionLoggerListener.log JVM Vendor:            Oracle Corporation
17-Jan-2016 16:42:48.094 INFO [main] org.apache.catalina.startup.VersionLoggerListener.log CATALINA_BASE:         D:\tomcat9.0.0.M1
17-Jan-2016 16:42:48.095 INFO [main] org.apache.catalina.startup.VersionLoggerListener.log CATALINA_HOME:         D:\tomcat9.0.0.M1
17-Jan-2016 16:42:48.095 INFO [main] org.apache.catalina.startup.VersionLoggerListener.log Command line argument: -Djava.util.logging.config.file=D:\tomcat9.0.0.M1\conf\logging.properties
17-Jan-2016 16:42:48.096 INFO [main] org.apache.catalina.startup.VersionLoggerListener.log Command line argument: -Djava.util.logging.manager=org.apache.juli.ClassLoaderLogManager
17-Jan-2016 16:42:48.099 INFO [main] org.apache.catalina.startup.VersionLoggerListener.log Command line argument: -Dcatalina.base=D:\tomcat9.0.0.M1
17-Jan-2016 16:42:48.100 INFO [main] org.apache.catalina.startup.VersionLoggerListener.log Command line argument: -Dcatalina.home=D:\tomcat9.0.0.M1
17-Jan-2016 16:42:48.101 INFO [main] org.apache.catalina.startup.VersionLoggerListener.log Command line argument: -Djava.io.tmpdir=D:\tomcat9.0.0.M1\temp
17-Jan-2016 16:42:48.102 INFO [main] org.apache.catalina.core.AprLifecycleListener.lifecycleEvent Loaded APR based Apache Tomcat Native library 1.2.2 using APR version 1.5.1.
17-Jan-2016 16:42:48.104 INFO [main] org.apache.catalina.core.AprLifecycleListener.lifecycleEvent APR capabilities: IPv6 [true], sendfile [true], accept filters [false], random [true].
17-Jan-2016 16:42:48.866 INFO [main] org.apache.catalina.core.AprLifecycleListener.initializeSSL OpenSSL successfully initialized (OpenSSL 1.0.2d 9 Jul 2015)
17-Jan-2016 16:42:49.040 INFO [main] org.apache.coyote.AbstractProtocol.init Initializing ProtocolHandler ["http-apr-8080"]
17-Jan-2016 16:42:49.054 INFO [main] org.apache.coyote.AbstractProtocol.init Initializing ProtocolHandler ["ajp-apr-8009"]
17-Jan-2016 16:42:49.057 INFO [main] org.apache.catalina.startup.Catalina.load Initialization processed in 1566 ms
17-Jan-2016 16:42:49.094 INFO [main] org.apache.catalina.core.StandardService.startInternal Starting service Catalina
17-Jan-2016 16:42:49.095 INFO [main] org.apache.catalina.core.StandardEngine.startInternal Starting Servlet Engine: Apache Tomcat/9.0.0.M1
17-Jan-2016 16:42:49.124 INFO [localhost-startStop-1] org.apache.catalina.startup.HostConfig.deployDirectory Deploying web application directory D:\tomcat9.0.0.M1\webapps\docs
17-Jan-2016 16:42:49.686 INFO [localhost-startStop-1] org.apache.catalina.util.SessionIdGeneratorBase.createSecureRandom Creation of SecureRandom instance for session ID generation using [SHA1PRNG] took [164] milliseconds.
17-Jan-2016 16:42:49.712 INFO [localhost-startStop-1] org.apache.catalina.startup.HostConfig.deployDirectory Deployment of web application directory D:\tomcat9.0.0.M1\webapps\docs has finished in 588 ms
17-Jan-2016 16:42:49.714 INFO [localhost-startStop-1] org.apache.catalina.startup.HostConfig.deployDirectory Deploying web application directory D:\tomcat9.0.0.M1\webapps\examples
17-Jan-2016 16:42:50.240 INFO [localhost-startStop-1] org.apache.catalina.startup.HostConfig.deployDirectory Deployment of web application directory D:\tomcat9.0.0.M1\webapps\examples has finished in 526 ms
17-Jan-2016 16:42:50.242 INFO [localhost-startStop-1] org.apache.catalina.startup.HostConfig.deployDirectory Deploying web application directory D:\tomcat9.0.0.M1\webapps\host-manager
17-Jan-2016 16:42:50.306 INFO [localhost-startStop-1] org.apache.catalina.startup.HostConfig.deployDirectory Deployment of web application directory D:\tomcat9.0.0.M1\webapps\host-manager has finished in 64 ms
17-Jan-2016 16:42:50.308 INFO [localhost-startStop-1] org.apache.catalina.startup.HostConfig.deployDirectory Deploying web application directory D:\tomcat9.0.0.M1\webapps\manager
17-Jan-2016 16:42:50.381 INFO [localhost-startStop-1] org.apache.catalina.startup.HostConfig.deployDirectory Deployment of web application directory D:\tomcat9.0.0.M1\webapps\manager has finished in 73 ms
17-Jan-2016 16:42:50.383 INFO [localhost-startStop-1] org.apache.catalina.startup.HostConfig.deployDirectory Deploying web application directory D:\tomcat9.0.0.M1\webapps\ROOT
17-Jan-2016 16:42:50.415 INFO [localhost-startStop-1] org.apache.catalina.startup.HostConfig.deployDirectory Deployment of web application directory D:\tomcat9.0.0.M1\webapps\ROOT has finished in 32 ms
17-Jan-2016 16:42:50.417 INFO [localhost-startStop-1] org.apache.catalina.startup.HostConfig.deployDirectory Deploying web application directory D:\tomcat9.0.0.M1\webapps\test
17-Jan-2016 16:42:50.503 INFO [localhost-startStop-1] org.apache.catalina.startup.HostConfig.deployDirectory Deployment of web application directory D:\tomcat9.0.0.M1\webapps\test has finished in 85 ms
17-Jan-2016 16:42:50.511 INFO [main] org.apache.coyote.AbstractProtocol.start Starting ProtocolHandler [http-apr-8080]
17-Jan-2016 16:42:50.538 INFO [main] org.apache.coyote.AbstractProtocol.start Starting ProtocolHandler [ajp-apr-8009]
17-Jan-2016 16:42:50.563 INFO [main] org.apache.catalina.startup.Catalina.start Server startup in 1504 ms
17-Jan-2016 16:44:43.926 INFO [main] org.apache.catalina.core.StandardServer.await A valid shutdown command was received via the shutdown port. Stopping the Server instance.
17-Jan-2016 16:44:43.929 INFO [main] org.apache.coyote.AbstractProtocol.pause Pausing ProtocolHandler ["http-apr-8080"]
17-Jan-2016 16:44:43.989 INFO [main] org.apache.coyote.AbstractProtocol.pause Pausing ProtocolHandler ["ajp-apr-8009"]
17-Jan-2016 16:44:44.040 INFO [main] org.apache.catalina.core.StandardService.stopInternal Stopping service Catalina
17-Jan-2016 16:44:44.121 INFO [main] org.apache.coyote.AbstractProtocol.stop Stopping ProtocolHandler ["http-apr-8080"]
17-Jan-2016 16:44:44.193 INFO [main] org.apache.coyote.AbstractProtocol.stop Stopping ProtocolHandler ["ajp-apr-8009"]
17-Jan-2016 16:44:44.246 INFO [main] org.apache.coyote.AbstractProtocol.destroy Destroying ProtocolHandler ["http-apr-8080"]
17-Jan-2016 16:44:44.248 INFO [main] org.apache.coyote.AbstractProtocol.destroy Destroying ProtocolHandler ["ajp-apr-8009"]
17-Jan-2016 16:44:48.692 INFO [main] org.apache.catalina.startup.VersionLoggerListener.log Server version:        Apache Tomcat/9.0.0.M1
17-Jan-2016 16:44:48.695 INFO [main] org.apache.catalina.startup.VersionLoggerListener.log Server built:          Nov 12 2015 22:05:52 UTC
17-Jan-2016 16:44:48.695 INFO [main] org.apache.catalina.startup.VersionLoggerListener.log Server number:         9.0.0.0
17-Jan-2016 16:44:48.696 INFO [main] org.apache.catalina.startup.VersionLoggerListener.log OS Name:               Windows 8.1
17-Jan-2016 16:44:48.696 INFO [main] org.apache.catalina.startup.VersionLoggerListener.log OS Version:            6.3
17-Jan-2016 16:44:48.696 INFO [main] org.apache.catalina.startup.VersionLoggerListener.log Architecture:          amd64
17-Jan-2016 16:44:48.697 INFO [main] org.apache.catalina.startup.VersionLoggerListener.log Java Home:             C:\Program Files\Java\jdk1.8.0_20\jre
17-Jan-2016 16:44:48.697 INFO [main] org.apache.catalina.startup.VersionLoggerListener.log JVM Version:           1.8.0_20-b26
17-Jan-2016 16:44:48.698 INFO [main] org.apache.catalina.startup.VersionLoggerListener.log JVM Vendor:            Oracle Corporation
17-Jan-2016 16:44:48.698 INFO [main] org.apache.catalina.startup.VersionLoggerListener.log CATALINA_BASE:         D:\tomcat9.0.0.M1
17-Jan-2016 16:44:48.699 INFO [main] org.apache.catalina.startup.VersionLoggerListener.log CATALINA_HOME:         D:\tomcat9.0.0.M1
17-Jan-2016 16:44:48.700 INFO [main] org.apache.catalina.startup.VersionLoggerListener.log Command line argument: -Djava.util.logging.config.file=D:\tomcat9.0.0.M1\conf\logging.properties
17-Jan-2016 16:44:48.701 INFO [main] org.apache.catalina.startup.VersionLoggerListener.log Command line argument: -Djava.util.logging.manager=org.apache.juli.ClassLoaderLogManager
17-Jan-2016 16:44:48.703 INFO [main] org.apache.catalina.startup.VersionLoggerListener.log Command line argument: -Dcatalina.base=D:\tomcat9.0.0.M1
17-Jan-2016 16:44:48.704 INFO [main] org.apache.catalina.startup.VersionLoggerListener.log Command line argument: -Dcatalina.home=D:\tomcat9.0.0.M1
17-Jan-2016 16:44:48.706 INFO [main] org.apache.catalina.startup.VersionLoggerListener.log Command line argument: -Djava.io.tmpdir=D:\tomcat9.0.0.M1\temp
17-Jan-2016 16:44:48.707 INFO [main] org.apache.catalina.core.AprLifecycleListener.lifecycleEvent Loaded APR based Apache Tomcat Native library 1.2.2 using APR version 1.5.1.
17-Jan-2016 16:44:48.709 INFO [main] org.apache.catalina.core.AprLifecycleListener.lifecycleEvent APR capabilities: IPv6 [true], sendfile [true], accept filters [false], random [true].
17-Jan-2016 16:44:49.666 INFO [main] org.apache.catalina.core.AprLifecycleListener.initializeSSL OpenSSL successfully initialized (OpenSSL 1.0.2d 9 Jul 2015)
17-Jan-2016 16:44:49.854 INFO [main] org.apache.coyote.AbstractProtocol.init Initializing ProtocolHandler ["http-apr-8080"]
17-Jan-2016 16:44:49.867 INFO [main] org.apache.coyote.AbstractProtocol.init Initializing ProtocolHandler ["ajp-apr-8009"]
17-Jan-2016 16:44:49.869 INFO [main] org.apache.catalina.startup.Catalina.load Initialization processed in 1817 ms
17-Jan-2016 16:44:49.910 INFO [main] org.apache.catalina.core.StandardService.startInternal Starting service Catalina
17-Jan-2016 16:44:49.912 INFO [main] org.apache.catalina.core.StandardEngine.startInternal Starting Servlet Engine: Apache Tomcat/9.0.0.M1
17-Jan-2016 16:44:49.941 INFO [localhost-startStop-1] org.apache.catalina.startup.HostConfig.deployDirectory Deploying web application directory D:\tomcat9.0.0.M1\webapps\docs
17-Jan-2016 16:44:50.454 INFO [localhost-startStop-1] org.apache.catalina.util.SessionIdGeneratorBase.createSecureRandom Creation of SecureRandom instance for session ID generation using [SHA1PRNG] took [155] milliseconds.
17-Jan-2016 16:44:50.480 INFO [localhost-startStop-1] org.apache.catalina.startup.HostConfig.deployDirectory Deployment of web application directory D:\tomcat9.0.0.M1\webapps\docs has finished in 539 ms
17-Jan-2016 16:44:50.483 INFO [localhost-startStop-1] org.apache.catalina.startup.HostConfig.deployDirectory Deploying web application directory D:\tomcat9.0.0.M1\webapps\examples
17-Jan-2016 16:44:51.005 INFO [localhost-startStop-1] org.apache.catalina.startup.HostConfig.deployDirectory Deployment of web application directory D:\tomcat9.0.0.M1\webapps\examples has finished in 523 ms
17-Jan-2016 16:44:51.007 INFO [localhost-startStop-1] org.apache.catalina.startup.HostConfig.deployDirectory Deploying web application directory D:\tomcat9.0.0.M1\webapps\host-manager
17-Jan-2016 16:44:51.058 INFO [localhost-startStop-1] org.apache.catalina.startup.HostConfig.deployDirectory Deployment of web application directory D:\tomcat9.0.0.M1\webapps\host-manager has finished in 51 ms
17-Jan-2016 16:44:51.060 INFO [localhost-startStop-1] org.apache.catalina.startup.HostConfig.deployDirectory Deploying web application directory D:\tomcat9.0.0.M1\webapps\manager
17-Jan-2016 16:44:51.118 INFO [localhost-startStop-1] org.apache.catalina.startup.HostConfig.deployDirectory Deployment of web application directory D:\tomcat9.0.0.M1\webapps\manager has finished in 58 ms
17-Jan-2016 16:44:51.119 INFO [localhost-startStop-1] org.apache.catalina.startup.HostConfig.deployDirectory Deploying web application directory D:\tomcat9.0.0.M1\webapps\ROOT
17-Jan-2016 16:44:51.150 INFO [localhost-startStop-1] org.apache.catalina.startup.HostConfig.deployDirectory Deployment of web application directory D:\tomcat9.0.0.M1\webapps\ROOT has finished in 30 ms
17-Jan-2016 16:44:51.151 INFO [localhost-startStop-1] org.apache.catalina.startup.HostConfig.deployDirectory Deploying web application directory D:\tomcat9.0.0.M1\webapps\test
17-Jan-2016 16:44:51.219 INFO [localhost-startStop-1] org.apache.catalina.startup.HostConfig.deployDirectory Deployment of web application directory D:\tomcat9.0.0.M1\webapps\test has finished in 67 ms
17-Jan-2016 16:44:51.229 INFO [main] org.apache.coyote.AbstractProtocol.start Starting ProtocolHandler [http-apr-8080]
17-Jan-2016 16:44:51.254 INFO [main] org.apache.coyote.AbstractProtocol.start Starting ProtocolHandler [ajp-apr-8009]
17-Jan-2016 16:44:51.279 INFO [main] org.apache.catalina.startup.Catalina.start Server startup in 1409 ms
17-Jan-2016 17:05:18.431 INFO [main] org.apache.catalina.core.StandardServer.await A valid shutdown command was received via the shutdown port. Stopping the Server instance.
17-Jan-2016 17:05:18.434 INFO [main] org.apache.coyote.AbstractProtocol.pause Pausing ProtocolHandler ["http-apr-8080"]
17-Jan-2016 17:05:18.493 INFO [main] org.apache.coyote.AbstractProtocol.pause Pausing ProtocolHandler ["ajp-apr-8009"]
17-Jan-2016 17:05:18.545 INFO [main] org.apache.catalina.core.StandardService.stopInternal Stopping service Catalina
17-Jan-2016 17:05:18.584 INFO [main] org.apache.coyote.AbstractProtocol.stop Stopping ProtocolHandler ["http-apr-8080"]
17-Jan-2016 17:05:18.640 INFO [main] org.apache.coyote.AbstractProtocol.stop Stopping ProtocolHandler ["ajp-apr-8009"]
17-Jan-2016 17:05:18.693 INFO [main] org.apache.coyote.AbstractProtocol.destroy Destroying ProtocolHandler ["http-apr-8080"]
17-Jan-2016 17:05:18.694 INFO [main] org.apache.coyote.AbstractProtocol.destroy Destroying ProtocolHandler ["ajp-apr-8009"]
17-Jan-2016 23:37:40.912 INFO [main] org.apache.catalina.startup.VersionLoggerListener.log Server version:        Apache Tomcat/9.0.0.M1
17-Jan-2016 23:37:40.922 INFO [main] org.apache.catalina.startup.VersionLoggerListener.log Server built:          Nov 12 2015 22:05:52 UTC
17-Jan-2016 23:37:40.923 INFO [main] org.apache.catalina.startup.VersionLoggerListener.log Server number:         9.0.0.0
17-Jan-2016 23:37:40.923 INFO [main] org.apache.catalina.startup.VersionLoggerListener.log OS Name:               Windows 8.1
17-Jan-2016 23:37:40.923 INFO [main] org.apache.catalina.startup.VersionLoggerListener.log OS Version:            6.3
17-Jan-2016 23:37:40.923 INFO [main] org.apache.catalina.startup.VersionLoggerListener.log Architecture:          amd64
17-Jan-2016 23:37:40.924 INFO [main] org.apache.catalina.startup.VersionLoggerListener.log Java Home:             C:\Program Files\Java\jdk1.8.0_20\jre
17-Jan-2016 23:37:40.924 INFO [main] org.apache.catalina.startup.VersionLoggerListener.log JVM Version:           1.8.0_20-b26
17-Jan-2016 23:37:40.924 INFO [main] org.apache.catalina.startup.VersionLoggerListener.log JVM Vendor:            Oracle Corporation
17-Jan-2016 23:37:40.924 INFO [main] org.apache.catalina.startup.VersionLoggerListener.log CATALINA_BASE:         D:\tomcat9.0.0.M1
17-Jan-2016 23:37:40.925 INFO [main] org.apache.catalina.startup.VersionLoggerListener.log CATALINA_HOME:         D:\tomcat9.0.0.M1
17-Jan-2016 23:37:40.925 INFO [main] org.apache.catalina.startup.VersionLoggerListener.log Command line argument: -Djava.util.logging.config.file=D:\tomcat9.0.0.M1\conf\logging.properties
17-Jan-2016 23:37:40.968 INFO [main] org.apache.catalina.startup.VersionLoggerListener.log Command line argument: -Djava.util.logging.manager=org.apache.juli.ClassLoaderLogManager
17-Jan-2016 23:37:40.969 INFO [main] org.apache.catalina.startup.VersionLoggerListener.log Command line argument: -Dcatalina.base=D:\tomcat9.0.0.M1
17-Jan-2016 23:37:40.970 INFO [main] org.apache.catalina.startup.VersionLoggerListener.log Command line argument: -Dcatalina.home=D:\tomcat9.0.0.M1
17-Jan-2016 23:37:40.972 INFO [main] org.apache.catalina.startup.VersionLoggerListener.log Command line argument: -Djava.io.tmpdir=D:\tomcat9.0.0.M1\temp
17-Jan-2016 23:37:40.973 INFO [main] org.apache.catalina.core.AprLifecycleListener.lifecycleEvent Loaded APR based Apache Tomcat Native library 1.2.2 using APR version 1.5.1.
17-Jan-2016 23:37:40.974 INFO [main] org.apache.catalina.core.AprLifecycleListener.lifecycleEvent APR capabilities: IPv6 [true], sendfile [true], accept filters [false], random [true].
17-Jan-2016 23:37:41.973 INFO [main] org.apache.catalina.core.AprLifecycleListener.initializeSSL OpenSSL successfully initialized (OpenSSL 1.0.2d 9 Jul 2015)
17-Jan-2016 23:37:42.402 INFO [main] org.apache.coyote.AbstractProtocol.init Initializing ProtocolHandler ["http-apr-8080"]
17-Jan-2016 23:37:42.452 INFO [main] org.apache.coyote.AbstractProtocol.init Initializing ProtocolHandler ["ajp-apr-8009"]
17-Jan-2016 23:37:42.456 INFO [main] org.apache.catalina.startup.Catalina.load Initialization processed in 2849 ms
17-Jan-2016 23:37:42.604 INFO [main] org.apache.catalina.core.StandardService.startInternal Starting service Catalina
17-Jan-2016 23:37:42.606 INFO [main] org.apache.catalina.core.StandardEngine.startInternal Starting Servlet Engine: Apache Tomcat/9.0.0.M1
17-Jan-2016 23:37:42.671 INFO [localhost-startStop-1] org.apache.catalina.startup.HostConfig.deployDirectory Deploying web application directory D:\tomcat9.0.0.M1\webapps\docs
17-Jan-2016 23:37:43.510 INFO [localhost-startStop-1] org.apache.catalina.util.SessionIdGeneratorBase.createSecureRandom Creation of SecureRandom instance for session ID generation using [SHA1PRNG] took [139] milliseconds.
17-Jan-2016 23:37:43.557 INFO [localhost-startStop-1] org.apache.catalina.startup.HostConfig.deployDirectory Deployment of web application directory D:\tomcat9.0.0.M1\webapps\docs has finished in 887 ms
17-Jan-2016 23:37:43.558 INFO [localhost-startStop-1] org.apache.catalina.startup.HostConfig.deployDirectory Deploying web application directory D:\tomcat9.0.0.M1\webapps\examples
17-Jan-2016 23:37:44.352 INFO [localhost-startStop-1] org.apache.catalina.startup.HostConfig.deployDirectory Deployment of web application directory D:\tomcat9.0.0.M1\webapps\examples has finished in 793 ms
17-Jan-2016 23:37:44.353 INFO [localhost-startStop-1] org.apache.catalina.startup.HostConfig.deployDirectory Deploying web application directory D:\tomcat9.0.0.M1\webapps\host-manager
17-Jan-2016 23:37:44.397 INFO [localhost-startStop-1] org.apache.catalina.startup.HostConfig.deployDirectory Deployment of web application directory D:\tomcat9.0.0.M1\webapps\host-manager has finished in 44 ms
17-Jan-2016 23:37:44.399 INFO [localhost-startStop-1] org.apache.catalina.startup.HostConfig.deployDirectory Deploying web application directory D:\tomcat9.0.0.M1\webapps\manager
17-Jan-2016 23:37:44.480 INFO [localhost-startStop-1] org.apache.catalina.startup.HostConfig.deployDirectory Deployment of web application directory D:\tomcat9.0.0.M1\webapps\manager has finished in 81 ms
17-Jan-2016 23:37:44.482 INFO [localhost-startStop-1] org.apache.catalina.startup.HostConfig.deployDirectory Deploying web application directory D:\tomcat9.0.0.M1\webapps\ROOT
17-Jan-2016 23:37:44.550 INFO [localhost-startStop-1] org.apache.catalina.startup.HostConfig.deployDirectory Deployment of web application directory D:\tomcat9.0.0.M1\webapps\ROOT has finished in 68 ms
17-Jan-2016 23:37:44.551 INFO [localhost-startStop-1] org.apache.catalina.startup.HostConfig.deployDirectory Deploying web application directory D:\tomcat9.0.0.M1\webapps\test
17-Jan-2016 23:37:44.742 INFO [localhost-startStop-1] org.apache.catalina.startup.HostConfig.deployDirectory Deployment of web application directory D:\tomcat9.0.0.M1\webapps\test has finished in 191 ms
17-Jan-2016 23:37:44.750 INFO [main] org.apache.coyote.AbstractProtocol.start Starting ProtocolHandler [http-apr-8080]
17-Jan-2016 23:37:44.837 INFO [main] org.apache.coyote.AbstractProtocol.start Starting ProtocolHandler [ajp-apr-8009]
17-Jan-2016 23:37:44.847 INFO [main] org.apache.catalina.startup.Catalina.start Server startup in 2389 ms
17-Jan-2016 23:50:44.507 INFO [main] org.apache.catalina.core.StandardServer.await A valid shutdown command was received via the shutdown port. Stopping the Server instance.
17-Jan-2016 23:50:44.510 INFO [main] org.apache.coyote.AbstractProtocol.pause Pausing ProtocolHandler ["http-apr-8080"]
17-Jan-2016 23:50:44.569 INFO [main] org.apache.coyote.AbstractProtocol.pause Pausing ProtocolHandler ["ajp-apr-8009"]
17-Jan-2016 23:50:44.622 INFO [main] org.apache.catalina.core.StandardService.stopInternal Stopping service Catalina
17-Jan-2016 23:50:44.714 INFO [main] org.apache.coyote.AbstractProtocol.stop Stopping ProtocolHandler ["http-apr-8080"]
17-Jan-2016 23:50:44.768 INFO [main] org.apache.coyote.AbstractProtocol.stop Stopping ProtocolHandler ["ajp-apr-8009"]
17-Jan-2016 23:50:44.822 INFO [main] org.apache.coyote.AbstractProtocol.destroy Destroying ProtocolHandler ["http-apr-8080"]
17-Jan-2016 23:50:44.823 INFO [main] org.apache.coyote.AbstractProtocol.destroy Destroying ProtocolHandler ["ajp-apr-8009"]
