14-Jan-2016 14:19:22.963 INFO [main] org.apache.catalina.startup.VersionLoggerListener.log Server version:        Apache Tomcat/9.0.0.M1
14-Jan-2016 14:19:22.966 INFO [main] org.apache.catalina.startup.VersionLoggerListener.log Server built:          Nov 12 2015 22:05:52 UTC
14-Jan-2016 14:19:22.967 INFO [main] org.apache.catalina.startup.VersionLoggerListener.log Server number:         9.0.0.0
14-Jan-2016 14:19:22.968 INFO [main] org.apache.catalina.startup.VersionLoggerListener.log OS Name:               Windows 8.1
14-Jan-2016 14:19:22.968 INFO [main] org.apache.catalina.startup.VersionLoggerListener.log OS Version:            6.3
14-Jan-2016 14:19:22.968 INFO [main] org.apache.catalina.startup.VersionLoggerListener.log Architecture:          amd64
14-Jan-2016 14:19:22.969 INFO [main] org.apache.catalina.startup.VersionLoggerListener.log Java Home:             C:\Program Files\Java\jdk1.8.0_20\jre
14-Jan-2016 14:19:22.970 INFO [main] org.apache.catalina.startup.VersionLoggerListener.log JVM Version:           1.8.0_20-b26
14-Jan-2016 14:19:22.970 INFO [main] org.apache.catalina.startup.VersionLoggerListener.log JVM Vendor:            Oracle Corporation
14-Jan-2016 14:19:22.970 INFO [main] org.apache.catalina.startup.VersionLoggerListener.log CATALINA_BASE:         D:\tomcat9.0.0.M1
14-Jan-2016 14:19:22.971 INFO [main] org.apache.catalina.startup.VersionLoggerListener.log CATALINA_HOME:         D:\tomcat9.0.0.M1
14-Jan-2016 14:19:22.972 INFO [main] org.apache.catalina.startup.VersionLoggerListener.log Command line argument: -Djava.util.logging.config.file=D:\tomcat9.0.0.M1\conf\logging.properties
14-Jan-2016 14:19:22.973 INFO [main] org.apache.catalina.startup.VersionLoggerListener.log Command line argument: -Djava.util.logging.manager=org.apache.juli.ClassLoaderLogManager
14-Jan-2016 14:19:22.975 INFO [main] org.apache.catalina.startup.VersionLoggerListener.log Command line argument: -Dcatalina.base=D:\tomcat9.0.0.M1
14-Jan-2016 14:19:22.977 INFO [main] org.apache.catalina.startup.VersionLoggerListener.log Command line argument: -Dcatalina.home=D:\tomcat9.0.0.M1
14-Jan-2016 14:19:22.979 INFO [main] org.apache.catalina.startup.VersionLoggerListener.log Command line argument: -Djava.io.tmpdir=D:\tomcat9.0.0.M1\temp
14-Jan-2016 14:19:22.981 INFO [main] org.apache.catalina.core.AprLifecycleListener.lifecycleEvent Loaded APR based Apache Tomcat Native library 1.2.2 using APR version 1.5.1.
14-Jan-2016 14:19:22.982 INFO [main] org.apache.catalina.core.AprLifecycleListener.lifecycleEvent APR capabilities: IPv6 [true], sendfile [true], accept filters [false], random [true].
14-Jan-2016 14:19:24.098 INFO [main] org.apache.catalina.core.AprLifecycleListener.initializeSSL OpenSSL successfully initialized (OpenSSL 1.0.2d 9 Jul 2015)
14-Jan-2016 14:19:24.400 INFO [main] org.apache.coyote.AbstractProtocol.init Initializing ProtocolHandler ["http-apr-8080"]
14-Jan-2016 14:19:24.443 INFO [main] org.apache.coyote.AbstractProtocol.init Initializing ProtocolHandler ["ajp-apr-8009"]
14-Jan-2016 14:19:24.447 INFO [main] org.apache.catalina.startup.Catalina.load Initialization processed in 2207 ms
14-Jan-2016 14:19:24.499 INFO [main] org.apache.catalina.core.StandardService.startInternal Starting service Catalina
14-Jan-2016 14:19:24.501 INFO [main] org.apache.catalina.core.StandardEngine.startInternal Starting Servlet Engine: Apache Tomcat/9.0.0.M1
14-Jan-2016 14:19:24.675 INFO [localhost-startStop-1] org.apache.catalina.startup.HostConfig.deployDirectory Deploying web application directory D:\tomcat9.0.0.M1\webapps\docs
14-Jan-2016 14:19:25.498 INFO [localhost-startStop-1] org.apache.catalina.util.SessionIdGeneratorBase.createSecureRandom Creation of SecureRandom instance for session ID generation using [SHA1PRNG] took [350] milliseconds.
14-Jan-2016 14:19:25.540 INFO [localhost-startStop-1] org.apache.catalina.startup.HostConfig.deployDirectory Deployment of web application directory D:\tomcat9.0.0.M1\webapps\docs has finished in 865 ms
14-Jan-2016 14:19:25.541 INFO [localhost-startStop-1] org.apache.catalina.startup.HostConfig.deployDirectory Deploying web application directory D:\tomcat9.0.0.M1\webapps\examples
14-Jan-2016 14:19:26.282 INFO [localhost-startStop-1] org.apache.catalina.startup.HostConfig.deployDirectory Deployment of web application directory D:\tomcat9.0.0.M1\webapps\examples has finished in 741 ms
14-Jan-2016 14:19:26.285 INFO [localhost-startStop-1] org.apache.catalina.startup.HostConfig.deployDirectory Deploying web application directory D:\tomcat9.0.0.M1\webapps\host-manager
14-Jan-2016 14:19:26.387 INFO [localhost-startStop-1] org.apache.catalina.startup.HostConfig.deployDirectory Deployment of web application directory D:\tomcat9.0.0.M1\webapps\host-manager has finished in 102 ms
14-Jan-2016 14:19:26.389 INFO [localhost-startStop-1] org.apache.catalina.startup.HostConfig.deployDirectory Deploying web application directory D:\tomcat9.0.0.M1\webapps\manager
14-Jan-2016 14:19:26.466 INFO [localhost-startStop-1] org.apache.catalina.startup.HostConfig.deployDirectory Deployment of web application directory D:\tomcat9.0.0.M1\webapps\manager has finished in 77 ms
14-Jan-2016 14:19:26.468 INFO [localhost-startStop-1] org.apache.catalina.startup.HostConfig.deployDirectory Deploying web application directory D:\tomcat9.0.0.M1\webapps\ROOT
14-Jan-2016 14:19:26.577 INFO [localhost-startStop-1] org.apache.catalina.startup.HostConfig.deployDirectory Deployment of web application directory D:\tomcat9.0.0.M1\webapps\ROOT has finished in 109 ms
14-Jan-2016 14:19:26.578 INFO [localhost-startStop-1] org.apache.catalina.startup.HostConfig.deployDirectory Deploying web application directory D:\tomcat9.0.0.M1\webapps\test
14-Jan-2016 14:19:26.672 INFO [localhost-startStop-1] org.apache.catalina.startup.HostConfig.deployDirectory Deployment of web application directory D:\tomcat9.0.0.M1\webapps\test has finished in 93 ms
14-Jan-2016 14:19:26.742 INFO [main] org.apache.coyote.AbstractProtocol.start Starting ProtocolHandler [http-apr-8080]
14-Jan-2016 14:19:26.809 INFO [main] org.apache.coyote.AbstractProtocol.start Starting ProtocolHandler [ajp-apr-8009]
14-Jan-2016 14:19:26.829 INFO [main] org.apache.catalina.startup.Catalina.start Server startup in 2381 ms
14-Jan-2016 14:22:26.887 INFO [ContainerBackgroundProcessor[StandardEngine[Catalina]]] org.apache.catalina.startup.HostConfig.reload Reloading context [/test]
14-Jan-2016 14:22:26.895 INFO [ContainerBackgroundProcessor[StandardEngine[Catalina]]] org.apache.catalina.core.StandardContext.reload Reloading Context with name [/test] has started
14-Jan-2016 14:22:27.140 INFO [ContainerBackgroundProcessor[StandardEngine[Catalina]]] org.apache.catalina.core.StandardContext.reload Reloading Context with name [/test] is completed
14-Jan-2016 14:23:33.066 INFO [main] org.apache.catalina.core.StandardServer.await A valid shutdown command was received via the shutdown port. Stopping the Server instance.
14-Jan-2016 14:23:33.095 INFO [main] org.apache.coyote.AbstractProtocol.pause Pausing ProtocolHandler ["http-apr-8080"]
14-Jan-2016 14:23:33.156 INFO [main] org.apache.coyote.AbstractProtocol.pause Pausing ProtocolHandler ["ajp-apr-8009"]
14-Jan-2016 14:23:33.209 INFO [main] org.apache.catalina.core.StandardService.stopInternal Stopping service Catalina
14-Jan-2016 14:23:33.389 INFO [main] org.apache.coyote.AbstractProtocol.stop Stopping ProtocolHandler ["http-apr-8080"]
14-Jan-2016 14:23:33.471 INFO [main] org.apache.coyote.AbstractProtocol.stop Stopping ProtocolHandler ["ajp-apr-8009"]
14-Jan-2016 14:23:33.529 INFO [main] org.apache.coyote.AbstractProtocol.destroy Destroying ProtocolHandler ["http-apr-8080"]
14-Jan-2016 14:23:33.532 INFO [main] org.apache.coyote.AbstractProtocol.destroy Destroying ProtocolHandler ["ajp-apr-8009"]
14-Jan-2016 14:23:37.569 INFO [main] org.apache.catalina.startup.VersionLoggerListener.log Server version:        Apache Tomcat/9.0.0.M1
14-Jan-2016 14:23:37.571 INFO [main] org.apache.catalina.startup.VersionLoggerListener.log Server built:          Nov 12 2015 22:05:52 UTC
14-Jan-2016 14:23:37.572 INFO [main] org.apache.catalina.startup.VersionLoggerListener.log Server number:         9.0.0.0
14-Jan-2016 14:23:37.572 INFO [main] org.apache.catalina.startup.VersionLoggerListener.log OS Name:               Windows 8.1
14-Jan-2016 14:23:37.573 INFO [main] org.apache.catalina.startup.VersionLoggerListener.log OS Version:            6.3
14-Jan-2016 14:23:37.573 INFO [main] org.apache.catalina.startup.VersionLoggerListener.log Architecture:          amd64
14-Jan-2016 14:23:37.574 INFO [main] org.apache.catalina.startup.VersionLoggerListener.log Java Home:             C:\Program Files\Java\jdk1.8.0_20\jre
14-Jan-2016 14:23:37.575 INFO [main] org.apache.catalina.startup.VersionLoggerListener.log JVM Version:           1.8.0_20-b26
14-Jan-2016 14:23:37.575 INFO [main] org.apache.catalina.startup.VersionLoggerListener.log JVM Vendor:            Oracle Corporation
14-Jan-2016 14:23:37.575 INFO [main] org.apache.catalina.startup.VersionLoggerListener.log CATALINA_BASE:         D:\tomcat9.0.0.M1
14-Jan-2016 14:23:37.576 INFO [main] org.apache.catalina.startup.VersionLoggerListener.log CATALINA_HOME:         D:\tomcat9.0.0.M1
14-Jan-2016 14:23:37.577 INFO [main] org.apache.catalina.startup.VersionLoggerListener.log Command line argument: -Djava.util.logging.config.file=D:\tomcat9.0.0.M1\conf\logging.properties
14-Jan-2016 14:23:37.578 INFO [main] org.apache.catalina.startup.VersionLoggerListener.log Command line argument: -Djava.util.logging.manager=org.apache.juli.ClassLoaderLogManager
14-Jan-2016 14:23:37.580 INFO [main] org.apache.catalina.startup.VersionLoggerListener.log Command line argument: -Dcatalina.base=D:\tomcat9.0.0.M1
14-Jan-2016 14:23:37.581 INFO [main] org.apache.catalina.startup.VersionLoggerListener.log Command line argument: -Dcatalina.home=D:\tomcat9.0.0.M1
14-Jan-2016 14:23:37.583 INFO [main] org.apache.catalina.startup.VersionLoggerListener.log Command line argument: -Djava.io.tmpdir=D:\tomcat9.0.0.M1\temp
14-Jan-2016 14:23:37.584 INFO [main] org.apache.catalina.core.AprLifecycleListener.lifecycleEvent Loaded APR based Apache Tomcat Native library 1.2.2 using APR version 1.5.1.
14-Jan-2016 14:23:37.587 INFO [main] org.apache.catalina.core.AprLifecycleListener.lifecycleEvent APR capabilities: IPv6 [true], sendfile [true], accept filters [false], random [true].
14-Jan-2016 14:23:38.646 INFO [main] org.apache.catalina.core.AprLifecycleListener.initializeSSL OpenSSL successfully initialized (OpenSSL 1.0.2d 9 Jul 2015)
14-Jan-2016 14:23:38.881 INFO [main] org.apache.coyote.AbstractProtocol.init Initializing ProtocolHandler ["http-apr-8080"]
14-Jan-2016 14:23:38.901 INFO [main] org.apache.coyote.AbstractProtocol.init Initializing ProtocolHandler ["ajp-apr-8009"]
14-Jan-2016 14:23:38.906 INFO [main] org.apache.catalina.startup.Catalina.load Initialization processed in 2033 ms
14-Jan-2016 14:23:38.960 INFO [main] org.apache.catalina.core.StandardService.startInternal Starting service Catalina
14-Jan-2016 14:23:38.961 INFO [main] org.apache.catalina.core.StandardEngine.startInternal Starting Servlet Engine: Apache Tomcat/9.0.0.M1
14-Jan-2016 14:23:39.069 INFO [localhost-startStop-1] org.apache.catalina.startup.HostConfig.deployDirectory Deploying web application directory D:\tomcat9.0.0.M1\webapps\docs
14-Jan-2016 14:23:39.710 INFO [localhost-startStop-1] org.apache.catalina.util.SessionIdGeneratorBase.createSecureRandom Creation of SecureRandom instance for session ID generation using [SHA1PRNG] took [215] milliseconds.
14-Jan-2016 14:23:39.740 INFO [localhost-startStop-1] org.apache.catalina.startup.HostConfig.deployDirectory Deployment of web application directory D:\tomcat9.0.0.M1\webapps\docs has finished in 671 ms
14-Jan-2016 14:23:39.742 INFO [localhost-startStop-1] org.apache.catalina.startup.HostConfig.deployDirectory Deploying web application directory D:\tomcat9.0.0.M1\webapps\examples
14-Jan-2016 14:23:40.336 INFO [localhost-startStop-1] org.apache.catalina.startup.HostConfig.deployDirectory Deployment of web application directory D:\tomcat9.0.0.M1\webapps\examples has finished in 594 ms
14-Jan-2016 14:23:40.338 INFO [localhost-startStop-1] org.apache.catalina.startup.HostConfig.deployDirectory Deploying web application directory D:\tomcat9.0.0.M1\webapps\host-manager
14-Jan-2016 14:23:40.398 INFO [localhost-startStop-1] org.apache.catalina.startup.HostConfig.deployDirectory Deployment of web application directory D:\tomcat9.0.0.M1\webapps\host-manager has finished in 60 ms
14-Jan-2016 14:23:40.399 INFO [localhost-startStop-1] org.apache.catalina.startup.HostConfig.deployDirectory Deploying web application directory D:\tomcat9.0.0.M1\webapps\manager
14-Jan-2016 14:23:40.481 INFO [localhost-startStop-1] org.apache.catalina.startup.HostConfig.deployDirectory Deployment of web application directory D:\tomcat9.0.0.M1\webapps\manager has finished in 82 ms
14-Jan-2016 14:23:40.482 INFO [localhost-startStop-1] org.apache.catalina.startup.HostConfig.deployDirectory Deploying web application directory D:\tomcat9.0.0.M1\webapps\ROOT
14-Jan-2016 14:23:40.514 INFO [localhost-startStop-1] org.apache.catalina.startup.HostConfig.deployDirectory Deployment of web application directory D:\tomcat9.0.0.M1\webapps\ROOT has finished in 31 ms
14-Jan-2016 14:23:40.515 INFO [localhost-startStop-1] org.apache.catalina.startup.HostConfig.deployDirectory Deploying web application directory D:\tomcat9.0.0.M1\webapps\test
14-Jan-2016 14:23:40.556 INFO [localhost-startStop-1] org.apache.catalina.startup.HostConfig.deployDirectory Deployment of web application directory D:\tomcat9.0.0.M1\webapps\test has finished in 40 ms
14-Jan-2016 14:23:40.562 INFO [main] org.apache.coyote.AbstractProtocol.start Starting ProtocolHandler [http-apr-8080]
14-Jan-2016 14:23:40.601 INFO [main] org.apache.coyote.AbstractProtocol.start Starting ProtocolHandler [ajp-apr-8009]
14-Jan-2016 14:23:40.630 INFO [main] org.apache.catalina.startup.Catalina.start Server startup in 1723 ms
14-Jan-2016 14:37:35.705 INFO [main] org.apache.catalina.core.StandardServer.await A valid shutdown command was received via the shutdown port. Stopping the Server instance.
14-Jan-2016 14:37:35.739 INFO [main] org.apache.coyote.AbstractProtocol.pause Pausing ProtocolHandler ["http-apr-8080"]
14-Jan-2016 14:37:35.786 INFO [main] org.apache.coyote.AbstractProtocol.pause Pausing ProtocolHandler ["ajp-apr-8009"]
14-Jan-2016 14:37:35.811 INFO [main] org.apache.catalina.core.StandardService.stopInternal Stopping service Catalina
14-Jan-2016 14:37:36.094 INFO [main] org.apache.coyote.AbstractProtocol.stop Stopping ProtocolHandler ["http-apr-8080"]
14-Jan-2016 14:37:36.188 INFO [main] org.apache.coyote.AbstractProtocol.stop Stopping ProtocolHandler ["ajp-apr-8009"]
14-Jan-2016 14:37:36.287 INFO [main] org.apache.coyote.AbstractProtocol.destroy Destroying ProtocolHandler ["http-apr-8080"]
14-Jan-2016 14:37:36.303 INFO [main] org.apache.coyote.AbstractProtocol.destroy Destroying ProtocolHandler ["ajp-apr-8009"]
14-Jan-2016 14:37:41.682 INFO [main] org.apache.catalina.startup.VersionLoggerListener.log Server version:        Apache Tomcat/9.0.0.M1
14-Jan-2016 14:37:41.685 INFO [main] org.apache.catalina.startup.VersionLoggerListener.log Server built:          Nov 12 2015 22:05:52 UTC
14-Jan-2016 14:37:41.686 INFO [main] org.apache.catalina.startup.VersionLoggerListener.log Server number:         9.0.0.0
14-Jan-2016 14:37:41.686 INFO [main] org.apache.catalina.startup.VersionLoggerListener.log OS Name:               Windows 8.1
14-Jan-2016 14:37:41.687 INFO [main] org.apache.catalina.startup.VersionLoggerListener.log OS Version:            6.3
14-Jan-2016 14:37:41.687 INFO [main] org.apache.catalina.startup.VersionLoggerListener.log Architecture:          amd64
14-Jan-2016 14:37:41.688 INFO [main] org.apache.catalina.startup.VersionLoggerListener.log Java Home:             C:\Program Files\Java\jdk1.8.0_20\jre
14-Jan-2016 14:37:41.688 INFO [main] org.apache.catalina.startup.VersionLoggerListener.log JVM Version:           1.8.0_20-b26
14-Jan-2016 14:37:41.689 INFO [main] org.apache.catalina.startup.VersionLoggerListener.log JVM Vendor:            Oracle Corporation
14-Jan-2016 14:37:41.689 INFO [main] org.apache.catalina.startup.VersionLoggerListener.log CATALINA_BASE:         D:\tomcat9.0.0.M1
14-Jan-2016 14:37:41.689 INFO [main] org.apache.catalina.startup.VersionLoggerListener.log CATALINA_HOME:         D:\tomcat9.0.0.M1
14-Jan-2016 14:37:41.690 INFO [main] org.apache.catalina.startup.VersionLoggerListener.log Command line argument: -Djava.util.logging.config.file=D:\tomcat9.0.0.M1\conf\logging.properties
14-Jan-2016 14:37:41.691 INFO [main] org.apache.catalina.startup.VersionLoggerListener.log Command line argument: -Djava.util.logging.manager=org.apache.juli.ClassLoaderLogManager
14-Jan-2016 14:37:41.693 INFO [main] org.apache.catalina.startup.VersionLoggerListener.log Command line argument: -Dcatalina.base=D:\tomcat9.0.0.M1
14-Jan-2016 14:37:41.696 INFO [main] org.apache.catalina.startup.VersionLoggerListener.log Command line argument: -Dcatalina.home=D:\tomcat9.0.0.M1
14-Jan-2016 14:37:41.697 INFO [main] org.apache.catalina.startup.VersionLoggerListener.log Command line argument: -Djava.io.tmpdir=D:\tomcat9.0.0.M1\temp
14-Jan-2016 14:37:41.699 INFO [main] org.apache.catalina.core.AprLifecycleListener.lifecycleEvent Loaded APR based Apache Tomcat Native library 1.2.2 using APR version 1.5.1.
14-Jan-2016 14:37:41.700 INFO [main] org.apache.catalina.core.AprLifecycleListener.lifecycleEvent APR capabilities: IPv6 [true], sendfile [true], accept filters [false], random [true].
14-Jan-2016 14:37:42.923 INFO [main] org.apache.catalina.core.AprLifecycleListener.initializeSSL OpenSSL successfully initialized (OpenSSL 1.0.2d 9 Jul 2015)
14-Jan-2016 14:37:43.790 INFO [main] org.apache.coyote.AbstractProtocol.init Initializing ProtocolHandler ["http-apr-8080"]
14-Jan-2016 14:37:43.816 INFO [main] org.apache.coyote.AbstractProtocol.init Initializing ProtocolHandler ["ajp-apr-8009"]
14-Jan-2016 14:37:43.820 INFO [main] org.apache.catalina.startup.Catalina.load Initialization processed in 3589 ms
14-Jan-2016 14:37:43.917 INFO [main] org.apache.catalina.core.StandardService.startInternal Starting service Catalina
14-Jan-2016 14:37:43.918 INFO [main] org.apache.catalina.core.StandardEngine.startInternal Starting Servlet Engine: Apache Tomcat/9.0.0.M1
14-Jan-2016 14:37:44.000 INFO [localhost-startStop-1] org.apache.catalina.startup.HostConfig.deployDirectory Deploying web application directory D:\tomcat9.0.0.M1\webapps\docs
14-Jan-2016 14:37:45.078 INFO [localhost-startStop-1] org.apache.catalina.util.SessionIdGeneratorBase.createSecureRandom Creation of SecureRandom instance for session ID generation using [SHA1PRNG] took [310] milliseconds.
14-Jan-2016 14:37:45.147 INFO [localhost-startStop-1] org.apache.catalina.startup.HostConfig.deployDirectory Deployment of web application directory D:\tomcat9.0.0.M1\webapps\docs has finished in 1,147 ms
14-Jan-2016 14:37:45.148 INFO [localhost-startStop-1] org.apache.catalina.startup.HostConfig.deployDirectory Deploying web application directory D:\tomcat9.0.0.M1\webapps\examples
14-Jan-2016 14:37:46.057 INFO [localhost-startStop-1] org.apache.catalina.startup.HostConfig.deployDirectory Deployment of web application directory D:\tomcat9.0.0.M1\webapps\examples has finished in 908 ms
14-Jan-2016 14:37:46.064 INFO [localhost-startStop-1] org.apache.catalina.startup.HostConfig.deployDirectory Deploying web application directory D:\tomcat9.0.0.M1\webapps\host-manager
14-Jan-2016 14:37:46.199 INFO [localhost-startStop-1] org.apache.catalina.startup.HostConfig.deployDirectory Deployment of web application directory D:\tomcat9.0.0.M1\webapps\host-manager has finished in 135 ms
14-Jan-2016 14:37:46.202 INFO [localhost-startStop-1] org.apache.catalina.startup.HostConfig.deployDirectory Deploying web application directory D:\tomcat9.0.0.M1\webapps\manager
14-Jan-2016 14:37:46.242 INFO [localhost-startStop-1] org.apache.catalina.startup.HostConfig.deployDirectory Deployment of web application directory D:\tomcat9.0.0.M1\webapps\manager has finished in 41 ms
14-Jan-2016 14:37:46.243 INFO [localhost-startStop-1] org.apache.catalina.startup.HostConfig.deployDirectory Deploying web application directory D:\tomcat9.0.0.M1\webapps\ROOT
14-Jan-2016 14:37:46.331 INFO [localhost-startStop-1] org.apache.catalina.startup.HostConfig.deployDirectory Deployment of web application directory D:\tomcat9.0.0.M1\webapps\ROOT has finished in 87 ms
14-Jan-2016 14:37:46.332 INFO [localhost-startStop-1] org.apache.catalina.startup.HostConfig.deployDirectory Deploying web application directory D:\tomcat9.0.0.M1\webapps\test
14-Jan-2016 14:37:46.456 INFO [localhost-startStop-1] org.apache.catalina.startup.HostConfig.deployDirectory Deployment of web application directory D:\tomcat9.0.0.M1\webapps\test has finished in 123 ms
14-Jan-2016 14:37:46.512 INFO [main] org.apache.coyote.AbstractProtocol.start Starting ProtocolHandler [http-apr-8080]
14-Jan-2016 14:37:46.542 INFO [main] org.apache.coyote.AbstractProtocol.start Starting ProtocolHandler [ajp-apr-8009]
14-Jan-2016 14:37:46.558 INFO [main] org.apache.catalina.startup.Catalina.start Server startup in 2737 ms
14-Jan-2016 14:40:38.942 INFO [main] org.apache.catalina.core.StandardServer.await A valid shutdown command was received via the shutdown port. Stopping the Server instance.
14-Jan-2016 14:40:38.945 INFO [main] org.apache.coyote.AbstractProtocol.pause Pausing ProtocolHandler ["http-apr-8080"]
14-Jan-2016 14:40:39.004 INFO [main] org.apache.coyote.AbstractProtocol.pause Pausing ProtocolHandler ["ajp-apr-8009"]
14-Jan-2016 14:40:39.057 INFO [main] org.apache.catalina.core.StandardService.stopInternal Stopping service Catalina
14-Jan-2016 14:40:39.212 INFO [main] org.apache.coyote.AbstractProtocol.stop Stopping ProtocolHandler ["http-apr-8080"]
14-Jan-2016 14:40:39.281 INFO [main] org.apache.coyote.AbstractProtocol.stop Stopping ProtocolHandler ["ajp-apr-8009"]
14-Jan-2016 14:40:39.336 INFO [main] org.apache.coyote.AbstractProtocol.destroy Destroying ProtocolHandler ["http-apr-8080"]
14-Jan-2016 14:40:39.338 INFO [main] org.apache.coyote.AbstractProtocol.destroy Destroying ProtocolHandler ["ajp-apr-8009"]
14-Jan-2016 14:40:43.858 INFO [main] org.apache.catalina.startup.VersionLoggerListener.log Server version:        Apache Tomcat/9.0.0.M1
14-Jan-2016 14:40:43.861 INFO [main] org.apache.catalina.startup.VersionLoggerListener.log Server built:          Nov 12 2015 22:05:52 UTC
14-Jan-2016 14:40:43.861 INFO [main] org.apache.catalina.startup.VersionLoggerListener.log Server number:         9.0.0.0
14-Jan-2016 14:40:43.862 INFO [main] org.apache.catalina.startup.VersionLoggerListener.log OS Name:               Windows 8.1
14-Jan-2016 14:40:43.862 INFO [main] org.apache.catalina.startup.VersionLoggerListener.log OS Version:            6.3
14-Jan-2016 14:40:43.863 INFO [main] org.apache.catalina.startup.VersionLoggerListener.log Architecture:          amd64
14-Jan-2016 14:40:43.863 INFO [main] org.apache.catalina.startup.VersionLoggerListener.log Java Home:             C:\Program Files\Java\jdk1.8.0_20\jre
14-Jan-2016 14:40:43.863 INFO [main] org.apache.catalina.startup.VersionLoggerListener.log JVM Version:           1.8.0_20-b26
14-Jan-2016 14:40:43.864 INFO [main] org.apache.catalina.startup.VersionLoggerListener.log JVM Vendor:            Oracle Corporation
14-Jan-2016 14:40:43.864 INFO [main] org.apache.catalina.startup.VersionLoggerListener.log CATALINA_BASE:         D:\tomcat9.0.0.M1
14-Jan-2016 14:40:43.865 INFO [main] org.apache.catalina.startup.VersionLoggerListener.log CATALINA_HOME:         D:\tomcat9.0.0.M1
14-Jan-2016 14:40:43.865 INFO [main] org.apache.catalina.startup.VersionLoggerListener.log Command line argument: -Djava.util.logging.config.file=D:\tomcat9.0.0.M1\conf\logging.properties
14-Jan-2016 14:40:43.867 INFO [main] org.apache.catalina.startup.VersionLoggerListener.log Command line argument: -Djava.util.logging.manager=org.apache.juli.ClassLoaderLogManager
14-Jan-2016 14:40:43.869 INFO [main] org.apache.catalina.startup.VersionLoggerListener.log Command line argument: -Dcatalina.base=D:\tomcat9.0.0.M1
14-Jan-2016 14:40:43.871 INFO [main] org.apache.catalina.startup.VersionLoggerListener.log Command line argument: -Dcatalina.home=D:\tomcat9.0.0.M1
14-Jan-2016 14:40:43.873 INFO [main] org.apache.catalina.startup.VersionLoggerListener.log Command line argument: -Djava.io.tmpdir=D:\tomcat9.0.0.M1\temp
14-Jan-2016 14:40:43.874 INFO [main] org.apache.catalina.core.AprLifecycleListener.lifecycleEvent Loaded APR based Apache Tomcat Native library 1.2.2 using APR version 1.5.1.
14-Jan-2016 14:40:43.876 INFO [main] org.apache.catalina.core.AprLifecycleListener.lifecycleEvent APR capabilities: IPv6 [true], sendfile [true], accept filters [false], random [true].
14-Jan-2016 14:40:45.017 INFO [main] org.apache.catalina.core.AprLifecycleListener.initializeSSL OpenSSL successfully initialized (OpenSSL 1.0.2d 9 Jul 2015)
14-Jan-2016 14:40:45.626 INFO [main] org.apache.coyote.AbstractProtocol.init Initializing ProtocolHandler ["http-apr-8080"]
14-Jan-2016 14:40:45.651 INFO [main] org.apache.coyote.AbstractProtocol.init Initializing ProtocolHandler ["ajp-apr-8009"]
14-Jan-2016 14:40:45.655 INFO [main] org.apache.catalina.startup.Catalina.load Initialization processed in 3226 ms
14-Jan-2016 14:40:45.760 INFO [main] org.apache.catalina.core.StandardService.startInternal Starting service Catalina
14-Jan-2016 14:40:45.762 INFO [main] org.apache.catalina.core.StandardEngine.startInternal Starting Servlet Engine: Apache Tomcat/9.0.0.M1
14-Jan-2016 14:40:45.841 INFO [localhost-startStop-1] org.apache.catalina.startup.HostConfig.deployDirectory Deploying web application directory D:\tomcat9.0.0.M1\webapps\docs
14-Jan-2016 14:40:46.675 INFO [localhost-startStop-1] org.apache.catalina.util.SessionIdGeneratorBase.createSecureRandom Creation of SecureRandom instance for session ID generation using [SHA1PRNG] took [302] milliseconds.
14-Jan-2016 14:40:46.707 INFO [localhost-startStop-1] org.apache.catalina.startup.HostConfig.deployDirectory Deployment of web application directory D:\tomcat9.0.0.M1\webapps\docs has finished in 866 ms
14-Jan-2016 14:40:46.709 INFO [localhost-startStop-1] org.apache.catalina.startup.HostConfig.deployDirectory Deploying web application directory D:\tomcat9.0.0.M1\webapps\examples
14-Jan-2016 14:40:47.386 INFO [localhost-startStop-1] org.apache.catalina.startup.HostConfig.deployDirectory Deployment of web application directory D:\tomcat9.0.0.M1\webapps\examples has finished in 677 ms
14-Jan-2016 14:40:47.388 INFO [localhost-startStop-1] org.apache.catalina.startup.HostConfig.deployDirectory Deploying web application directory D:\tomcat9.0.0.M1\webapps\host-manager
14-Jan-2016 14:40:47.435 INFO [localhost-startStop-1] org.apache.catalina.startup.HostConfig.deployDirectory Deployment of web application directory D:\tomcat9.0.0.M1\webapps\host-manager has finished in 46 ms
14-Jan-2016 14:40:47.436 INFO [localhost-startStop-1] org.apache.catalina.startup.HostConfig.deployDirectory Deploying web application directory D:\tomcat9.0.0.M1\webapps\manager
14-Jan-2016 14:40:47.546 INFO [localhost-startStop-1] org.apache.catalina.startup.HostConfig.deployDirectory Deployment of web application directory D:\tomcat9.0.0.M1\webapps\manager has finished in 110 ms
14-Jan-2016 14:40:47.548 INFO [localhost-startStop-1] org.apache.catalina.startup.HostConfig.deployDirectory Deploying web application directory D:\tomcat9.0.0.M1\webapps\ROOT
14-Jan-2016 14:40:47.579 INFO [localhost-startStop-1] org.apache.catalina.startup.HostConfig.deployDirectory Deployment of web application directory D:\tomcat9.0.0.M1\webapps\ROOT has finished in 31 ms
14-Jan-2016 14:40:47.581 INFO [localhost-startStop-1] org.apache.catalina.startup.HostConfig.deployDirectory Deploying web application directory D:\tomcat9.0.0.M1\webapps\test
14-Jan-2016 14:40:47.630 INFO [localhost-startStop-1] org.apache.catalina.startup.HostConfig.deployDirectory Deployment of web application directory D:\tomcat9.0.0.M1\webapps\test has finished in 49 ms
14-Jan-2016 14:40:47.655 INFO [main] org.apache.coyote.AbstractProtocol.start Starting ProtocolHandler [http-apr-8080]
14-Jan-2016 14:40:47.684 INFO [main] org.apache.coyote.AbstractProtocol.start Starting ProtocolHandler [ajp-apr-8009]
14-Jan-2016 14:40:47.702 INFO [main] org.apache.catalina.startup.Catalina.start Server startup in 2045 ms
14-Jan-2016 14:45:05.861 INFO [main] org.apache.catalina.core.StandardServer.await A valid shutdown command was received via the shutdown port. Stopping the Server instance.
14-Jan-2016 14:45:05.864 INFO [main] org.apache.coyote.AbstractProtocol.pause Pausing ProtocolHandler ["http-apr-8080"]
14-Jan-2016 14:45:05.922 INFO [main] org.apache.coyote.AbstractProtocol.pause Pausing ProtocolHandler ["ajp-apr-8009"]
14-Jan-2016 14:45:05.975 INFO [main] org.apache.catalina.core.StandardService.stopInternal Stopping service Catalina
14-Jan-2016 14:45:06.103 INFO [main] org.apache.coyote.AbstractProtocol.stop Stopping ProtocolHandler ["http-apr-8080"]
14-Jan-2016 14:45:06.180 INFO [main] org.apache.coyote.AbstractProtocol.stop Stopping ProtocolHandler ["ajp-apr-8009"]
14-Jan-2016 14:45:06.235 INFO [main] org.apache.coyote.AbstractProtocol.destroy Destroying ProtocolHandler ["http-apr-8080"]
14-Jan-2016 14:45:06.236 INFO [main] org.apache.coyote.AbstractProtocol.destroy Destroying ProtocolHandler ["ajp-apr-8009"]
14-Jan-2016 14:45:11.905 INFO [main] org.apache.catalina.startup.VersionLoggerListener.log Server version:        Apache Tomcat/9.0.0.M1
14-Jan-2016 14:45:11.907 INFO [main] org.apache.catalina.startup.VersionLoggerListener.log Server built:          Nov 12 2015 22:05:52 UTC
14-Jan-2016 14:45:11.907 INFO [main] org.apache.catalina.startup.VersionLoggerListener.log Server number:         9.0.0.0
14-Jan-2016 14:45:11.908 INFO [main] org.apache.catalina.startup.VersionLoggerListener.log OS Name:               Windows 8.1
14-Jan-2016 14:45:11.908 INFO [main] org.apache.catalina.startup.VersionLoggerListener.log OS Version:            6.3
14-Jan-2016 14:45:11.908 INFO [main] org.apache.catalina.startup.VersionLoggerListener.log Architecture:          amd64
14-Jan-2016 14:45:11.909 INFO [main] org.apache.catalina.startup.VersionLoggerListener.log Java Home:             C:\Program Files\Java\jdk1.8.0_20\jre
14-Jan-2016 14:45:11.909 INFO [main] org.apache.catalina.startup.VersionLoggerListener.log JVM Version:           1.8.0_20-b26
14-Jan-2016 14:45:11.910 INFO [main] org.apache.catalina.startup.VersionLoggerListener.log JVM Vendor:            Oracle Corporation
14-Jan-2016 14:45:11.910 INFO [main] org.apache.catalina.startup.VersionLoggerListener.log CATALINA_BASE:         D:\tomcat9.0.0.M1
14-Jan-2016 14:45:11.910 INFO [main] org.apache.catalina.startup.VersionLoggerListener.log CATALINA_HOME:         D:\tomcat9.0.0.M1
14-Jan-2016 14:45:11.911 INFO [main] org.apache.catalina.startup.VersionLoggerListener.log Command line argument: -Djava.util.logging.config.file=D:\tomcat9.0.0.M1\conf\logging.properties
14-Jan-2016 14:45:11.912 INFO [main] org.apache.catalina.startup.VersionLoggerListener.log Command line argument: -Djava.util.logging.manager=org.apache.juli.ClassLoaderLogManager
14-Jan-2016 14:45:11.914 INFO [main] org.apache.catalina.startup.VersionLoggerListener.log Command line argument: -Dcatalina.base=D:\tomcat9.0.0.M1
14-Jan-2016 14:45:11.915 INFO [main] org.apache.catalina.startup.VersionLoggerListener.log Command line argument: -Dcatalina.home=D:\tomcat9.0.0.M1
14-Jan-2016 14:45:11.918 INFO [main] org.apache.catalina.startup.VersionLoggerListener.log Command line argument: -Djava.io.tmpdir=D:\tomcat9.0.0.M1\temp
14-Jan-2016 14:45:11.919 INFO [main] org.apache.catalina.core.AprLifecycleListener.lifecycleEvent Loaded APR based Apache Tomcat Native library 1.2.2 using APR version 1.5.1.
14-Jan-2016 14:45:11.921 INFO [main] org.apache.catalina.core.AprLifecycleListener.lifecycleEvent APR capabilities: IPv6 [true], sendfile [true], accept filters [false], random [true].
14-Jan-2016 14:45:13.070 INFO [main] org.apache.catalina.core.AprLifecycleListener.initializeSSL OpenSSL successfully initialized (OpenSSL 1.0.2d 9 Jul 2015)
14-Jan-2016 14:45:13.547 INFO [main] org.apache.coyote.AbstractProtocol.init Initializing ProtocolHandler ["http-apr-8080"]
14-Jan-2016 14:45:13.572 INFO [main] org.apache.coyote.AbstractProtocol.init Initializing ProtocolHandler ["ajp-apr-8009"]
14-Jan-2016 14:45:13.581 INFO [main] org.apache.catalina.startup.Catalina.load Initialization processed in 2729 ms
14-Jan-2016 14:45:13.674 INFO [main] org.apache.catalina.core.StandardService.startInternal Starting service Catalina
14-Jan-2016 14:45:13.705 INFO [main] org.apache.catalina.core.StandardEngine.startInternal Starting Servlet Engine: Apache Tomcat/9.0.0.M1
14-Jan-2016 14:45:13.735 INFO [localhost-startStop-1] org.apache.catalina.startup.HostConfig.deployDirectory Deploying web application directory D:\tomcat9.0.0.M1\webapps\docs
14-Jan-2016 14:45:15.352 INFO [localhost-startStop-1] org.apache.catalina.util.SessionIdGeneratorBase.createSecureRandom Creation of SecureRandom instance for session ID generation using [SHA1PRNG] took [604] milliseconds.
14-Jan-2016 14:45:15.478 INFO [localhost-startStop-1] org.apache.catalina.startup.HostConfig.deployDirectory Deployment of web application directory D:\tomcat9.0.0.M1\webapps\docs has finished in 1,742 ms
14-Jan-2016 14:45:15.485 INFO [localhost-startStop-1] org.apache.catalina.startup.HostConfig.deployDirectory Deploying web application directory D:\tomcat9.0.0.M1\webapps\examples
14-Jan-2016 14:45:16.554 INFO [localhost-startStop-1] org.apache.catalina.startup.HostConfig.deployDirectory Deployment of web application directory D:\tomcat9.0.0.M1\webapps\examples has finished in 1,069 ms
14-Jan-2016 14:45:16.559 INFO [localhost-startStop-1] org.apache.catalina.startup.HostConfig.deployDirectory Deploying web application directory D:\tomcat9.0.0.M1\webapps\host-manager
14-Jan-2016 14:45:16.711 INFO [localhost-startStop-1] org.apache.catalina.startup.HostConfig.deployDirectory Deployment of web application directory D:\tomcat9.0.0.M1\webapps\host-manager has finished in 152 ms
14-Jan-2016 14:45:16.716 INFO [localhost-startStop-1] org.apache.catalina.startup.HostConfig.deployDirectory Deploying web application directory D:\tomcat9.0.0.M1\webapps\manager
14-Jan-2016 14:45:16.802 INFO [localhost-startStop-1] org.apache.catalina.startup.HostConfig.deployDirectory Deployment of web application directory D:\tomcat9.0.0.M1\webapps\manager has finished in 86 ms
14-Jan-2016 14:45:16.805 INFO [localhost-startStop-1] org.apache.catalina.startup.HostConfig.deployDirectory Deploying web application directory D:\tomcat9.0.0.M1\webapps\ROOT
14-Jan-2016 14:45:16.855 INFO [localhost-startStop-1] org.apache.catalina.startup.HostConfig.deployDirectory Deployment of web application directory D:\tomcat9.0.0.M1\webapps\ROOT has finished in 49 ms
14-Jan-2016 14:45:16.856 INFO [localhost-startStop-1] org.apache.catalina.startup.HostConfig.deployDirectory Deploying web application directory D:\tomcat9.0.0.M1\webapps\test
14-Jan-2016 14:45:16.963 INFO [localhost-startStop-1] org.apache.catalina.startup.HostConfig.deployDirectory Deployment of web application directory D:\tomcat9.0.0.M1\webapps\test has finished in 107 ms
14-Jan-2016 14:45:16.975 INFO [main] org.apache.coyote.AbstractProtocol.start Starting ProtocolHandler [http-apr-8080]
14-Jan-2016 14:45:17.011 INFO [main] org.apache.coyote.AbstractProtocol.start Starting ProtocolHandler [ajp-apr-8009]
14-Jan-2016 14:45:17.023 INFO [main] org.apache.catalina.startup.Catalina.start Server startup in 3439 ms
14-Jan-2016 14:57:26.929 INFO [main] org.apache.catalina.core.StandardServer.await A valid shutdown command was received via the shutdown port. Stopping the Server instance.
14-Jan-2016 14:57:26.937 INFO [main] org.apache.coyote.AbstractProtocol.pause Pausing ProtocolHandler ["http-apr-8080"]
14-Jan-2016 14:57:27.002 INFO [main] org.apache.coyote.AbstractProtocol.pause Pausing ProtocolHandler ["ajp-apr-8009"]
14-Jan-2016 14:57:27.054 INFO [main] org.apache.catalina.core.StandardService.stopInternal Stopping service Catalina
14-Jan-2016 14:57:27.155 INFO [main] org.apache.coyote.AbstractProtocol.stop Stopping ProtocolHandler ["http-apr-8080"]
14-Jan-2016 14:57:27.215 INFO [main] org.apache.coyote.AbstractProtocol.stop Stopping ProtocolHandler ["ajp-apr-8009"]
14-Jan-2016 14:57:27.273 INFO [main] org.apache.coyote.AbstractProtocol.destroy Destroying ProtocolHandler ["http-apr-8080"]
14-Jan-2016 14:57:27.275 INFO [main] org.apache.coyote.AbstractProtocol.destroy Destroying ProtocolHandler ["ajp-apr-8009"]
14-Jan-2016 14:58:12.137 INFO [main] org.apache.catalina.startup.VersionLoggerListener.log Server version:        Apache Tomcat/9.0.0.M1
14-Jan-2016 14:58:12.140 INFO [main] org.apache.catalina.startup.VersionLoggerListener.log Server built:          Nov 12 2015 22:05:52 UTC
14-Jan-2016 14:58:12.140 INFO [main] org.apache.catalina.startup.VersionLoggerListener.log Server number:         9.0.0.0
14-Jan-2016 14:58:12.141 INFO [main] org.apache.catalina.startup.VersionLoggerListener.log OS Name:               Windows 8.1
14-Jan-2016 14:58:12.141 INFO [main] org.apache.catalina.startup.VersionLoggerListener.log OS Version:            6.3
14-Jan-2016 14:58:12.141 INFO [main] org.apache.catalina.startup.VersionLoggerListener.log Architecture:          amd64
14-Jan-2016 14:58:12.142 INFO [main] org.apache.catalina.startup.VersionLoggerListener.log Java Home:             C:\Program Files\Java\jdk1.8.0_20\jre
14-Jan-2016 14:58:12.142 INFO [main] org.apache.catalina.startup.VersionLoggerListener.log JVM Version:           1.8.0_20-b26
14-Jan-2016 14:58:12.143 INFO [main] org.apache.catalina.startup.VersionLoggerListener.log JVM Vendor:            Oracle Corporation
14-Jan-2016 14:58:12.143 INFO [main] org.apache.catalina.startup.VersionLoggerListener.log CATALINA_BASE:         D:\tomcat9.0.0.M1
14-Jan-2016 14:58:12.144 INFO [main] org.apache.catalina.startup.VersionLoggerListener.log CATALINA_HOME:         D:\tomcat9.0.0.M1
14-Jan-2016 14:58:12.144 INFO [main] org.apache.catalina.startup.VersionLoggerListener.log Command line argument: -Djava.util.logging.config.file=D:\tomcat9.0.0.M1\conf\logging.properties
14-Jan-2016 14:58:12.146 INFO [main] org.apache.catalina.startup.VersionLoggerListener.log Command line argument: -Djava.util.logging.manager=org.apache.juli.ClassLoaderLogManager
14-Jan-2016 14:58:12.150 INFO [main] org.apache.catalina.startup.VersionLoggerListener.log Command line argument: -Dcatalina.base=D:\tomcat9.0.0.M1
14-Jan-2016 14:58:12.151 INFO [main] org.apache.catalina.startup.VersionLoggerListener.log Command line argument: -Dcatalina.home=D:\tomcat9.0.0.M1
14-Jan-2016 14:58:12.152 INFO [main] org.apache.catalina.startup.VersionLoggerListener.log Command line argument: -Djava.io.tmpdir=D:\tomcat9.0.0.M1\temp
14-Jan-2016 14:58:12.154 INFO [main] org.apache.catalina.core.AprLifecycleListener.lifecycleEvent Loaded APR based Apache Tomcat Native library 1.2.2 using APR version 1.5.1.
14-Jan-2016 14:58:12.156 INFO [main] org.apache.catalina.core.AprLifecycleListener.lifecycleEvent APR capabilities: IPv6 [true], sendfile [true], accept filters [false], random [true].
14-Jan-2016 14:58:13.213 INFO [main] org.apache.catalina.core.AprLifecycleListener.initializeSSL OpenSSL successfully initialized (OpenSSL 1.0.2d 9 Jul 2015)
14-Jan-2016 14:58:13.432 INFO [main] org.apache.coyote.AbstractProtocol.init Initializing ProtocolHandler ["http-apr-8080"]
14-Jan-2016 14:58:13.451 INFO [main] org.apache.coyote.AbstractProtocol.init Initializing ProtocolHandler ["ajp-apr-8009"]
14-Jan-2016 14:58:13.455 INFO [main] org.apache.catalina.startup.Catalina.load Initialization processed in 2036 ms
14-Jan-2016 14:58:13.532 INFO [main] org.apache.catalina.core.StandardService.startInternal Starting service Catalina
14-Jan-2016 14:58:13.534 INFO [main] org.apache.catalina.core.StandardEngine.startInternal Starting Servlet Engine: Apache Tomcat/9.0.0.M1
14-Jan-2016 14:58:13.622 INFO [localhost-startStop-1] org.apache.catalina.startup.HostConfig.deployDirectory Deploying web application directory D:\tomcat9.0.0.M1\webapps\docs
14-Jan-2016 14:58:14.250 INFO [localhost-startStop-1] org.apache.catalina.util.SessionIdGeneratorBase.createSecureRandom Creation of SecureRandom instance for session ID generation using [SHA1PRNG] took [219] milliseconds.
14-Jan-2016 14:58:14.307 INFO [localhost-startStop-1] org.apache.catalina.startup.HostConfig.deployDirectory Deployment of web application directory D:\tomcat9.0.0.M1\webapps\docs has finished in 686 ms
14-Jan-2016 14:58:14.309 INFO [localhost-startStop-1] org.apache.catalina.startup.HostConfig.deployDirectory Deploying web application directory D:\tomcat9.0.0.M1\webapps\examples
14-Jan-2016 14:58:14.809 INFO [localhost-startStop-1] org.apache.catalina.startup.HostConfig.deployDirectory Deployment of web application directory D:\tomcat9.0.0.M1\webapps\examples has finished in 500 ms
14-Jan-2016 14:58:14.811 INFO [localhost-startStop-1] org.apache.catalina.startup.HostConfig.deployDirectory Deploying web application directory D:\tomcat9.0.0.M1\webapps\host-manager
14-Jan-2016 14:58:14.865 INFO [localhost-startStop-1] org.apache.catalina.startup.HostConfig.deployDirectory Deployment of web application directory D:\tomcat9.0.0.M1\webapps\host-manager has finished in 53 ms
14-Jan-2016 14:58:14.879 INFO [localhost-startStop-1] org.apache.catalina.startup.HostConfig.deployDirectory Deploying web application directory D:\tomcat9.0.0.M1\webapps\manager
14-Jan-2016 14:58:14.921 INFO [localhost-startStop-1] org.apache.catalina.startup.HostConfig.deployDirectory Deployment of web application directory D:\tomcat9.0.0.M1\webapps\manager has finished in 42 ms
14-Jan-2016 14:58:14.924 INFO [localhost-startStop-1] org.apache.catalina.startup.HostConfig.deployDirectory Deploying web application directory D:\tomcat9.0.0.M1\webapps\ROOT
14-Jan-2016 14:58:14.957 INFO [localhost-startStop-1] org.apache.catalina.startup.HostConfig.deployDirectory Deployment of web application directory D:\tomcat9.0.0.M1\webapps\ROOT has finished in 34 ms
14-Jan-2016 14:58:14.959 INFO [localhost-startStop-1] org.apache.catalina.startup.HostConfig.deployDirectory Deploying web application directory D:\tomcat9.0.0.M1\webapps\test
14-Jan-2016 14:58:15.010 INFO [localhost-startStop-1] org.apache.catalina.startup.HostConfig.deployDirectory Deployment of web application directory D:\tomcat9.0.0.M1\webapps\test has finished in 51 ms
14-Jan-2016 14:58:15.019 INFO [main] org.apache.coyote.AbstractProtocol.start Starting ProtocolHandler [http-apr-8080]
14-Jan-2016 14:58:15.049 INFO [main] org.apache.coyote.AbstractProtocol.start Starting ProtocolHandler [ajp-apr-8009]
14-Jan-2016 14:58:15.065 INFO [main] org.apache.catalina.startup.Catalina.start Server startup in 1608 ms
14-Jan-2016 15:57:07.082 INFO [ContainerBackgroundProcessor[StandardEngine[Catalina]]] org.apache.catalina.startup.HostConfig.reload Reloading context [/test]
14-Jan-2016 15:57:07.108 INFO [ContainerBackgroundProcessor[StandardEngine[Catalina]]] org.apache.catalina.core.StandardContext.reload Reloading Context with name [/test] has started
14-Jan-2016 15:57:07.628 INFO [ContainerBackgroundProcessor[StandardEngine[Catalina]]] org.apache.catalina.core.StandardContext.reload Reloading Context with name [/test] is completed
14-Jan-2016 15:57:22.350 INFO [main] org.apache.catalina.core.StandardServer.await A valid shutdown command was received via the shutdown port. Stopping the Server instance.
14-Jan-2016 15:57:22.357 INFO [main] org.apache.coyote.AbstractProtocol.pause Pausing ProtocolHandler ["http-apr-8080"]
14-Jan-2016 15:57:22.417 INFO [main] org.apache.coyote.AbstractProtocol.pause Pausing ProtocolHandler ["ajp-apr-8009"]
14-Jan-2016 15:57:22.469 INFO [main] org.apache.catalina.core.StandardService.stopInternal Stopping service Catalina
14-Jan-2016 15:57:22.639 INFO [main] org.apache.coyote.AbstractProtocol.stop Stopping ProtocolHandler ["http-apr-8080"]
14-Jan-2016 15:57:22.700 INFO [main] org.apache.coyote.AbstractProtocol.stop Stopping ProtocolHandler ["ajp-apr-8009"]
14-Jan-2016 15:57:22.756 INFO [main] org.apache.coyote.AbstractProtocol.destroy Destroying ProtocolHandler ["http-apr-8080"]
14-Jan-2016 15:57:22.757 INFO [main] org.apache.coyote.AbstractProtocol.destroy Destroying ProtocolHandler ["ajp-apr-8009"]
14-Jan-2016 15:57:31.060 INFO [main] org.apache.catalina.startup.VersionLoggerListener.log Server version:        Apache Tomcat/9.0.0.M1
14-Jan-2016 15:57:31.063 INFO [main] org.apache.catalina.startup.VersionLoggerListener.log Server built:          Nov 12 2015 22:05:52 UTC
14-Jan-2016 15:57:31.064 INFO [main] org.apache.catalina.startup.VersionLoggerListener.log Server number:         9.0.0.0
14-Jan-2016 15:57:31.064 INFO [main] org.apache.catalina.startup.VersionLoggerListener.log OS Name:               Windows 8.1
14-Jan-2016 15:57:31.065 INFO [main] org.apache.catalina.startup.VersionLoggerListener.log OS Version:            6.3
14-Jan-2016 15:57:31.065 INFO [main] org.apache.catalina.startup.VersionLoggerListener.log Architecture:          amd64
14-Jan-2016 15:57:31.066 INFO [main] org.apache.catalina.startup.VersionLoggerListener.log Java Home:             C:\Program Files\Java\jdk1.8.0_20\jre
14-Jan-2016 15:57:31.066 INFO [main] org.apache.catalina.startup.VersionLoggerListener.log JVM Version:           1.8.0_20-b26
14-Jan-2016 15:57:31.066 INFO [main] org.apache.catalina.startup.VersionLoggerListener.log JVM Vendor:            Oracle Corporation
14-Jan-2016 15:57:31.067 INFO [main] org.apache.catalina.startup.VersionLoggerListener.log CATALINA_BASE:         D:\tomcat9.0.0.M1
14-Jan-2016 15:57:31.067 INFO [main] org.apache.catalina.startup.VersionLoggerListener.log CATALINA_HOME:         D:\tomcat9.0.0.M1
14-Jan-2016 15:57:31.068 INFO [main] org.apache.catalina.startup.VersionLoggerListener.log Command line argument: -Djava.util.logging.config.file=D:\tomcat9.0.0.M1\conf\logging.properties
14-Jan-2016 15:57:31.069 INFO [main] org.apache.catalina.startup.VersionLoggerListener.log Command line argument: -Djava.util.logging.manager=org.apache.juli.ClassLoaderLogManager
14-Jan-2016 15:57:31.073 INFO [main] org.apache.catalina.startup.VersionLoggerListener.log Command line argument: -Dcatalina.base=D:\tomcat9.0.0.M1
14-Jan-2016 15:57:31.076 INFO [main] org.apache.catalina.startup.VersionLoggerListener.log Command line argument: -Dcatalina.home=D:\tomcat9.0.0.M1
14-Jan-2016 15:57:31.077 INFO [main] org.apache.catalina.startup.VersionLoggerListener.log Command line argument: -Djava.io.tmpdir=D:\tomcat9.0.0.M1\temp
14-Jan-2016 15:57:31.078 INFO [main] org.apache.catalina.core.AprLifecycleListener.lifecycleEvent Loaded APR based Apache Tomcat Native library 1.2.2 using APR version 1.5.1.
14-Jan-2016 15:57:31.080 INFO [main] org.apache.catalina.core.AprLifecycleListener.lifecycleEvent APR capabilities: IPv6 [true], sendfile [true], accept filters [false], random [true].
14-Jan-2016 15:57:32.292 INFO [main] org.apache.catalina.core.AprLifecycleListener.initializeSSL OpenSSL successfully initialized (OpenSSL 1.0.2d 9 Jul 2015)
14-Jan-2016 15:57:33.086 INFO [main] org.apache.coyote.AbstractProtocol.init Initializing ProtocolHandler ["http-apr-8080"]
14-Jan-2016 15:57:33.153 INFO [main] org.apache.coyote.AbstractProtocol.init Initializing ProtocolHandler ["ajp-apr-8009"]
14-Jan-2016 15:57:33.156 INFO [main] org.apache.catalina.startup.Catalina.load Initialization processed in 3589 ms
14-Jan-2016 15:57:33.307 INFO [main] org.apache.catalina.core.StandardService.startInternal Starting service Catalina
14-Jan-2016 15:57:33.308 INFO [main] org.apache.catalina.core.StandardEngine.startInternal Starting Servlet Engine: Apache Tomcat/9.0.0.M1
14-Jan-2016 15:57:33.364 INFO [localhost-startStop-1] org.apache.catalina.startup.HostConfig.deployDirectory Deploying web application directory D:\tomcat9.0.0.M1\webapps\docs
14-Jan-2016 15:57:34.484 INFO [localhost-startStop-1] org.apache.catalina.util.SessionIdGeneratorBase.createSecureRandom Creation of SecureRandom instance for session ID generation using [SHA1PRNG] took [387] milliseconds.
14-Jan-2016 15:57:34.549 INFO [localhost-startStop-1] org.apache.catalina.startup.HostConfig.deployDirectory Deployment of web application directory D:\tomcat9.0.0.M1\webapps\docs has finished in 1,184 ms
14-Jan-2016 15:57:34.551 INFO [localhost-startStop-1] org.apache.catalina.startup.HostConfig.deployDirectory Deploying web application directory D:\tomcat9.0.0.M1\webapps\examples
14-Jan-2016 15:57:35.802 INFO [localhost-startStop-1] org.apache.catalina.startup.HostConfig.deployDirectory Deployment of web application directory D:\tomcat9.0.0.M1\webapps\examples has finished in 1,251 ms
14-Jan-2016 15:57:35.803 INFO [localhost-startStop-1] org.apache.catalina.startup.HostConfig.deployDirectory Deploying web application directory D:\tomcat9.0.0.M1\webapps\host-manager
14-Jan-2016 15:57:35.948 INFO [localhost-startStop-1] org.apache.catalina.startup.HostConfig.deployDirectory Deployment of web application directory D:\tomcat9.0.0.M1\webapps\host-manager has finished in 144 ms
14-Jan-2016 15:57:35.949 INFO [localhost-startStop-1] org.apache.catalina.startup.HostConfig.deployDirectory Deploying web application directory D:\tomcat9.0.0.M1\webapps\manager
14-Jan-2016 15:57:36.009 INFO [localhost-startStop-1] org.apache.catalina.startup.HostConfig.deployDirectory Deployment of web application directory D:\tomcat9.0.0.M1\webapps\manager has finished in 60 ms
14-Jan-2016 15:57:36.012 INFO [localhost-startStop-1] org.apache.catalina.startup.HostConfig.deployDirectory Deploying web application directory D:\tomcat9.0.0.M1\webapps\ROOT
14-Jan-2016 15:57:36.065 INFO [localhost-startStop-1] org.apache.catalina.startup.HostConfig.deployDirectory Deployment of web application directory D:\tomcat9.0.0.M1\webapps\ROOT has finished in 53 ms
14-Jan-2016 15:57:36.067 INFO [localhost-startStop-1] org.apache.catalina.startup.HostConfig.deployDirectory Deploying web application directory D:\tomcat9.0.0.M1\webapps\test
14-Jan-2016 15:57:36.111 INFO [localhost-startStop-1] org.apache.catalina.startup.HostConfig.deployDirectory Deployment of web application directory D:\tomcat9.0.0.M1\webapps\test has finished in 43 ms
14-Jan-2016 15:57:36.146 INFO [main] org.apache.coyote.AbstractProtocol.start Starting ProtocolHandler [http-apr-8080]
14-Jan-2016 15:57:36.228 INFO [main] org.apache.coyote.AbstractProtocol.start Starting ProtocolHandler [ajp-apr-8009]
14-Jan-2016 15:57:36.241 INFO [main] org.apache.catalina.startup.Catalina.start Server startup in 3084 ms
14-Jan-2016 16:02:53.071 INFO [main] org.apache.catalina.core.StandardServer.await A valid shutdown command was received via the shutdown port. Stopping the Server instance.
14-Jan-2016 16:02:53.078 INFO [main] org.apache.coyote.AbstractProtocol.pause Pausing ProtocolHandler ["http-apr-8080"]
14-Jan-2016 16:02:53.141 INFO [main] org.apache.coyote.AbstractProtocol.pause Pausing ProtocolHandler ["ajp-apr-8009"]
14-Jan-2016 16:02:53.195 INFO [main] org.apache.catalina.core.StandardService.stopInternal Stopping service Catalina
14-Jan-2016 16:02:53.403 INFO [main] org.apache.coyote.AbstractProtocol.stop Stopping ProtocolHandler ["http-apr-8080"]
14-Jan-2016 16:02:53.486 INFO [main] org.apache.coyote.AbstractProtocol.stop Stopping ProtocolHandler ["ajp-apr-8009"]
14-Jan-2016 16:02:53.541 INFO [main] org.apache.coyote.AbstractProtocol.destroy Destroying ProtocolHandler ["http-apr-8080"]
14-Jan-2016 16:02:53.545 INFO [main] org.apache.coyote.AbstractProtocol.destroy Destroying ProtocolHandler ["ajp-apr-8009"]
14-Jan-2016 16:03:06.149 INFO [main] org.apache.catalina.startup.VersionLoggerListener.log Server version:        Apache Tomcat/9.0.0.M1
14-Jan-2016 16:03:06.152 INFO [main] org.apache.catalina.startup.VersionLoggerListener.log Server built:          Nov 12 2015 22:05:52 UTC
14-Jan-2016 16:03:06.153 INFO [main] org.apache.catalina.startup.VersionLoggerListener.log Server number:         9.0.0.0
14-Jan-2016 16:03:06.153 INFO [main] org.apache.catalina.startup.VersionLoggerListener.log OS Name:               Windows 8.1
14-Jan-2016 16:03:06.153 INFO [main] org.apache.catalina.startup.VersionLoggerListener.log OS Version:            6.3
14-Jan-2016 16:03:06.154 INFO [main] org.apache.catalina.startup.VersionLoggerListener.log Architecture:          amd64
14-Jan-2016 16:03:06.154 INFO [main] org.apache.catalina.startup.VersionLoggerListener.log Java Home:             C:\Program Files\Java\jdk1.8.0_20\jre
14-Jan-2016 16:03:06.155 INFO [main] org.apache.catalina.startup.VersionLoggerListener.log JVM Version:           1.8.0_20-b26
14-Jan-2016 16:03:06.155 INFO [main] org.apache.catalina.startup.VersionLoggerListener.log JVM Vendor:            Oracle Corporation
14-Jan-2016 16:03:06.157 INFO [main] org.apache.catalina.startup.VersionLoggerListener.log CATALINA_BASE:         D:\tomcat9.0.0.M1
14-Jan-2016 16:03:06.157 INFO [main] org.apache.catalina.startup.VersionLoggerListener.log CATALINA_HOME:         D:\tomcat9.0.0.M1
14-Jan-2016 16:03:06.158 INFO [main] org.apache.catalina.startup.VersionLoggerListener.log Command line argument: -Djava.util.logging.config.file=D:\tomcat9.0.0.M1\conf\logging.properties
14-Jan-2016 16:03:06.160 INFO [main] org.apache.catalina.startup.VersionLoggerListener.log Command line argument: -Djava.util.logging.manager=org.apache.juli.ClassLoaderLogManager
14-Jan-2016 16:03:06.162 INFO [main] org.apache.catalina.startup.VersionLoggerListener.log Command line argument: -Dcatalina.base=D:\tomcat9.0.0.M1
14-Jan-2016 16:03:06.163 INFO [main] org.apache.catalina.startup.VersionLoggerListener.log Command line argument: -Dcatalina.home=D:\tomcat9.0.0.M1
14-Jan-2016 16:03:06.166 INFO [main] org.apache.catalina.startup.VersionLoggerListener.log Command line argument: -Djava.io.tmpdir=D:\tomcat9.0.0.M1\temp
14-Jan-2016 16:03:06.168 INFO [main] org.apache.catalina.core.AprLifecycleListener.lifecycleEvent Loaded APR based Apache Tomcat Native library 1.2.2 using APR version 1.5.1.
14-Jan-2016 16:03:06.169 INFO [main] org.apache.catalina.core.AprLifecycleListener.lifecycleEvent APR capabilities: IPv6 [true], sendfile [true], accept filters [false], random [true].
14-Jan-2016 16:03:07.324 INFO [main] org.apache.catalina.core.AprLifecycleListener.initializeSSL OpenSSL successfully initialized (OpenSSL 1.0.2d 9 Jul 2015)
14-Jan-2016 16:03:08.069 INFO [main] org.apache.coyote.AbstractProtocol.init Initializing ProtocolHandler ["http-apr-8080"]
14-Jan-2016 16:03:08.087 INFO [main] org.apache.coyote.AbstractProtocol.init Initializing ProtocolHandler ["ajp-apr-8009"]
14-Jan-2016 16:03:08.091 INFO [main] org.apache.catalina.startup.Catalina.load Initialization processed in 3419 ms
14-Jan-2016 16:03:08.185 INFO [main] org.apache.catalina.core.StandardService.startInternal Starting service Catalina
14-Jan-2016 16:03:08.187 INFO [main] org.apache.catalina.core.StandardEngine.startInternal Starting Servlet Engine: Apache Tomcat/9.0.0.M1
14-Jan-2016 16:03:08.281 INFO [localhost-startStop-1] org.apache.catalina.startup.HostConfig.deployDirectory Deploying web application directory D:\tomcat9.0.0.M1\webapps\docs
14-Jan-2016 16:03:09.046 INFO [localhost-startStop-1] org.apache.catalina.util.SessionIdGeneratorBase.createSecureRandom Creation of SecureRandom instance for session ID generation using [SHA1PRNG] took [250] milliseconds.
14-Jan-2016 16:03:09.100 INFO [localhost-startStop-1] org.apache.catalina.startup.HostConfig.deployDirectory Deployment of web application directory D:\tomcat9.0.0.M1\webapps\docs has finished in 819 ms
14-Jan-2016 16:03:09.102 INFO [localhost-startStop-1] org.apache.catalina.startup.HostConfig.deployDirectory Deploying web application directory D:\tomcat9.0.0.M1\webapps\examples
14-Jan-2016 16:03:09.908 INFO [localhost-startStop-1] org.apache.catalina.startup.HostConfig.deployDirectory Deployment of web application directory D:\tomcat9.0.0.M1\webapps\examples has finished in 806 ms
14-Jan-2016 16:03:09.909 INFO [localhost-startStop-1] org.apache.catalina.startup.HostConfig.deployDirectory Deploying web application directory D:\tomcat9.0.0.M1\webapps\host-manager
14-Jan-2016 16:03:10.004 INFO [localhost-startStop-1] org.apache.catalina.startup.HostConfig.deployDirectory Deployment of web application directory D:\tomcat9.0.0.M1\webapps\host-manager has finished in 95 ms
14-Jan-2016 16:03:10.006 INFO [localhost-startStop-1] org.apache.catalina.startup.HostConfig.deployDirectory Deploying web application directory D:\tomcat9.0.0.M1\webapps\manager
14-Jan-2016 16:03:10.075 INFO [localhost-startStop-1] org.apache.catalina.startup.HostConfig.deployDirectory Deployment of web application directory D:\tomcat9.0.0.M1\webapps\manager has finished in 69 ms
14-Jan-2016 16:03:10.077 INFO [localhost-startStop-1] org.apache.catalina.startup.HostConfig.deployDirectory Deploying web application directory D:\tomcat9.0.0.M1\webapps\ROOT
14-Jan-2016 16:03:10.134 INFO [localhost-startStop-1] org.apache.catalina.startup.HostConfig.deployDirectory Deployment of web application directory D:\tomcat9.0.0.M1\webapps\ROOT has finished in 57 ms
14-Jan-2016 16:03:10.136 INFO [localhost-startStop-1] org.apache.catalina.startup.HostConfig.deployDirectory Deploying web application directory D:\tomcat9.0.0.M1\webapps\test
14-Jan-2016 16:03:10.226 INFO [localhost-startStop-1] org.apache.catalina.startup.HostConfig.deployDirectory Deployment of web application directory D:\tomcat9.0.0.M1\webapps\test has finished in 89 ms
14-Jan-2016 16:03:10.235 INFO [main] org.apache.coyote.AbstractProtocol.start Starting ProtocolHandler [http-apr-8080]
14-Jan-2016 16:03:10.265 INFO [main] org.apache.coyote.AbstractProtocol.start Starting ProtocolHandler [ajp-apr-8009]
14-Jan-2016 16:03:10.280 INFO [main] org.apache.catalina.startup.Catalina.start Server startup in 2187 ms
14-Jan-2016 16:06:13.321 INFO [main] org.apache.catalina.core.StandardServer.await A valid shutdown command was received via the shutdown port. Stopping the Server instance.
14-Jan-2016 16:06:13.339 INFO [main] org.apache.coyote.AbstractProtocol.pause Pausing ProtocolHandler ["http-apr-8080"]
14-Jan-2016 16:06:13.413 INFO [main] org.apache.coyote.AbstractProtocol.pause Pausing ProtocolHandler ["ajp-apr-8009"]
14-Jan-2016 16:06:13.465 INFO [main] org.apache.catalina.core.StandardService.stopInternal Stopping service Catalina
14-Jan-2016 16:06:13.567 INFO [main] org.apache.coyote.AbstractProtocol.stop Stopping ProtocolHandler ["http-apr-8080"]
14-Jan-2016 16:06:13.626 INFO [main] org.apache.coyote.AbstractProtocol.stop Stopping ProtocolHandler ["ajp-apr-8009"]
14-Jan-2016 16:06:13.680 INFO [main] org.apache.coyote.AbstractProtocol.destroy Destroying ProtocolHandler ["http-apr-8080"]
14-Jan-2016 16:06:13.682 INFO [main] org.apache.coyote.AbstractProtocol.destroy Destroying ProtocolHandler ["ajp-apr-8009"]
14-Jan-2016 16:06:19.705 INFO [main] org.apache.catalina.startup.VersionLoggerListener.log Server version:        Apache Tomcat/9.0.0.M1
14-Jan-2016 16:06:19.709 INFO [main] org.apache.catalina.startup.VersionLoggerListener.log Server built:          Nov 12 2015 22:05:52 UTC
14-Jan-2016 16:06:19.711 INFO [main] org.apache.catalina.startup.VersionLoggerListener.log Server number:         9.0.0.0
14-Jan-2016 16:06:19.712 INFO [main] org.apache.catalina.startup.VersionLoggerListener.log OS Name:               Windows 8.1
14-Jan-2016 16:06:19.712 INFO [main] org.apache.catalina.startup.VersionLoggerListener.log OS Version:            6.3
14-Jan-2016 16:06:19.713 INFO [main] org.apache.catalina.startup.VersionLoggerListener.log Architecture:          amd64
14-Jan-2016 16:06:19.713 INFO [main] org.apache.catalina.startup.VersionLoggerListener.log Java Home:             C:\Program Files\Java\jdk1.8.0_20\jre
14-Jan-2016 16:06:19.714 INFO [main] org.apache.catalina.startup.VersionLoggerListener.log JVM Version:           1.8.0_20-b26
14-Jan-2016 16:06:19.714 INFO [main] org.apache.catalina.startup.VersionLoggerListener.log JVM Vendor:            Oracle Corporation
14-Jan-2016 16:06:19.715 INFO [main] org.apache.catalina.startup.VersionLoggerListener.log CATALINA_BASE:         D:\tomcat9.0.0.M1
14-Jan-2016 16:06:19.715 INFO [main] org.apache.catalina.startup.VersionLoggerListener.log CATALINA_HOME:         D:\tomcat9.0.0.M1
14-Jan-2016 16:06:19.716 INFO [main] org.apache.catalina.startup.VersionLoggerListener.log Command line argument: -Djava.util.logging.config.file=D:\tomcat9.0.0.M1\conf\logging.properties
14-Jan-2016 16:06:19.717 INFO [main] org.apache.catalina.startup.VersionLoggerListener.log Command line argument: -Djava.util.logging.manager=org.apache.juli.ClassLoaderLogManager
14-Jan-2016 16:06:19.719 INFO [main] org.apache.catalina.startup.VersionLoggerListener.log Command line argument: -Dcatalina.base=D:\tomcat9.0.0.M1
14-Jan-2016 16:06:19.722 INFO [main] org.apache.catalina.startup.VersionLoggerListener.log Command line argument: -Dcatalina.home=D:\tomcat9.0.0.M1
14-Jan-2016 16:06:19.723 INFO [main] org.apache.catalina.startup.VersionLoggerListener.log Command line argument: -Djava.io.tmpdir=D:\tomcat9.0.0.M1\temp
14-Jan-2016 16:06:19.725 INFO [main] org.apache.catalina.core.AprLifecycleListener.lifecycleEvent Loaded APR based Apache Tomcat Native library 1.2.2 using APR version 1.5.1.
14-Jan-2016 16:06:19.727 INFO [main] org.apache.catalina.core.AprLifecycleListener.lifecycleEvent APR capabilities: IPv6 [true], sendfile [true], accept filters [false], random [true].
14-Jan-2016 16:06:20.771 INFO [main] org.apache.catalina.core.AprLifecycleListener.initializeSSL OpenSSL successfully initialized (OpenSSL 1.0.2d 9 Jul 2015)
14-Jan-2016 16:06:20.991 INFO [main] org.apache.coyote.AbstractProtocol.init Initializing ProtocolHandler ["http-apr-8080"]
14-Jan-2016 16:06:21.039 INFO [main] org.apache.coyote.AbstractProtocol.init Initializing ProtocolHandler ["ajp-apr-8009"]
14-Jan-2016 16:06:21.043 INFO [main] org.apache.catalina.startup.Catalina.load Initialization processed in 1983 ms
14-Jan-2016 16:06:21.104 INFO [main] org.apache.catalina.core.StandardService.startInternal Starting service Catalina
14-Jan-2016 16:06:21.110 INFO [main] org.apache.catalina.core.StandardEngine.startInternal Starting Servlet Engine: Apache Tomcat/9.0.0.M1
14-Jan-2016 16:06:21.189 INFO [localhost-startStop-1] org.apache.catalina.startup.HostConfig.deployDirectory Deploying web application directory D:\tomcat9.0.0.M1\webapps\docs
14-Jan-2016 16:06:21.849 INFO [localhost-startStop-1] org.apache.catalina.util.SessionIdGeneratorBase.createSecureRandom Creation of SecureRandom instance for session ID generation using [SHA1PRNG] took [185] milliseconds.
14-Jan-2016 16:06:21.880 INFO [localhost-startStop-1] org.apache.catalina.startup.HostConfig.deployDirectory Deployment of web application directory D:\tomcat9.0.0.M1\webapps\docs has finished in 691 ms
14-Jan-2016 16:06:21.882 INFO [localhost-startStop-1] org.apache.catalina.startup.HostConfig.deployDirectory Deploying web application directory D:\tomcat9.0.0.M1\webapps\examples
14-Jan-2016 16:06:22.453 INFO [localhost-startStop-1] org.apache.catalina.startup.HostConfig.deployDirectory Deployment of web application directory D:\tomcat9.0.0.M1\webapps\examples has finished in 571 ms
14-Jan-2016 16:06:22.455 INFO [localhost-startStop-1] org.apache.catalina.startup.HostConfig.deployDirectory Deploying web application directory D:\tomcat9.0.0.M1\webapps\host-manager
14-Jan-2016 16:06:22.502 INFO [localhost-startStop-1] org.apache.catalina.startup.HostConfig.deployDirectory Deployment of web application directory D:\tomcat9.0.0.M1\webapps\host-manager has finished in 47 ms
14-Jan-2016 16:06:22.505 INFO [localhost-startStop-1] org.apache.catalina.startup.HostConfig.deployDirectory Deploying web application directory D:\tomcat9.0.0.M1\webapps\manager
14-Jan-2016 16:06:22.609 INFO [localhost-startStop-1] org.apache.catalina.startup.HostConfig.deployDirectory Deployment of web application directory D:\tomcat9.0.0.M1\webapps\manager has finished in 104 ms
14-Jan-2016 16:06:22.610 INFO [localhost-startStop-1] org.apache.catalina.startup.HostConfig.deployDirectory Deploying web application directory D:\tomcat9.0.0.M1\webapps\ROOT
14-Jan-2016 16:06:22.642 INFO [localhost-startStop-1] org.apache.catalina.startup.HostConfig.deployDirectory Deployment of web application directory D:\tomcat9.0.0.M1\webapps\ROOT has finished in 31 ms
14-Jan-2016 16:06:22.644 INFO [localhost-startStop-1] org.apache.catalina.startup.HostConfig.deployDirectory Deploying web application directory D:\tomcat9.0.0.M1\webapps\test
14-Jan-2016 16:06:22.682 INFO [localhost-startStop-1] org.apache.catalina.startup.HostConfig.deployDirectory Deployment of web application directory D:\tomcat9.0.0.M1\webapps\test has finished in 38 ms
14-Jan-2016 16:06:22.690 INFO [main] org.apache.coyote.AbstractProtocol.start Starting ProtocolHandler [http-apr-8080]
14-Jan-2016 16:06:22.743 INFO [main] org.apache.coyote.AbstractProtocol.start Starting ProtocolHandler [ajp-apr-8009]
14-Jan-2016 16:06:22.756 INFO [main] org.apache.catalina.startup.Catalina.start Server startup in 1710 ms
14-Jan-2016 16:08:04.884 INFO [main] org.apache.catalina.core.StandardServer.await A valid shutdown command was received via the shutdown port. Stopping the Server instance.
14-Jan-2016 16:08:04.898 INFO [main] org.apache.coyote.AbstractProtocol.pause Pausing ProtocolHandler ["http-apr-8080"]
14-Jan-2016 16:08:04.966 INFO [main] org.apache.coyote.AbstractProtocol.pause Pausing ProtocolHandler ["ajp-apr-8009"]
14-Jan-2016 16:08:05.020 INFO [main] org.apache.catalina.core.StandardService.stopInternal Stopping service Catalina
14-Jan-2016 16:08:05.100 INFO [main] org.apache.coyote.AbstractProtocol.stop Stopping ProtocolHandler ["http-apr-8080"]
14-Jan-2016 16:08:05.165 INFO [main] org.apache.coyote.AbstractProtocol.stop Stopping ProtocolHandler ["ajp-apr-8009"]
14-Jan-2016 16:08:05.219 INFO [main] org.apache.coyote.AbstractProtocol.destroy Destroying ProtocolHandler ["http-apr-8080"]
14-Jan-2016 16:08:05.221 INFO [main] org.apache.coyote.AbstractProtocol.destroy Destroying ProtocolHandler ["ajp-apr-8009"]
14-Jan-2016 16:08:10.918 INFO [main] org.apache.catalina.startup.VersionLoggerListener.log Server version:        Apache Tomcat/9.0.0.M1
14-Jan-2016 16:08:10.922 INFO [main] org.apache.catalina.startup.VersionLoggerListener.log Server built:          Nov 12 2015 22:05:52 UTC
14-Jan-2016 16:08:10.923 INFO [main] org.apache.catalina.startup.VersionLoggerListener.log Server number:         9.0.0.0
14-Jan-2016 16:08:10.924 INFO [main] org.apache.catalina.startup.VersionLoggerListener.log OS Name:               Windows 8.1
14-Jan-2016 16:08:10.924 INFO [main] org.apache.catalina.startup.VersionLoggerListener.log OS Version:            6.3
14-Jan-2016 16:08:10.925 INFO [main] org.apache.catalina.startup.VersionLoggerListener.log Architecture:          amd64
14-Jan-2016 16:08:10.925 INFO [main] org.apache.catalina.startup.VersionLoggerListener.log Java Home:             C:\Program Files\Java\jdk1.8.0_20\jre
14-Jan-2016 16:08:10.926 INFO [main] org.apache.catalina.startup.VersionLoggerListener.log JVM Version:           1.8.0_20-b26
14-Jan-2016 16:08:10.926 INFO [main] org.apache.catalina.startup.VersionLoggerListener.log JVM Vendor:            Oracle Corporation
14-Jan-2016 16:08:10.927 INFO [main] org.apache.catalina.startup.VersionLoggerListener.log CATALINA_BASE:         D:\tomcat9.0.0.M1
14-Jan-2016 16:08:10.927 INFO [main] org.apache.catalina.startup.VersionLoggerListener.log CATALINA_HOME:         D:\tomcat9.0.0.M1
14-Jan-2016 16:08:10.928 INFO [main] org.apache.catalina.startup.VersionLoggerListener.log Command line argument: -Djava.util.logging.config.file=D:\tomcat9.0.0.M1\conf\logging.properties
14-Jan-2016 16:08:10.930 INFO [main] org.apache.catalina.startup.VersionLoggerListener.log Command line argument: -Djava.util.logging.manager=org.apache.juli.ClassLoaderLogManager
14-Jan-2016 16:08:10.932 INFO [main] org.apache.catalina.startup.VersionLoggerListener.log Command line argument: -Dcatalina.base=D:\tomcat9.0.0.M1
14-Jan-2016 16:08:10.933 INFO [main] org.apache.catalina.startup.VersionLoggerListener.log Command line argument: -Dcatalina.home=D:\tomcat9.0.0.M1
14-Jan-2016 16:08:10.935 INFO [main] org.apache.catalina.startup.VersionLoggerListener.log Command line argument: -Djava.io.tmpdir=D:\tomcat9.0.0.M1\temp
14-Jan-2016 16:08:10.937 INFO [main] org.apache.catalina.core.AprLifecycleListener.lifecycleEvent Loaded APR based Apache Tomcat Native library 1.2.2 using APR version 1.5.1.
14-Jan-2016 16:08:10.939 INFO [main] org.apache.catalina.core.AprLifecycleListener.lifecycleEvent APR capabilities: IPv6 [true], sendfile [true], accept filters [false], random [true].
14-Jan-2016 16:08:12.015 INFO [main] org.apache.catalina.core.AprLifecycleListener.initializeSSL OpenSSL successfully initialized (OpenSSL 1.0.2d 9 Jul 2015)
14-Jan-2016 16:08:12.285 INFO [main] org.apache.coyote.AbstractProtocol.init Initializing ProtocolHandler ["http-apr-8080"]
14-Jan-2016 16:08:12.304 INFO [main] org.apache.coyote.AbstractProtocol.init Initializing ProtocolHandler ["ajp-apr-8009"]
14-Jan-2016 16:08:12.308 INFO [main] org.apache.catalina.startup.Catalina.load Initialization processed in 2076 ms
14-Jan-2016 16:08:12.361 INFO [main] org.apache.catalina.core.StandardService.startInternal Starting service Catalina
14-Jan-2016 16:08:12.363 INFO [main] org.apache.catalina.core.StandardEngine.startInternal Starting Servlet Engine: Apache Tomcat/9.0.0.M1
14-Jan-2016 16:08:12.421 INFO [localhost-startStop-1] org.apache.catalina.startup.HostConfig.deployDirectory Deploying web application directory D:\tomcat9.0.0.M1\webapps\docs
14-Jan-2016 16:08:13.109 INFO [localhost-startStop-1] org.apache.catalina.util.SessionIdGeneratorBase.createSecureRandom Creation of SecureRandom instance for session ID generation using [SHA1PRNG] took [262] milliseconds.
14-Jan-2016 16:08:13.151 INFO [localhost-startStop-1] org.apache.catalina.startup.HostConfig.deployDirectory Deployment of web application directory D:\tomcat9.0.0.M1\webapps\docs has finished in 730 ms
14-Jan-2016 16:08:13.153 INFO [localhost-startStop-1] org.apache.catalina.startup.HostConfig.deployDirectory Deploying web application directory D:\tomcat9.0.0.M1\webapps\examples
14-Jan-2016 16:08:13.768 INFO [localhost-startStop-1] org.apache.catalina.startup.HostConfig.deployDirectory Deployment of web application directory D:\tomcat9.0.0.M1\webapps\examples has finished in 615 ms
14-Jan-2016 16:08:13.769 INFO [localhost-startStop-1] org.apache.catalina.startup.HostConfig.deployDirectory Deploying web application directory D:\tomcat9.0.0.M1\webapps\host-manager
14-Jan-2016 16:08:13.815 INFO [localhost-startStop-1] org.apache.catalina.startup.HostConfig.deployDirectory Deployment of web application directory D:\tomcat9.0.0.M1\webapps\host-manager has finished in 46 ms
14-Jan-2016 16:08:13.817 INFO [localhost-startStop-1] org.apache.catalina.startup.HostConfig.deployDirectory Deploying web application directory D:\tomcat9.0.0.M1\webapps\manager
14-Jan-2016 16:08:13.909 INFO [localhost-startStop-1] org.apache.catalina.startup.HostConfig.deployDirectory Deployment of web application directory D:\tomcat9.0.0.M1\webapps\manager has finished in 92 ms
14-Jan-2016 16:08:13.911 INFO [localhost-startStop-1] org.apache.catalina.startup.HostConfig.deployDirectory Deploying web application directory D:\tomcat9.0.0.M1\webapps\ROOT
14-Jan-2016 16:08:13.945 INFO [localhost-startStop-1] org.apache.catalina.startup.HostConfig.deployDirectory Deployment of web application directory D:\tomcat9.0.0.M1\webapps\ROOT has finished in 34 ms
14-Jan-2016 16:08:13.946 INFO [localhost-startStop-1] org.apache.catalina.startup.HostConfig.deployDirectory Deploying web application directory D:\tomcat9.0.0.M1\webapps\test
14-Jan-2016 16:08:13.984 INFO [localhost-startStop-1] org.apache.catalina.startup.HostConfig.deployDirectory Deployment of web application directory D:\tomcat9.0.0.M1\webapps\test has finished in 38 ms
14-Jan-2016 16:08:14.015 INFO [main] org.apache.coyote.AbstractProtocol.start Starting ProtocolHandler [http-apr-8080]
14-Jan-2016 16:08:14.085 INFO [main] org.apache.coyote.AbstractProtocol.start Starting ProtocolHandler [ajp-apr-8009]
14-Jan-2016 16:08:14.101 INFO [main] org.apache.catalina.startup.Catalina.start Server startup in 1792 ms
14-Jan-2016 16:11:01.356 INFO [main] org.apache.catalina.core.StandardServer.await A valid shutdown command was received via the shutdown port. Stopping the Server instance.
14-Jan-2016 16:11:01.368 INFO [main] org.apache.coyote.AbstractProtocol.pause Pausing ProtocolHandler ["http-apr-8080"]
14-Jan-2016 16:11:01.384 INFO [main] org.apache.coyote.AbstractProtocol.pause Pausing ProtocolHandler ["ajp-apr-8009"]
14-Jan-2016 16:11:01.437 INFO [main] org.apache.catalina.core.StandardService.stopInternal Stopping service Catalina
14-Jan-2016 16:11:01.561 INFO [main] org.apache.coyote.AbstractProtocol.stop Stopping ProtocolHandler ["http-apr-8080"]
14-Jan-2016 16:11:01.649 INFO [main] org.apache.coyote.AbstractProtocol.stop Stopping ProtocolHandler ["ajp-apr-8009"]
14-Jan-2016 16:11:01.713 INFO [main] org.apache.coyote.AbstractProtocol.destroy Destroying ProtocolHandler ["http-apr-8080"]
14-Jan-2016 16:11:01.719 INFO [main] org.apache.coyote.AbstractProtocol.destroy Destroying ProtocolHandler ["ajp-apr-8009"]
14-Jan-2016 16:11:10.049 INFO [main] org.apache.catalina.startup.VersionLoggerListener.log Server version:        Apache Tomcat/9.0.0.M1
14-Jan-2016 16:11:10.052 INFO [main] org.apache.catalina.startup.VersionLoggerListener.log Server built:          Nov 12 2015 22:05:52 UTC
14-Jan-2016 16:11:10.053 INFO [main] org.apache.catalina.startup.VersionLoggerListener.log Server number:         9.0.0.0
14-Jan-2016 16:11:10.053 INFO [main] org.apache.catalina.startup.VersionLoggerListener.log OS Name:               Windows 8.1
14-Jan-2016 16:11:10.053 INFO [main] org.apache.catalina.startup.VersionLoggerListener.log OS Version:            6.3
14-Jan-2016 16:11:10.054 INFO [main] org.apache.catalina.startup.VersionLoggerListener.log Architecture:          amd64
14-Jan-2016 16:11:10.054 INFO [main] org.apache.catalina.startup.VersionLoggerListener.log Java Home:             C:\Program Files\Java\jdk1.8.0_20\jre
14-Jan-2016 16:11:10.055 INFO [main] org.apache.catalina.startup.VersionLoggerListener.log JVM Version:           1.8.0_20-b26
14-Jan-2016 16:11:10.055 INFO [main] org.apache.catalina.startup.VersionLoggerListener.log JVM Vendor:            Oracle Corporation
14-Jan-2016 16:11:10.056 INFO [main] org.apache.catalina.startup.VersionLoggerListener.log CATALINA_BASE:         D:\tomcat9.0.0.M1
14-Jan-2016 16:11:10.056 INFO [main] org.apache.catalina.startup.VersionLoggerListener.log CATALINA_HOME:         D:\tomcat9.0.0.M1
14-Jan-2016 16:11:10.058 INFO [main] org.apache.catalina.startup.VersionLoggerListener.log Command line argument: -Djava.util.logging.config.file=D:\tomcat9.0.0.M1\conf\logging.properties
14-Jan-2016 16:11:10.059 INFO [main] org.apache.catalina.startup.VersionLoggerListener.log Command line argument: -Djava.util.logging.manager=org.apache.juli.ClassLoaderLogManager
14-Jan-2016 16:11:10.061 INFO [main] org.apache.catalina.startup.VersionLoggerListener.log Command line argument: -Dcatalina.base=D:\tomcat9.0.0.M1
14-Jan-2016 16:11:10.063 INFO [main] org.apache.catalina.startup.VersionLoggerListener.log Command line argument: -Dcatalina.home=D:\tomcat9.0.0.M1
14-Jan-2016 16:11:10.065 INFO [main] org.apache.catalina.startup.VersionLoggerListener.log Command line argument: -Djava.io.tmpdir=D:\tomcat9.0.0.M1\temp
14-Jan-2016 16:11:10.068 INFO [main] org.apache.catalina.core.AprLifecycleListener.lifecycleEvent Loaded APR based Apache Tomcat Native library 1.2.2 using APR version 1.5.1.
14-Jan-2016 16:11:10.070 INFO [main] org.apache.catalina.core.AprLifecycleListener.lifecycleEvent APR capabilities: IPv6 [true], sendfile [true], accept filters [false], random [true].
14-Jan-2016 16:11:11.186 INFO [main] org.apache.catalina.core.AprLifecycleListener.initializeSSL OpenSSL successfully initialized (OpenSSL 1.0.2d 9 Jul 2015)
14-Jan-2016 16:11:11.430 INFO [main] org.apache.coyote.AbstractProtocol.init Initializing ProtocolHandler ["http-apr-8080"]
14-Jan-2016 16:11:11.452 INFO [main] org.apache.coyote.AbstractProtocol.init Initializing ProtocolHandler ["ajp-apr-8009"]
14-Jan-2016 16:11:11.455 INFO [main] org.apache.catalina.startup.Catalina.load Initialization processed in 2070 ms
14-Jan-2016 16:11:11.511 INFO [main] org.apache.catalina.core.StandardService.startInternal Starting service Catalina
14-Jan-2016 16:11:11.512 INFO [main] org.apache.catalina.core.StandardEngine.startInternal Starting Servlet Engine: Apache Tomcat/9.0.0.M1
14-Jan-2016 16:11:11.617 INFO [localhost-startStop-1] org.apache.catalina.startup.HostConfig.deployDirectory Deploying web application directory D:\tomcat9.0.0.M1\webapps\docs
14-Jan-2016 16:11:12.398 INFO [localhost-startStop-1] org.apache.catalina.util.SessionIdGeneratorBase.createSecureRandom Creation of SecureRandom instance for session ID generation using [SHA1PRNG] took [234] milliseconds.
14-Jan-2016 16:11:12.433 INFO [localhost-startStop-1] org.apache.catalina.startup.HostConfig.deployDirectory Deployment of web application directory D:\tomcat9.0.0.M1\webapps\docs has finished in 817 ms
14-Jan-2016 16:11:12.435 INFO [localhost-startStop-1] org.apache.catalina.startup.HostConfig.deployDirectory Deploying web application directory D:\tomcat9.0.0.M1\webapps\examples
14-Jan-2016 16:11:13.048 INFO [localhost-startStop-1] org.apache.catalina.startup.HostConfig.deployDirectory Deployment of web application directory D:\tomcat9.0.0.M1\webapps\examples has finished in 613 ms
14-Jan-2016 16:11:13.050 INFO [localhost-startStop-1] org.apache.catalina.startup.HostConfig.deployDirectory Deploying web application directory D:\tomcat9.0.0.M1\webapps\host-manager
14-Jan-2016 16:11:13.122 INFO [localhost-startStop-1] org.apache.catalina.startup.HostConfig.deployDirectory Deployment of web application directory D:\tomcat9.0.0.M1\webapps\host-manager has finished in 72 ms
14-Jan-2016 16:11:13.127 INFO [localhost-startStop-1] org.apache.catalina.startup.HostConfig.deployDirectory Deploying web application directory D:\tomcat9.0.0.M1\webapps\manager
14-Jan-2016 16:11:13.212 INFO [localhost-startStop-1] org.apache.catalina.startup.HostConfig.deployDirectory Deployment of web application directory D:\tomcat9.0.0.M1\webapps\manager has finished in 85 ms
14-Jan-2016 16:11:13.214 INFO [localhost-startStop-1] org.apache.catalina.startup.HostConfig.deployDirectory Deploying web application directory D:\tomcat9.0.0.M1\webapps\ROOT
14-Jan-2016 16:11:13.245 INFO [localhost-startStop-1] org.apache.catalina.startup.HostConfig.deployDirectory Deployment of web application directory D:\tomcat9.0.0.M1\webapps\ROOT has finished in 30 ms
14-Jan-2016 16:11:13.248 INFO [localhost-startStop-1] org.apache.catalina.startup.HostConfig.deployDirectory Deploying web application directory D:\tomcat9.0.0.M1\webapps\test
14-Jan-2016 16:11:13.292 INFO [localhost-startStop-1] org.apache.catalina.startup.HostConfig.deployDirectory Deployment of web application directory D:\tomcat9.0.0.M1\webapps\test has finished in 44 ms
14-Jan-2016 16:11:13.328 INFO [main] org.apache.coyote.AbstractProtocol.start Starting ProtocolHandler [http-apr-8080]
14-Jan-2016 16:11:13.355 INFO [main] org.apache.coyote.AbstractProtocol.start Starting ProtocolHandler [ajp-apr-8009]
14-Jan-2016 16:11:13.371 INFO [main] org.apache.catalina.startup.Catalina.start Server startup in 1915 ms
14-Jan-2016 16:17:01.261 INFO [main] org.apache.catalina.core.StandardServer.await A valid shutdown command was received via the shutdown port. Stopping the Server instance.
14-Jan-2016 16:17:01.275 INFO [main] org.apache.coyote.AbstractProtocol.pause Pausing ProtocolHandler ["http-apr-8080"]
14-Jan-2016 16:17:01.340 INFO [main] org.apache.coyote.AbstractProtocol.pause Pausing ProtocolHandler ["ajp-apr-8009"]
14-Jan-2016 16:17:01.391 INFO [main] org.apache.catalina.core.StandardService.stopInternal Stopping service Catalina
14-Jan-2016 16:17:01.548 INFO [main] org.apache.coyote.AbstractProtocol.stop Stopping ProtocolHandler ["http-apr-8080"]
14-Jan-2016 16:17:01.618 INFO [main] org.apache.coyote.AbstractProtocol.stop Stopping ProtocolHandler ["ajp-apr-8009"]
14-Jan-2016 16:17:01.676 INFO [main] org.apache.coyote.AbstractProtocol.destroy Destroying ProtocolHandler ["http-apr-8080"]
14-Jan-2016 16:17:01.694 INFO [main] org.apache.coyote.AbstractProtocol.destroy Destroying ProtocolHandler ["ajp-apr-8009"]
14-Jan-2016 16:17:06.352 INFO [main] org.apache.catalina.startup.VersionLoggerListener.log Server version:        Apache Tomcat/9.0.0.M1
14-Jan-2016 16:17:06.355 INFO [main] org.apache.catalina.startup.VersionLoggerListener.log Server built:          Nov 12 2015 22:05:52 UTC
14-Jan-2016 16:17:06.356 INFO [main] org.apache.catalina.startup.VersionLoggerListener.log Server number:         9.0.0.0
14-Jan-2016 16:17:06.356 INFO [main] org.apache.catalina.startup.VersionLoggerListener.log OS Name:               Windows 8.1
14-Jan-2016 16:17:06.356 INFO [main] org.apache.catalina.startup.VersionLoggerListener.log OS Version:            6.3
14-Jan-2016 16:17:06.357 INFO [main] org.apache.catalina.startup.VersionLoggerListener.log Architecture:          amd64
14-Jan-2016 16:17:06.357 INFO [main] org.apache.catalina.startup.VersionLoggerListener.log Java Home:             C:\Program Files\Java\jdk1.8.0_20\jre
14-Jan-2016 16:17:06.358 INFO [main] org.apache.catalina.startup.VersionLoggerListener.log JVM Version:           1.8.0_20-b26
14-Jan-2016 16:17:06.358 INFO [main] org.apache.catalina.startup.VersionLoggerListener.log JVM Vendor:            Oracle Corporation
14-Jan-2016 16:17:06.359 INFO [main] org.apache.catalina.startup.VersionLoggerListener.log CATALINA_BASE:         D:\tomcat9.0.0.M1
14-Jan-2016 16:17:06.359 INFO [main] org.apache.catalina.startup.VersionLoggerListener.log CATALINA_HOME:         D:\tomcat9.0.0.M1
14-Jan-2016 16:17:06.360 INFO [main] org.apache.catalina.startup.VersionLoggerListener.log Command line argument: -Djava.util.logging.config.file=D:\tomcat9.0.0.M1\conf\logging.properties
14-Jan-2016 16:17:06.361 INFO [main] org.apache.catalina.startup.VersionLoggerListener.log Command line argument: -Djava.util.logging.manager=org.apache.juli.ClassLoaderLogManager
14-Jan-2016 16:17:06.363 INFO [main] org.apache.catalina.startup.VersionLoggerListener.log Command line argument: -Dcatalina.base=D:\tomcat9.0.0.M1
14-Jan-2016 16:17:06.364 INFO [main] org.apache.catalina.startup.VersionLoggerListener.log Command line argument: -Dcatalina.home=D:\tomcat9.0.0.M1
14-Jan-2016 16:17:06.365 INFO [main] org.apache.catalina.startup.VersionLoggerListener.log Command line argument: -Djava.io.tmpdir=D:\tomcat9.0.0.M1\temp
14-Jan-2016 16:17:06.367 INFO [main] org.apache.catalina.core.AprLifecycleListener.lifecycleEvent Loaded APR based Apache Tomcat Native library 1.2.2 using APR version 1.5.1.
14-Jan-2016 16:17:06.369 INFO [main] org.apache.catalina.core.AprLifecycleListener.lifecycleEvent APR capabilities: IPv6 [true], sendfile [true], accept filters [false], random [true].
14-Jan-2016 16:17:07.457 INFO [main] org.apache.catalina.core.AprLifecycleListener.initializeSSL OpenSSL successfully initialized (OpenSSL 1.0.2d 9 Jul 2015)
14-Jan-2016 16:17:07.702 INFO [main] org.apache.coyote.AbstractProtocol.init Initializing ProtocolHandler ["http-apr-8080"]
14-Jan-2016 16:17:07.725 INFO [main] org.apache.coyote.AbstractProtocol.init Initializing ProtocolHandler ["ajp-apr-8009"]
14-Jan-2016 16:17:07.729 INFO [main] org.apache.catalina.startup.Catalina.load Initialization processed in 2086 ms
14-Jan-2016 16:17:07.805 INFO [main] org.apache.catalina.core.StandardService.startInternal Starting service Catalina
14-Jan-2016 16:17:07.807 INFO [main] org.apache.catalina.core.StandardEngine.startInternal Starting Servlet Engine: Apache Tomcat/9.0.0.M1
14-Jan-2016 16:17:07.950 INFO [localhost-startStop-1] org.apache.catalina.startup.HostConfig.deployDirectory Deploying web application directory D:\tomcat9.0.0.M1\webapps\docs
14-Jan-2016 16:17:08.665 INFO [localhost-startStop-1] org.apache.catalina.util.SessionIdGeneratorBase.createSecureRandom Creation of SecureRandom instance for session ID generation using [SHA1PRNG] took [265] milliseconds.
14-Jan-2016 16:17:08.703 INFO [localhost-startStop-1] org.apache.catalina.startup.HostConfig.deployDirectory Deployment of web application directory D:\tomcat9.0.0.M1\webapps\docs has finished in 754 ms
14-Jan-2016 16:17:08.705 INFO [localhost-startStop-1] org.apache.catalina.startup.HostConfig.deployDirectory Deploying web application directory D:\tomcat9.0.0.M1\webapps\examples
14-Jan-2016 16:17:09.303 INFO [localhost-startStop-1] org.apache.catalina.startup.HostConfig.deployDirectory Deployment of web application directory D:\tomcat9.0.0.M1\webapps\examples has finished in 598 ms
14-Jan-2016 16:17:09.305 INFO [localhost-startStop-1] org.apache.catalina.startup.HostConfig.deployDirectory Deploying web application directory D:\tomcat9.0.0.M1\webapps\host-manager
14-Jan-2016 16:17:09.385 INFO [localhost-startStop-1] org.apache.catalina.startup.HostConfig.deployDirectory Deployment of web application directory D:\tomcat9.0.0.M1\webapps\host-manager has finished in 78 ms
14-Jan-2016 16:17:09.387 INFO [localhost-startStop-1] org.apache.catalina.startup.HostConfig.deployDirectory Deploying web application directory D:\tomcat9.0.0.M1\webapps\manager
14-Jan-2016 16:17:09.425 INFO [localhost-startStop-1] org.apache.catalina.startup.HostConfig.deployDirectory Deployment of web application directory D:\tomcat9.0.0.M1\webapps\manager has finished in 38 ms
14-Jan-2016 16:17:09.428 INFO [localhost-startStop-1] org.apache.catalina.startup.HostConfig.deployDirectory Deploying web application directory D:\tomcat9.0.0.M1\webapps\ROOT
14-Jan-2016 16:17:09.465 INFO [localhost-startStop-1] org.apache.catalina.startup.HostConfig.deployDirectory Deployment of web application directory D:\tomcat9.0.0.M1\webapps\ROOT has finished in 37 ms
14-Jan-2016 16:17:09.468 INFO [localhost-startStop-1] org.apache.catalina.startup.HostConfig.deployDirectory Deploying web application directory D:\tomcat9.0.0.M1\webapps\test
14-Jan-2016 16:17:09.538 INFO [localhost-startStop-1] org.apache.catalina.startup.HostConfig.deployDirectory Deployment of web application directory D:\tomcat9.0.0.M1\webapps\test has finished in 70 ms
14-Jan-2016 16:17:09.575 INFO [main] org.apache.coyote.AbstractProtocol.start Starting ProtocolHandler [http-apr-8080]
14-Jan-2016 16:17:09.604 INFO [main] org.apache.coyote.AbstractProtocol.start Starting ProtocolHandler [ajp-apr-8009]
14-Jan-2016 16:17:09.623 INFO [main] org.apache.catalina.startup.Catalina.start Server startup in 1892 ms
14-Jan-2016 17:59:54.674 INFO [main] org.apache.catalina.core.StandardServer.await A valid shutdown command was received via the shutdown port. Stopping the Server instance.
14-Jan-2016 17:59:54.704 INFO [main] org.apache.coyote.AbstractProtocol.pause Pausing ProtocolHandler ["http-apr-8080"]
14-Jan-2016 17:59:54.812 INFO [main] org.apache.coyote.AbstractProtocol.pause Pausing ProtocolHandler ["ajp-apr-8009"]
14-Jan-2016 17:59:54.864 INFO [main] org.apache.catalina.core.StandardService.stopInternal Stopping service Catalina
14-Jan-2016 17:59:55.193 INFO [main] org.apache.coyote.AbstractProtocol.stop Stopping ProtocolHandler ["http-apr-8080"]
14-Jan-2016 17:59:55.282 INFO [main] org.apache.coyote.AbstractProtocol.stop Stopping ProtocolHandler ["ajp-apr-8009"]
14-Jan-2016 17:59:55.335 INFO [main] org.apache.coyote.AbstractProtocol.destroy Destroying ProtocolHandler ["http-apr-8080"]
14-Jan-2016 17:59:55.336 INFO [main] org.apache.coyote.AbstractProtocol.destroy Destroying ProtocolHandler ["ajp-apr-8009"]
