12-Jan-2016 18:18:44.710 INFO [main] org.apache.catalina.startup.VersionLoggerListener.log Server version:        Apache Tomcat/9.0.0.M1
12-Jan-2016 18:18:44.713 INFO [main] org.apache.catalina.startup.VersionLoggerListener.log Server built:          Nov 12 2015 22:05:52 UTC
12-Jan-2016 18:18:44.714 INFO [main] org.apache.catalina.startup.VersionLoggerListener.log Server number:         9.0.0.0
12-Jan-2016 18:18:44.714 INFO [main] org.apache.catalina.startup.VersionLoggerListener.log OS Name:               Windows 8.1
12-Jan-2016 18:18:44.715 INFO [main] org.apache.catalina.startup.VersionLoggerListener.log OS Version:            6.3
12-Jan-2016 18:18:44.715 INFO [main] org.apache.catalina.startup.VersionLoggerListener.log Architecture:          amd64
12-Jan-2016 18:18:44.716 INFO [main] org.apache.catalina.startup.VersionLoggerListener.log Java Home:             C:\Program Files\Java\jdk1.8.0_20\jre
12-Jan-2016 18:18:44.716 INFO [main] org.apache.catalina.startup.VersionLoggerListener.log JVM Version:           1.8.0_20-b26
12-Jan-2016 18:18:44.716 INFO [main] org.apache.catalina.startup.VersionLoggerListener.log JVM Vendor:            Oracle Corporation
12-Jan-2016 18:18:44.717 INFO [main] org.apache.catalina.startup.VersionLoggerListener.log CATALINA_BASE:         D:\tomcat9.0.0.M1
12-Jan-2016 18:18:44.717 INFO [main] org.apache.catalina.startup.VersionLoggerListener.log CATALINA_HOME:         D:\tomcat9.0.0.M1
12-Jan-2016 18:18:44.718 INFO [main] org.apache.catalina.startup.VersionLoggerListener.log Command line argument: -Djava.util.logging.config.file=D:\tomcat9.0.0.M1\conf\logging.properties
12-Jan-2016 18:18:44.736 INFO [main] org.apache.catalina.startup.VersionLoggerListener.log Command line argument: -Djava.util.logging.manager=org.apache.juli.ClassLoaderLogManager
12-Jan-2016 18:18:44.737 INFO [main] org.apache.catalina.startup.VersionLoggerListener.log Command line argument: -Dcatalina.base=D:\tomcat9.0.0.M1
12-Jan-2016 18:18:44.739 INFO [main] org.apache.catalina.startup.VersionLoggerListener.log Command line argument: -Dcatalina.home=D:\tomcat9.0.0.M1
12-Jan-2016 18:18:44.740 INFO [main] org.apache.catalina.startup.VersionLoggerListener.log Command line argument: -Djava.io.tmpdir=D:\tomcat9.0.0.M1\temp
12-Jan-2016 18:18:44.741 INFO [main] org.apache.catalina.core.AprLifecycleListener.lifecycleEvent Loaded APR based Apache Tomcat Native library 1.2.2 using APR version 1.5.1.
12-Jan-2016 18:18:44.743 INFO [main] org.apache.catalina.core.AprLifecycleListener.lifecycleEvent APR capabilities: IPv6 [true], sendfile [true], accept filters [false], random [true].
12-Jan-2016 18:18:45.861 INFO [main] org.apache.catalina.core.AprLifecycleListener.initializeSSL OpenSSL successfully initialized (OpenSSL 1.0.2d 9 Jul 2015)
12-Jan-2016 18:18:46.824 INFO [main] org.apache.coyote.AbstractProtocol.init Initializing ProtocolHandler ["http-apr-8080"]
12-Jan-2016 18:18:46.842 INFO [main] org.apache.coyote.AbstractProtocol.init Initializing ProtocolHandler ["ajp-apr-8009"]
12-Jan-2016 18:18:46.847 INFO [main] org.apache.catalina.startup.Catalina.load Initialization processed in 3958 ms
12-Jan-2016 18:18:46.989 INFO [main] org.apache.catalina.core.StandardService.startInternal Starting service Catalina
12-Jan-2016 18:18:46.990 INFO [main] org.apache.catalina.core.StandardEngine.startInternal Starting Servlet Engine: Apache Tomcat/9.0.0.M1
12-Jan-2016 18:18:47.085 INFO [localhost-startStop-1] org.apache.catalina.startup.HostConfig.deployDirectory Deploying web application directory D:\tomcat9.0.0.M1\webapps\docs
12-Jan-2016 18:18:48.186 INFO [localhost-startStop-1] org.apache.catalina.util.SessionIdGeneratorBase.createSecureRandom Creation of SecureRandom instance for session ID generation using [SHA1PRNG] took [442] milliseconds.
12-Jan-2016 18:18:48.240 INFO [localhost-startStop-1] org.apache.catalina.startup.HostConfig.deployDirectory Deployment of web application directory D:\tomcat9.0.0.M1\webapps\docs has finished in 1,155 ms
12-Jan-2016 18:18:48.242 INFO [localhost-startStop-1] org.apache.catalina.startup.HostConfig.deployDirectory Deploying web application directory D:\tomcat9.0.0.M1\webapps\examples
12-Jan-2016 18:18:49.056 INFO [localhost-startStop-1] org.apache.catalina.startup.HostConfig.deployDirectory Deployment of web application directory D:\tomcat9.0.0.M1\webapps\examples has finished in 814 ms
12-Jan-2016 18:18:49.059 INFO [localhost-startStop-1] org.apache.catalina.startup.HostConfig.deployDirectory Deploying web application directory D:\tomcat9.0.0.M1\webapps\host-manager
12-Jan-2016 18:18:49.105 INFO [localhost-startStop-1] org.apache.catalina.startup.HostConfig.deployDirectory Deployment of web application directory D:\tomcat9.0.0.M1\webapps\host-manager has finished in 45 ms
12-Jan-2016 18:18:49.123 INFO [localhost-startStop-1] org.apache.catalina.startup.HostConfig.deployDirectory Deploying web application directory D:\tomcat9.0.0.M1\webapps\manager
12-Jan-2016 18:18:49.189 INFO [localhost-startStop-1] org.apache.catalina.startup.HostConfig.deployDirectory Deployment of web application directory D:\tomcat9.0.0.M1\webapps\manager has finished in 67 ms
12-Jan-2016 18:18:49.191 INFO [localhost-startStop-1] org.apache.catalina.startup.HostConfig.deployDirectory Deploying web application directory D:\tomcat9.0.0.M1\webapps\ROOT
12-Jan-2016 18:18:49.227 INFO [localhost-startStop-1] org.apache.catalina.startup.HostConfig.deployDirectory Deployment of web application directory D:\tomcat9.0.0.M1\webapps\ROOT has finished in 36 ms
12-Jan-2016 18:18:49.322 INFO [main] org.apache.coyote.AbstractProtocol.start Starting ProtocolHandler [http-apr-8080]
12-Jan-2016 18:18:49.358 INFO [main] org.apache.coyote.AbstractProtocol.start Starting ProtocolHandler [ajp-apr-8009]
12-Jan-2016 18:18:49.375 INFO [main] org.apache.catalina.startup.Catalina.start Server startup in 2527 ms
12-Jan-2016 21:13:24.743 INFO [main] org.apache.catalina.startup.VersionLoggerListener.log Server version:        Apache Tomcat/9.0.0.M1
12-Jan-2016 21:13:24.747 INFO [main] org.apache.catalina.startup.VersionLoggerListener.log Server built:          Nov 12 2015 22:05:52 UTC
12-Jan-2016 21:13:24.747 INFO [main] org.apache.catalina.startup.VersionLoggerListener.log Server number:         9.0.0.0
12-Jan-2016 21:13:24.748 INFO [main] org.apache.catalina.startup.VersionLoggerListener.log OS Name:               Windows 8.1
12-Jan-2016 21:13:24.748 INFO [main] org.apache.catalina.startup.VersionLoggerListener.log OS Version:            6.3
12-Jan-2016 21:13:24.748 INFO [main] org.apache.catalina.startup.VersionLoggerListener.log Architecture:          amd64
12-Jan-2016 21:13:24.748 INFO [main] org.apache.catalina.startup.VersionLoggerListener.log Java Home:             C:\Program Files\Java\jdk1.8.0_20\jre
12-Jan-2016 21:13:24.749 INFO [main] org.apache.catalina.startup.VersionLoggerListener.log JVM Version:           1.8.0_20-b26
12-Jan-2016 21:13:24.749 INFO [main] org.apache.catalina.startup.VersionLoggerListener.log JVM Vendor:            Oracle Corporation
12-Jan-2016 21:13:24.749 INFO [main] org.apache.catalina.startup.VersionLoggerListener.log CATALINA_BASE:         D:\tomcat9.0.0.M1
12-Jan-2016 21:13:24.750 INFO [main] org.apache.catalina.startup.VersionLoggerListener.log CATALINA_HOME:         D:\tomcat9.0.0.M1
12-Jan-2016 21:13:24.750 INFO [main] org.apache.catalina.startup.VersionLoggerListener.log Command line argument: -Djava.util.logging.config.file=D:\tomcat9.0.0.M1\conf\logging.properties
12-Jan-2016 21:13:24.802 INFO [main] org.apache.catalina.startup.VersionLoggerListener.log Command line argument: -Djava.util.logging.manager=org.apache.juli.ClassLoaderLogManager
12-Jan-2016 21:13:24.804 INFO [main] org.apache.catalina.startup.VersionLoggerListener.log Command line argument: -Dcatalina.base=D:\tomcat9.0.0.M1
12-Jan-2016 21:13:24.804 INFO [main] org.apache.catalina.startup.VersionLoggerListener.log Command line argument: -Dcatalina.home=D:\tomcat9.0.0.M1
12-Jan-2016 21:13:24.807 INFO [main] org.apache.catalina.startup.VersionLoggerListener.log Command line argument: -Djava.io.tmpdir=D:\tomcat9.0.0.M1\temp
12-Jan-2016 21:13:24.808 INFO [main] org.apache.catalina.core.AprLifecycleListener.lifecycleEvent Loaded APR based Apache Tomcat Native library 1.2.2 using APR version 1.5.1.
12-Jan-2016 21:13:24.809 INFO [main] org.apache.catalina.core.AprLifecycleListener.lifecycleEvent APR capabilities: IPv6 [true], sendfile [true], accept filters [false], random [true].
12-Jan-2016 21:13:25.774 INFO [main] org.apache.catalina.core.AprLifecycleListener.initializeSSL OpenSSL successfully initialized (OpenSSL 1.0.2d 9 Jul 2015)
12-Jan-2016 21:13:29.285 INFO [main] org.apache.coyote.AbstractProtocol.init Initializing ProtocolHandler ["http-apr-8080"]
12-Jan-2016 21:13:29.314 INFO [main] org.apache.coyote.AbstractProtocol.init Initializing ProtocolHandler ["ajp-apr-8009"]
12-Jan-2016 21:13:29.316 INFO [main] org.apache.catalina.startup.Catalina.load Initialization processed in 10199 ms
12-Jan-2016 21:13:29.591 INFO [main] org.apache.catalina.core.StandardService.startInternal Starting service Catalina
12-Jan-2016 21:13:29.592 INFO [main] org.apache.catalina.core.StandardEngine.startInternal Starting Servlet Engine: Apache Tomcat/9.0.0.M1
12-Jan-2016 21:13:29.777 INFO [localhost-startStop-1] org.apache.catalina.startup.HostConfig.deployDirectory Deploying web application directory D:\tomcat9.0.0.M1\webapps\docs
12-Jan-2016 21:13:31.827 INFO [localhost-startStop-1] org.apache.catalina.util.SessionIdGeneratorBase.createSecureRandom Creation of SecureRandom instance for session ID generation using [SHA1PRNG] took [551] milliseconds.
12-Jan-2016 21:13:31.907 INFO [localhost-startStop-1] org.apache.catalina.startup.HostConfig.deployDirectory Deployment of web application directory D:\tomcat9.0.0.M1\webapps\docs has finished in 2,130 ms
12-Jan-2016 21:13:31.909 INFO [localhost-startStop-1] org.apache.catalina.startup.HostConfig.deployDirectory Deploying web application directory D:\tomcat9.0.0.M1\webapps\examples
12-Jan-2016 21:13:32.941 INFO [localhost-startStop-1] org.apache.catalina.startup.HostConfig.deployDirectory Deployment of web application directory D:\tomcat9.0.0.M1\webapps\examples has finished in 1,032 ms
12-Jan-2016 21:13:32.943 INFO [localhost-startStop-1] org.apache.catalina.startup.HostConfig.deployDirectory Deploying web application directory D:\tomcat9.0.0.M1\webapps\host-manager
12-Jan-2016 21:13:33.067 INFO [localhost-startStop-1] org.apache.catalina.startup.HostConfig.deployDirectory Deployment of web application directory D:\tomcat9.0.0.M1\webapps\host-manager has finished in 125 ms
12-Jan-2016 21:13:33.069 INFO [localhost-startStop-1] org.apache.catalina.startup.HostConfig.deployDirectory Deploying web application directory D:\tomcat9.0.0.M1\webapps\manager
12-Jan-2016 21:13:33.127 INFO [localhost-startStop-1] org.apache.catalina.startup.HostConfig.deployDirectory Deployment of web application directory D:\tomcat9.0.0.M1\webapps\manager has finished in 58 ms
12-Jan-2016 21:13:33.128 INFO [localhost-startStop-1] org.apache.catalina.startup.HostConfig.deployDirectory Deploying web application directory D:\tomcat9.0.0.M1\webapps\ROOT
12-Jan-2016 21:13:33.192 INFO [localhost-startStop-1] org.apache.catalina.startup.HostConfig.deployDirectory Deployment of web application directory D:\tomcat9.0.0.M1\webapps\ROOT has finished in 64 ms
12-Jan-2016 21:13:33.204 INFO [main] org.apache.coyote.AbstractProtocol.start Starting ProtocolHandler [http-apr-8080]
12-Jan-2016 21:13:33.254 INFO [main] org.apache.coyote.AbstractProtocol.start Starting ProtocolHandler [ajp-apr-8009]
12-Jan-2016 21:13:33.263 INFO [main] org.apache.catalina.startup.Catalina.start Server startup in 3946 ms
12-Jan-2016 21:14:49.990 INFO [main] org.apache.catalina.startup.VersionLoggerListener.log Server version:        Apache Tomcat/9.0.0.M1
12-Jan-2016 21:14:49.994 INFO [main] org.apache.catalina.startup.VersionLoggerListener.log Server built:          Nov 12 2015 22:05:52 UTC
12-Jan-2016 21:14:49.995 INFO [main] org.apache.catalina.startup.VersionLoggerListener.log Server number:         9.0.0.0
12-Jan-2016 21:14:49.995 INFO [main] org.apache.catalina.startup.VersionLoggerListener.log OS Name:               Windows 8.1
12-Jan-2016 21:14:49.996 INFO [main] org.apache.catalina.startup.VersionLoggerListener.log OS Version:            6.3
12-Jan-2016 21:14:49.996 INFO [main] org.apache.catalina.startup.VersionLoggerListener.log Architecture:          amd64
12-Jan-2016 21:14:49.996 INFO [main] org.apache.catalina.startup.VersionLoggerListener.log Java Home:             C:\Program Files\Java\jdk1.8.0_20\jre
12-Jan-2016 21:14:49.997 INFO [main] org.apache.catalina.startup.VersionLoggerListener.log JVM Version:           1.8.0_20-b26
12-Jan-2016 21:14:49.997 INFO [main] org.apache.catalina.startup.VersionLoggerListener.log JVM Vendor:            Oracle Corporation
12-Jan-2016 21:14:49.998 INFO [main] org.apache.catalina.startup.VersionLoggerListener.log CATALINA_BASE:         D:\tomcat9.0.0.M1
12-Jan-2016 21:14:49.998 INFO [main] org.apache.catalina.startup.VersionLoggerListener.log CATALINA_HOME:         D:\tomcat9.0.0.M1
12-Jan-2016 21:14:49.999 INFO [main] org.apache.catalina.startup.VersionLoggerListener.log Command line argument: -Djava.util.logging.config.file=D:\tomcat9.0.0.M1\conf\logging.properties
12-Jan-2016 21:14:50.000 INFO [main] org.apache.catalina.startup.VersionLoggerListener.log Command line argument: -Djava.util.logging.manager=org.apache.juli.ClassLoaderLogManager
12-Jan-2016 21:14:50.003 INFO [main] org.apache.catalina.startup.VersionLoggerListener.log Command line argument: -Dcatalina.base=D:\tomcat9.0.0.M1
12-Jan-2016 21:14:50.004 INFO [main] org.apache.catalina.startup.VersionLoggerListener.log Command line argument: -Dcatalina.home=D:\tomcat9.0.0.M1
12-Jan-2016 21:14:50.006 INFO [main] org.apache.catalina.startup.VersionLoggerListener.log Command line argument: -Djava.io.tmpdir=D:\tomcat9.0.0.M1\temp
12-Jan-2016 21:14:50.009 INFO [main] org.apache.catalina.core.AprLifecycleListener.lifecycleEvent Loaded APR based Apache Tomcat Native library 1.2.2 using APR version 1.5.1.
12-Jan-2016 21:14:50.012 INFO [main] org.apache.catalina.core.AprLifecycleListener.lifecycleEvent APR capabilities: IPv6 [true], sendfile [true], accept filters [false], random [true].
12-Jan-2016 21:14:51.095 INFO [main] org.apache.catalina.core.AprLifecycleListener.initializeSSL OpenSSL successfully initialized (OpenSSL 1.0.2d 9 Jul 2015)
12-Jan-2016 21:14:51.434 INFO [main] org.apache.coyote.AbstractProtocol.init Initializing ProtocolHandler ["http-apr-8080"]
12-Jan-2016 21:14:51.521 SEVERE [main] org.apache.coyote.AbstractProtocol.init Failed to initialize end point associated with ProtocolHandler ["http-apr-8080"]
 java.lang.Exception: Socket bind failed: [730048] ?????????б┴???(з┐?иж/???????/???)????ик??
	at org.apache.tomcat.util.net.AprEndpoint.bind(AprEndpoint.java:310)
	at org.apache.tomcat.util.net.AbstractEndpoint.init(AbstractEndpoint.java:790)
	at org.apache.coyote.AbstractProtocol.init(AbstractProtocol.java:544)
	at org.apache.coyote.http11.AbstractHttp11Protocol.init(AbstractHttp11Protocol.java:67)
	at org.apache.catalina.connector.Connector.initInternal(Connector.java:978)
	at org.apache.catalina.util.LifecycleBase.init(LifecycleBase.java:107)
	at org.apache.catalina.core.StandardService.initInternal(StandardService.java:569)
	at org.apache.catalina.util.LifecycleBase.init(LifecycleBase.java:107)
	at org.apache.catalina.core.StandardServer.initInternal(StandardServer.java:851)
	at org.apache.catalina.util.LifecycleBase.init(LifecycleBase.java:107)
	at org.apache.catalina.startup.Catalina.load(Catalina.java:600)
	at org.apache.catalina.startup.Catalina.load(Catalina.java:623)
	at sun.reflect.NativeMethodAccessorImpl.invoke0(Native Method)
	at sun.reflect.NativeMethodAccessorImpl.invoke(NativeMethodAccessorImpl.java:62)
	at sun.reflect.DelegatingMethodAccessorImpl.invoke(DelegatingMethodAccessorImpl.java:43)
	at java.lang.reflect.Method.invoke(Method.java:483)
	at org.apache.catalina.startup.Bootstrap.load(Bootstrap.java:310)
	at org.apache.catalina.startup.Bootstrap.main(Bootstrap.java:484)

12-Jan-2016 21:14:51.572 SEVERE [main] org.apache.catalina.core.StandardService.initInternal Failed to initialize connector [Connector[HTTP/1.1-8080]]
 org.apache.catalina.LifecycleException: Failed to initialize component [Connector[HTTP/1.1-8080]]
	at org.apache.catalina.util.LifecycleBase.init(LifecycleBase.java:112)
	at org.apache.catalina.core.StandardService.initInternal(StandardService.java:569)
	at org.apache.catalina.util.LifecycleBase.init(LifecycleBase.java:107)
	at org.apache.catalina.core.StandardServer.initInternal(StandardServer.java:851)
	at org.apache.catalina.util.LifecycleBase.init(LifecycleBase.java:107)
	at org.apache.catalina.startup.Catalina.load(Catalina.java:600)
	at org.apache.catalina.startup.Catalina.load(Catalina.java:623)
	at sun.reflect.NativeMethodAccessorImpl.invoke0(Native Method)
	at sun.reflect.NativeMethodAccessorImpl.invoke(NativeMethodAccessorImpl.java:62)
	at sun.reflect.DelegatingMethodAccessorImpl.invoke(DelegatingMethodAccessorImpl.java:43)
	at java.lang.reflect.Method.invoke(Method.java:483)
	at org.apache.catalina.startup.Bootstrap.load(Bootstrap.java:310)
	at org.apache.catalina.startup.Bootstrap.main(Bootstrap.java:484)
Caused by: org.apache.catalina.LifecycleException: Protocol handler initialization failed
	at org.apache.catalina.connector.Connector.initInternal(Connector.java:982)
	at org.apache.catalina.util.LifecycleBase.init(LifecycleBase.java:107)
	... 12 more
Caused by: java.lang.Exception: Socket bind failed: [730048] ?????????б┴???(з┐?иж/???????/???)????ик??
	at org.apache.tomcat.util.net.AprEndpoint.bind(AprEndpoint.java:310)
	at org.apache.tomcat.util.net.AbstractEndpoint.init(AbstractEndpoint.java:790)
	at org.apache.coyote.AbstractProtocol.init(AbstractProtocol.java:544)
	at org.apache.coyote.http11.AbstractHttp11Protocol.init(AbstractHttp11Protocol.java:67)
	at org.apache.catalina.connector.Connector.initInternal(Connector.java:978)
	... 13 more

12-Jan-2016 21:14:51.592 INFO [main] org.apache.coyote.AbstractProtocol.init Initializing ProtocolHandler ["ajp-apr-8009"]
12-Jan-2016 21:14:51.597 SEVERE [main] org.apache.coyote.AbstractProtocol.init Failed to initialize end point associated with ProtocolHandler ["ajp-apr-8009"]
 java.lang.Exception: Socket bind failed: [730048] ?????????б┴???(з┐?иж/???????/???)????ик??
	at org.apache.tomcat.util.net.AprEndpoint.bind(AprEndpoint.java:310)
	at org.apache.tomcat.util.net.AbstractEndpoint.init(AbstractEndpoint.java:790)
	at org.apache.coyote.AbstractProtocol.init(AbstractProtocol.java:544)
	at org.apache.catalina.connector.Connector.initInternal(Connector.java:978)
	at org.apache.catalina.util.LifecycleBase.init(LifecycleBase.java:107)
	at org.apache.catalina.core.StandardService.initInternal(StandardService.java:569)
	at org.apache.catalina.util.LifecycleBase.init(LifecycleBase.java:107)
	at org.apache.catalina.core.StandardServer.initInternal(StandardServer.java:851)
	at org.apache.catalina.util.LifecycleBase.init(LifecycleBase.java:107)
	at org.apache.catalina.startup.Catalina.load(Catalina.java:600)
	at org.apache.catalina.startup.Catalina.load(Catalina.java:623)
	at sun.reflect.NativeMethodAccessorImpl.invoke0(Native Method)
	at sun.reflect.NativeMethodAccessorImpl.invoke(NativeMethodAccessorImpl.java:62)
	at sun.reflect.DelegatingMethodAccessorImpl.invoke(DelegatingMethodAccessorImpl.java:43)
	at java.lang.reflect.Method.invoke(Method.java:483)
	at org.apache.catalina.startup.Bootstrap.load(Bootstrap.java:310)
	at org.apache.catalina.startup.Bootstrap.main(Bootstrap.java:484)

12-Jan-2016 21:14:51.606 SEVERE [main] org.apache.catalina.core.StandardService.initInternal Failed to initialize connector [Connector[AJP/1.3-8009]]
 org.apache.catalina.LifecycleException: Failed to initialize component [Connector[AJP/1.3-8009]]
	at org.apache.catalina.util.LifecycleBase.init(LifecycleBase.java:112)
	at org.apache.catalina.core.StandardService.initInternal(StandardService.java:569)
	at org.apache.catalina.util.LifecycleBase.init(LifecycleBase.java:107)
	at org.apache.catalina.core.StandardServer.initInternal(StandardServer.java:851)
	at org.apache.catalina.util.LifecycleBase.init(LifecycleBase.java:107)
	at org.apache.catalina.startup.Catalina.load(Catalina.java:600)
	at org.apache.catalina.startup.Catalina.load(Catalina.java:623)
	at sun.reflect.NativeMethodAccessorImpl.invoke0(Native Method)
	at sun.reflect.NativeMethodAccessorImpl.invoke(NativeMethodAccessorImpl.java:62)
	at sun.reflect.DelegatingMethodAccessorImpl.invoke(DelegatingMethodAccessorImpl.java:43)
	at java.lang.reflect.Method.invoke(Method.java:483)
	at org.apache.catalina.startup.Bootstrap.load(Bootstrap.java:310)
	at org.apache.catalina.startup.Bootstrap.main(Bootstrap.java:484)
Caused by: org.apache.catalina.LifecycleException: Protocol handler initialization failed
	at org.apache.catalina.connector.Connector.initInternal(Connector.java:982)
	at org.apache.catalina.util.LifecycleBase.init(LifecycleBase.java:107)
	... 12 more
Caused by: java.lang.Exception: Socket bind failed: [730048] ?????????б┴???(з┐?иж/???????/???)????ик??
	at org.apache.tomcat.util.net.AprEndpoint.bind(AprEndpoint.java:310)
	at org.apache.tomcat.util.net.AbstractEndpoint.init(AbstractEndpoint.java:790)
	at org.apache.coyote.AbstractProtocol.init(AbstractProtocol.java:544)
	at org.apache.catalina.connector.Connector.initInternal(Connector.java:978)
	... 13 more

12-Jan-2016 21:14:51.619 INFO [main] org.apache.catalina.startup.Catalina.load Initialization processed in 2450 ms
12-Jan-2016 21:14:51.701 INFO [main] org.apache.catalina.core.StandardService.startInternal Starting service Catalina
12-Jan-2016 21:14:51.703 INFO [main] org.apache.catalina.core.StandardEngine.startInternal Starting Servlet Engine: Apache Tomcat/9.0.0.M1
12-Jan-2016 21:14:51.756 INFO [localhost-startStop-1] org.apache.catalina.startup.HostConfig.deployDirectory Deploying web application directory D:\tomcat9.0.0.M1\webapps\docs
12-Jan-2016 21:14:52.505 INFO [localhost-startStop-1] org.apache.catalina.util.SessionIdGeneratorBase.createSecureRandom Creation of SecureRandom instance for session ID generation using [SHA1PRNG] took [226] milliseconds.
12-Jan-2016 21:14:52.541 INFO [localhost-startStop-1] org.apache.catalina.startup.HostConfig.deployDirectory Deployment of web application directory D:\tomcat9.0.0.M1\webapps\docs has finished in 785 ms
12-Jan-2016 21:14:52.543 INFO [localhost-startStop-1] org.apache.catalina.startup.HostConfig.deployDirectory Deploying web application directory D:\tomcat9.0.0.M1\webapps\examples
12-Jan-2016 21:14:53.648 INFO [localhost-startStop-1] org.apache.catalina.startup.HostConfig.deployDirectory Deployment of web application directory D:\tomcat9.0.0.M1\webapps\examples has finished in 1,105 ms
12-Jan-2016 21:14:53.650 INFO [localhost-startStop-1] org.apache.catalina.startup.HostConfig.deployDirectory Deploying web application directory D:\tomcat9.0.0.M1\webapps\host-manager
12-Jan-2016 21:14:53.749 INFO [localhost-startStop-1] org.apache.catalina.startup.HostConfig.deployDirectory Deployment of web application directory D:\tomcat9.0.0.M1\webapps\host-manager has finished in 99 ms
12-Jan-2016 21:14:53.752 INFO [localhost-startStop-1] org.apache.catalina.startup.HostConfig.deployDirectory Deploying web application directory D:\tomcat9.0.0.M1\webapps\manager
12-Jan-2016 21:14:53.818 INFO [localhost-startStop-1] org.apache.catalina.startup.HostConfig.deployDirectory Deployment of web application directory D:\tomcat9.0.0.M1\webapps\manager has finished in 67 ms
12-Jan-2016 21:14:53.820 INFO [localhost-startStop-1] org.apache.catalina.startup.HostConfig.deployDirectory Deploying web application directory D:\tomcat9.0.0.M1\webapps\ROOT
12-Jan-2016 21:14:53.912 INFO [localhost-startStop-1] org.apache.catalina.startup.HostConfig.deployDirectory Deployment of web application directory D:\tomcat9.0.0.M1\webapps\ROOT has finished in 93 ms
12-Jan-2016 21:14:53.927 INFO [main] org.apache.catalina.startup.Catalina.start Server startup in 2307 ms
12-Jan-2016 21:14:53.977 SEVERE [main] org.apache.catalina.core.StandardServer.await StandardServer.await: create[localhost:8005]: 
 java.net.BindException: Address already in use: JVM_Bind
	at java.net.DualStackPlainSocketImpl.bind0(Native Method)
	at java.net.DualStackPlainSocketImpl.socketBind(DualStackPlainSocketImpl.java:106)
	at java.net.AbstractPlainSocketImpl.bind(AbstractPlainSocketImpl.java:382)
	at java.net.PlainSocketImpl.bind(PlainSocketImpl.java:190)
	at java.net.ServerSocket.bind(ServerSocket.java:375)
	at java.net.ServerSocket.<init>(ServerSocket.java:237)
	at org.apache.catalina.core.StandardServer.await(StandardServer.java:421)
	at org.apache.catalina.startup.Catalina.await(Catalina.java:737)
	at org.apache.catalina.startup.Catalina.start(Catalina.java:683)
	at sun.reflect.NativeMethodAccessorImpl.invoke0(Native Method)
	at sun.reflect.NativeMethodAccessorImpl.invoke(NativeMethodAccessorImpl.java:62)
	at sun.reflect.DelegatingMethodAccessorImpl.invoke(DelegatingMethodAccessorImpl.java:43)
	at java.lang.reflect.Method.invoke(Method.java:483)
	at org.apache.catalina.startup.Bootstrap.start(Bootstrap.java:351)
	at org.apache.catalina.startup.Bootstrap.main(Bootstrap.java:485)

12-Jan-2016 21:14:53.985 INFO [main] org.apache.coyote.AbstractProtocol.pause Pausing ProtocolHandler ["http-apr-8080"]
12-Jan-2016 21:14:53.989 INFO [main] org.apache.coyote.AbstractProtocol.pause Pausing ProtocolHandler ["ajp-apr-8009"]
12-Jan-2016 21:14:53.990 INFO [main] org.apache.catalina.core.StandardService.stopInternal Stopping service Catalina
12-Jan-2016 21:14:54.294 INFO [main] org.apache.coyote.AbstractProtocol.stop Stopping ProtocolHandler ["http-apr-8080"]
12-Jan-2016 21:14:54.295 INFO [main] org.apache.coyote.AbstractProtocol.destroy Destroying ProtocolHandler ["http-apr-8080"]
12-Jan-2016 21:14:54.297 INFO [main] org.apache.coyote.AbstractProtocol.stop Stopping ProtocolHandler ["ajp-apr-8009"]
12-Jan-2016 21:14:54.298 INFO [main] org.apache.coyote.AbstractProtocol.destroy Destroying ProtocolHandler ["ajp-apr-8009"]
12-Jan-2016 21:15:08.786 INFO [main] org.apache.catalina.core.StandardServer.await A valid shutdown command was received via the shutdown port. Stopping the Server instance.
12-Jan-2016 21:15:08.795 INFO [main] org.apache.coyote.AbstractProtocol.pause Pausing ProtocolHandler ["http-apr-8080"]
12-Jan-2016 21:15:08.852 INFO [main] org.apache.coyote.AbstractProtocol.pause Pausing ProtocolHandler ["ajp-apr-8009"]
12-Jan-2016 21:15:08.903 INFO [main] org.apache.catalina.core.StandardService.stopInternal Stopping service Catalina
12-Jan-2016 21:15:08.967 INFO [main] org.apache.coyote.AbstractProtocol.stop Stopping ProtocolHandler ["http-apr-8080"]
12-Jan-2016 21:15:09.020 INFO [main] org.apache.coyote.AbstractProtocol.stop Stopping ProtocolHandler ["ajp-apr-8009"]
12-Jan-2016 21:15:09.075 INFO [main] org.apache.coyote.AbstractProtocol.destroy Destroying ProtocolHandler ["http-apr-8080"]
12-Jan-2016 21:15:09.077 INFO [main] org.apache.coyote.AbstractProtocol.destroy Destroying ProtocolHandler ["ajp-apr-8009"]
12-Jan-2016 21:15:55.910 INFO [main] org.apache.catalina.startup.VersionLoggerListener.log Server version:        Apache Tomcat/9.0.0.M1
12-Jan-2016 21:15:55.913 INFO [main] org.apache.catalina.startup.VersionLoggerListener.log Server built:          Nov 12 2015 22:05:52 UTC
12-Jan-2016 21:15:55.914 INFO [main] org.apache.catalina.startup.VersionLoggerListener.log Server number:         9.0.0.0
12-Jan-2016 21:15:55.914 INFO [main] org.apache.catalina.startup.VersionLoggerListener.log OS Name:               Windows 8.1
12-Jan-2016 21:15:55.915 INFO [main] org.apache.catalina.startup.VersionLoggerListener.log OS Version:            6.3
12-Jan-2016 21:15:55.915 INFO [main] org.apache.catalina.startup.VersionLoggerListener.log Architecture:          amd64
12-Jan-2016 21:15:55.915 INFO [main] org.apache.catalina.startup.VersionLoggerListener.log Java Home:             C:\Program Files\Java\jdk1.8.0_20\jre
12-Jan-2016 21:15:55.916 INFO [main] org.apache.catalina.startup.VersionLoggerListener.log JVM Version:           1.8.0_20-b26
12-Jan-2016 21:15:55.916 INFO [main] org.apache.catalina.startup.VersionLoggerListener.log JVM Vendor:            Oracle Corporation
12-Jan-2016 21:15:55.917 INFO [main] org.apache.catalina.startup.VersionLoggerListener.log CATALINA_BASE:         D:\tomcat9.0.0.M1
12-Jan-2016 21:15:55.917 INFO [main] org.apache.catalina.startup.VersionLoggerListener.log CATALINA_HOME:         D:\tomcat9.0.0.M1
12-Jan-2016 21:15:55.918 INFO [main] org.apache.catalina.startup.VersionLoggerListener.log Command line argument: -Djava.util.logging.config.file=D:\tomcat9.0.0.M1\conf\logging.properties
12-Jan-2016 21:15:55.919 INFO [main] org.apache.catalina.startup.VersionLoggerListener.log Command line argument: -Djava.util.logging.manager=org.apache.juli.ClassLoaderLogManager
12-Jan-2016 21:15:55.920 INFO [main] org.apache.catalina.startup.VersionLoggerListener.log Command line argument: -Dcatalina.base=D:\tomcat9.0.0.M1
12-Jan-2016 21:15:55.922 INFO [main] org.apache.catalina.startup.VersionLoggerListener.log Command line argument: -Dcatalina.home=D:\tomcat9.0.0.M1
12-Jan-2016 21:15:55.923 INFO [main] org.apache.catalina.startup.VersionLoggerListener.log Command line argument: -Djava.io.tmpdir=D:\tomcat9.0.0.M1\temp
12-Jan-2016 21:15:55.924 INFO [main] org.apache.catalina.core.AprLifecycleListener.lifecycleEvent Loaded APR based Apache Tomcat Native library 1.2.2 using APR version 1.5.1.
12-Jan-2016 21:15:55.926 INFO [main] org.apache.catalina.core.AprLifecycleListener.lifecycleEvent APR capabilities: IPv6 [true], sendfile [true], accept filters [false], random [true].
12-Jan-2016 21:15:56.980 INFO [main] org.apache.catalina.core.AprLifecycleListener.initializeSSL OpenSSL successfully initialized (OpenSSL 1.0.2d 9 Jul 2015)
12-Jan-2016 21:15:57.328 INFO [main] org.apache.coyote.AbstractProtocol.init Initializing ProtocolHandler ["http-apr-8080"]
12-Jan-2016 21:15:57.345 INFO [main] org.apache.coyote.AbstractProtocol.init Initializing ProtocolHandler ["ajp-apr-8009"]
12-Jan-2016 21:15:57.348 INFO [main] org.apache.catalina.startup.Catalina.load Initialization processed in 2061 ms
12-Jan-2016 21:15:57.418 INFO [main] org.apache.catalina.core.StandardService.startInternal Starting service Catalina
12-Jan-2016 21:15:57.419 INFO [main] org.apache.catalina.core.StandardEngine.startInternal Starting Servlet Engine: Apache Tomcat/9.0.0.M1
12-Jan-2016 21:15:57.442 INFO [localhost-startStop-1] org.apache.catalina.startup.HostConfig.deployDirectory Deploying web application directory D:\tomcat9.0.0.M1\webapps\docs
12-Jan-2016 21:15:58.096 INFO [localhost-startStop-1] org.apache.catalina.util.SessionIdGeneratorBase.createSecureRandom Creation of SecureRandom instance for session ID generation using [SHA1PRNG] took [182] milliseconds.
12-Jan-2016 21:15:58.124 INFO [localhost-startStop-1] org.apache.catalina.startup.HostConfig.deployDirectory Deployment of web application directory D:\tomcat9.0.0.M1\webapps\docs has finished in 682 ms
12-Jan-2016 21:15:58.125 INFO [localhost-startStop-1] org.apache.catalina.startup.HostConfig.deployDirectory Deploying web application directory D:\tomcat9.0.0.M1\webapps\examples
12-Jan-2016 21:15:59.208 INFO [localhost-startStop-1] org.apache.catalina.startup.HostConfig.deployDirectory Deployment of web application directory D:\tomcat9.0.0.M1\webapps\examples has finished in 1,083 ms
12-Jan-2016 21:15:59.209 INFO [localhost-startStop-1] org.apache.catalina.startup.HostConfig.deployDirectory Deploying web application directory D:\tomcat9.0.0.M1\webapps\host-manager
12-Jan-2016 21:15:59.279 INFO [localhost-startStop-1] org.apache.catalina.startup.HostConfig.deployDirectory Deployment of web application directory D:\tomcat9.0.0.M1\webapps\host-manager has finished in 70 ms
12-Jan-2016 21:15:59.281 INFO [localhost-startStop-1] org.apache.catalina.startup.HostConfig.deployDirectory Deploying web application directory D:\tomcat9.0.0.M1\webapps\manager
12-Jan-2016 21:15:59.337 INFO [localhost-startStop-1] org.apache.catalina.startup.HostConfig.deployDirectory Deployment of web application directory D:\tomcat9.0.0.M1\webapps\manager has finished in 56 ms
12-Jan-2016 21:15:59.339 INFO [localhost-startStop-1] org.apache.catalina.startup.HostConfig.deployDirectory Deploying web application directory D:\tomcat9.0.0.M1\webapps\ROOT
12-Jan-2016 21:15:59.394 INFO [localhost-startStop-1] org.apache.catalina.startup.HostConfig.deployDirectory Deployment of web application directory D:\tomcat9.0.0.M1\webapps\ROOT has finished in 55 ms
12-Jan-2016 21:15:59.401 INFO [main] org.apache.coyote.AbstractProtocol.start Starting ProtocolHandler [http-apr-8080]
12-Jan-2016 21:15:59.426 INFO [main] org.apache.coyote.AbstractProtocol.start Starting ProtocolHandler [ajp-apr-8009]
12-Jan-2016 21:15:59.435 INFO [main] org.apache.catalina.startup.Catalina.start Server startup in 2085 ms
12-Jan-2016 21:16:10.657 INFO [main] org.apache.catalina.core.StandardServer.await A valid shutdown command was received via the shutdown port. Stopping the Server instance.
12-Jan-2016 21:16:10.659 INFO [main] org.apache.coyote.AbstractProtocol.pause Pausing ProtocolHandler ["http-apr-8080"]
12-Jan-2016 21:16:10.714 INFO [main] org.apache.coyote.AbstractProtocol.pause Pausing ProtocolHandler ["ajp-apr-8009"]
12-Jan-2016 21:16:10.765 INFO [main] org.apache.catalina.core.StandardService.stopInternal Stopping service Catalina
12-Jan-2016 21:16:10.809 INFO [main] org.apache.coyote.AbstractProtocol.stop Stopping ProtocolHandler ["http-apr-8080"]
12-Jan-2016 21:16:10.864 INFO [main] org.apache.coyote.AbstractProtocol.stop Stopping ProtocolHandler ["ajp-apr-8009"]
12-Jan-2016 21:16:10.917 INFO [main] org.apache.coyote.AbstractProtocol.destroy Destroying ProtocolHandler ["http-apr-8080"]
12-Jan-2016 21:16:10.918 INFO [main] org.apache.coyote.AbstractProtocol.destroy Destroying ProtocolHandler ["ajp-apr-8009"]
12-Jan-2016 21:20:41.075 INFO [main] org.apache.catalina.startup.VersionLoggerListener.log Server version:        Apache Tomcat/9.0.0.M1
12-Jan-2016 21:20:41.082 INFO [main] org.apache.catalina.startup.VersionLoggerListener.log Server built:          Nov 12 2015 22:05:52 UTC
12-Jan-2016 21:20:41.083 INFO [main] org.apache.catalina.startup.VersionLoggerListener.log Server number:         9.0.0.0
12-Jan-2016 21:20:41.083 INFO [main] org.apache.catalina.startup.VersionLoggerListener.log OS Name:               Windows 8.1
12-Jan-2016 21:20:41.083 INFO [main] org.apache.catalina.startup.VersionLoggerListener.log OS Version:            6.3
12-Jan-2016 21:20:41.084 INFO [main] org.apache.catalina.startup.VersionLoggerListener.log Architecture:          amd64
12-Jan-2016 21:20:41.084 INFO [main] org.apache.catalina.startup.VersionLoggerListener.log Java Home:             C:\Program Files\Java\jdk1.8.0_20\jre
12-Jan-2016 21:20:41.084 INFO [main] org.apache.catalina.startup.VersionLoggerListener.log JVM Version:           1.8.0_20-b26
12-Jan-2016 21:20:41.085 INFO [main] org.apache.catalina.startup.VersionLoggerListener.log JVM Vendor:            Oracle Corporation
12-Jan-2016 21:20:41.085 INFO [main] org.apache.catalina.startup.VersionLoggerListener.log CATALINA_BASE:         D:\tomcat9.0.0.M1
12-Jan-2016 21:20:41.086 INFO [main] org.apache.catalina.startup.VersionLoggerListener.log CATALINA_HOME:         D:\tomcat9.0.0.M1
12-Jan-2016 21:20:41.086 INFO [main] org.apache.catalina.startup.VersionLoggerListener.log Command line argument: -Djava.util.logging.config.file=D:\tomcat9.0.0.M1\conf\logging.properties
12-Jan-2016 21:20:41.086 INFO [main] org.apache.catalina.startup.VersionLoggerListener.log Command line argument: -Djava.util.logging.manager=org.apache.juli.ClassLoaderLogManager
12-Jan-2016 21:20:41.087 INFO [main] org.apache.catalina.startup.VersionLoggerListener.log Command line argument: -Dcatalina.base=D:\tomcat9.0.0.M1
12-Jan-2016 21:20:41.087 INFO [main] org.apache.catalina.startup.VersionLoggerListener.log Command line argument: -Dcatalina.home=D:\tomcat9.0.0.M1
12-Jan-2016 21:20:41.087 INFO [main] org.apache.catalina.startup.VersionLoggerListener.log Command line argument: -Djava.io.tmpdir=D:\tomcat9.0.0.M1\temp
12-Jan-2016 21:20:41.087 INFO [main] org.apache.catalina.startup.VersionLoggerListener.log Command line argument: -Xdebug
12-Jan-2016 21:20:41.087 INFO [main] org.apache.catalina.startup.VersionLoggerListener.log Command line argument: -Xrunjdwp:transport=dt_shmem,address=javadebug28668,suspend=y
12-Jan-2016 21:20:41.088 INFO [main] org.apache.catalina.core.AprLifecycleListener.lifecycleEvent Loaded APR based Apache Tomcat Native library 1.2.2 using APR version 1.5.1.
12-Jan-2016 21:20:41.088 INFO [main] org.apache.catalina.core.AprLifecycleListener.lifecycleEvent APR capabilities: IPv6 [true], sendfile [true], accept filters [false], random [true].
12-Jan-2016 21:20:42.325 INFO [main] org.apache.catalina.core.AprLifecycleListener.initializeSSL OpenSSL successfully initialized (OpenSSL 1.0.2d 9 Jul 2015)
12-Jan-2016 21:20:44.680 INFO [main] org.apache.coyote.AbstractProtocol.init Initializing ProtocolHandler ["http-apr-8080"]
12-Jan-2016 21:20:44.749 INFO [main] org.apache.coyote.AbstractProtocol.init Initializing ProtocolHandler ["ajp-apr-8009"]
12-Jan-2016 21:20:44.753 INFO [main] org.apache.catalina.startup.Catalina.load Initialization processed in 8586 ms
12-Jan-2016 21:20:45.249 INFO [main] org.apache.catalina.core.StandardService.startInternal Starting service Catalina
12-Jan-2016 21:20:45.249 INFO [main] org.apache.catalina.core.StandardEngine.startInternal Starting Servlet Engine: Apache Tomcat/9.0.0.M1
12-Jan-2016 21:20:45.335 INFO [localhost-startStop-1] org.apache.catalina.startup.HostConfig.deployDirectory Deploying web application directory D:\tomcat9.0.0.M1\webapps\docs
12-Jan-2016 21:20:50.921 INFO [localhost-startStop-1] org.apache.catalina.util.SessionIdGeneratorBase.createSecureRandom Creation of SecureRandom instance for session ID generation using [SHA1PRNG] took [523] milliseconds.
12-Jan-2016 21:20:51.046 INFO [localhost-startStop-1] org.apache.catalina.startup.HostConfig.deployDirectory Deployment of web application directory D:\tomcat9.0.0.M1\webapps\docs has finished in 5,711 ms
12-Jan-2016 21:20:51.046 INFO [localhost-startStop-1] org.apache.catalina.startup.HostConfig.deployDirectory Deploying web application directory D:\tomcat9.0.0.M1\webapps\examples
12-Jan-2016 21:20:54.741 INFO [localhost-startStop-1] org.apache.catalina.startup.HostConfig.deployDirectory Deployment of web application directory D:\tomcat9.0.0.M1\webapps\examples has finished in 3,694 ms
12-Jan-2016 21:20:54.741 INFO [localhost-startStop-1] org.apache.catalina.startup.HostConfig.deployDirectory Deploying web application directory D:\tomcat9.0.0.M1\webapps\host-manager
12-Jan-2016 21:20:54.896 INFO [localhost-startStop-1] org.apache.catalina.startup.HostConfig.deployDirectory Deployment of web application directory D:\tomcat9.0.0.M1\webapps\host-manager has finished in 155 ms
12-Jan-2016 21:20:54.921 INFO [localhost-startStop-1] org.apache.catalina.startup.HostConfig.deployDirectory Deploying web application directory D:\tomcat9.0.0.M1\webapps\manager
12-Jan-2016 21:20:55.099 INFO [localhost-startStop-1] org.apache.catalina.startup.HostConfig.deployDirectory Deployment of web application directory D:\tomcat9.0.0.M1\webapps\manager has finished in 179 ms
12-Jan-2016 21:20:55.100 INFO [localhost-startStop-1] org.apache.catalina.startup.HostConfig.deployDirectory Deploying web application directory D:\tomcat9.0.0.M1\webapps\ROOT
12-Jan-2016 21:20:55.233 INFO [localhost-startStop-1] org.apache.catalina.startup.HostConfig.deployDirectory Deployment of web application directory D:\tomcat9.0.0.M1\webapps\ROOT has finished in 133 ms
12-Jan-2016 21:20:55.327 INFO [main] org.apache.coyote.AbstractProtocol.start Starting ProtocolHandler [http-apr-8080]
12-Jan-2016 21:20:55.441 INFO [main] org.apache.coyote.AbstractProtocol.start Starting ProtocolHandler [ajp-apr-8009]
12-Jan-2016 21:20:55.473 INFO [main] org.apache.catalina.startup.Catalina.start Server startup in 10718 ms
12-Jan-2016 21:23:16.923 INFO [main] org.apache.catalina.startup.VersionLoggerListener.log Server version:        Apache Tomcat/9.0.0.M1
12-Jan-2016 21:23:16.926 INFO [main] org.apache.catalina.startup.VersionLoggerListener.log Server built:          Nov 12 2015 22:05:52 UTC
12-Jan-2016 21:23:16.926 INFO [main] org.apache.catalina.startup.VersionLoggerListener.log Server number:         9.0.0.0
12-Jan-2016 21:23:16.926 INFO [main] org.apache.catalina.startup.VersionLoggerListener.log OS Name:               Windows 8.1
12-Jan-2016 21:23:16.927 INFO [main] org.apache.catalina.startup.VersionLoggerListener.log OS Version:            6.3
12-Jan-2016 21:23:16.927 INFO [main] org.apache.catalina.startup.VersionLoggerListener.log Architecture:          amd64
12-Jan-2016 21:23:16.927 INFO [main] org.apache.catalina.startup.VersionLoggerListener.log Java Home:             C:\Program Files\Java\jdk1.8.0_20\jre
12-Jan-2016 21:23:16.928 INFO [main] org.apache.catalina.startup.VersionLoggerListener.log JVM Version:           1.8.0_20-b26
12-Jan-2016 21:23:16.928 INFO [main] org.apache.catalina.startup.VersionLoggerListener.log JVM Vendor:            Oracle Corporation
12-Jan-2016 21:23:16.928 INFO [main] org.apache.catalina.startup.VersionLoggerListener.log CATALINA_BASE:         D:\tomcat9.0.0.M1
12-Jan-2016 21:23:16.928 INFO [main] org.apache.catalina.startup.VersionLoggerListener.log CATALINA_HOME:         D:\tomcat9.0.0.M1
12-Jan-2016 21:23:16.929 INFO [main] org.apache.catalina.startup.VersionLoggerListener.log Command line argument: -Djava.util.logging.config.file=D:\tomcat9.0.0.M1\conf\logging.properties
12-Jan-2016 21:23:16.930 INFO [main] org.apache.catalina.startup.VersionLoggerListener.log Command line argument: -Djava.util.logging.manager=org.apache.juli.ClassLoaderLogManager
12-Jan-2016 21:23:16.932 INFO [main] org.apache.catalina.startup.VersionLoggerListener.log Command line argument: -Dcatalina.base=D:\tomcat9.0.0.M1
12-Jan-2016 21:23:16.933 INFO [main] org.apache.catalina.startup.VersionLoggerListener.log Command line argument: -Dcatalina.home=D:\tomcat9.0.0.M1
12-Jan-2016 21:23:16.934 INFO [main] org.apache.catalina.startup.VersionLoggerListener.log Command line argument: -Djava.io.tmpdir=D:\tomcat9.0.0.M1\temp
12-Jan-2016 21:23:16.935 INFO [main] org.apache.catalina.core.AprLifecycleListener.lifecycleEvent Loaded APR based Apache Tomcat Native library 1.2.2 using APR version 1.5.1.
12-Jan-2016 21:23:16.937 INFO [main] org.apache.catalina.core.AprLifecycleListener.lifecycleEvent APR capabilities: IPv6 [true], sendfile [true], accept filters [false], random [true].
12-Jan-2016 21:23:17.942 INFO [main] org.apache.catalina.core.AprLifecycleListener.initializeSSL OpenSSL successfully initialized (OpenSSL 1.0.2d 9 Jul 2015)
12-Jan-2016 21:23:18.748 INFO [main] org.apache.coyote.AbstractProtocol.init Initializing ProtocolHandler ["http-apr-8080"]
12-Jan-2016 21:23:18.768 INFO [main] org.apache.coyote.AbstractProtocol.init Initializing ProtocolHandler ["ajp-apr-8009"]
12-Jan-2016 21:23:18.772 INFO [main] org.apache.catalina.startup.Catalina.load Initialization processed in 3259 ms
12-Jan-2016 21:23:18.851 INFO [main] org.apache.catalina.core.StandardService.startInternal Starting service Catalina
12-Jan-2016 21:23:18.853 INFO [main] org.apache.catalina.core.StandardEngine.startInternal Starting Servlet Engine: Apache Tomcat/9.0.0.M1
12-Jan-2016 21:23:18.921 INFO [localhost-startStop-1] org.apache.catalina.startup.HostConfig.deployDirectory Deploying web application directory D:\tomcat9.0.0.M1\webapps\docs
12-Jan-2016 21:23:19.915 INFO [localhost-startStop-1] org.apache.catalina.util.SessionIdGeneratorBase.createSecureRandom Creation of SecureRandom instance for session ID generation using [SHA1PRNG] took [307] milliseconds.
12-Jan-2016 21:23:19.963 INFO [localhost-startStop-1] org.apache.catalina.startup.HostConfig.deployDirectory Deployment of web application directory D:\tomcat9.0.0.M1\webapps\docs has finished in 1,042 ms
12-Jan-2016 21:23:19.965 INFO [localhost-startStop-1] org.apache.catalina.startup.HostConfig.deployDirectory Deploying web application directory D:\tomcat9.0.0.M1\webapps\examples
12-Jan-2016 21:23:20.671 INFO [localhost-startStop-1] org.apache.catalina.startup.HostConfig.deployDirectory Deployment of web application directory D:\tomcat9.0.0.M1\webapps\examples has finished in 706 ms
12-Jan-2016 21:23:20.672 INFO [localhost-startStop-1] org.apache.catalina.startup.HostConfig.deployDirectory Deploying web application directory D:\tomcat9.0.0.M1\webapps\host-manager
12-Jan-2016 21:23:20.736 INFO [localhost-startStop-1] org.apache.catalina.startup.HostConfig.deployDirectory Deployment of web application directory D:\tomcat9.0.0.M1\webapps\host-manager has finished in 64 ms
12-Jan-2016 21:23:20.738 INFO [localhost-startStop-1] org.apache.catalina.startup.HostConfig.deployDirectory Deploying web application directory D:\tomcat9.0.0.M1\webapps\manager
12-Jan-2016 21:23:20.827 INFO [localhost-startStop-1] org.apache.catalina.startup.HostConfig.deployDirectory Deployment of web application directory D:\tomcat9.0.0.M1\webapps\manager has finished in 89 ms
12-Jan-2016 21:23:20.829 INFO [localhost-startStop-1] org.apache.catalina.startup.HostConfig.deployDirectory Deploying web application directory D:\tomcat9.0.0.M1\webapps\ROOT
12-Jan-2016 21:23:20.862 INFO [localhost-startStop-1] org.apache.catalina.startup.HostConfig.deployDirectory Deployment of web application directory D:\tomcat9.0.0.M1\webapps\ROOT has finished in 34 ms
12-Jan-2016 21:23:20.907 INFO [main] org.apache.coyote.AbstractProtocol.start Starting ProtocolHandler [http-apr-8080]
12-Jan-2016 21:23:20.935 INFO [main] org.apache.coyote.AbstractProtocol.start Starting ProtocolHandler [ajp-apr-8009]
12-Jan-2016 21:23:20.949 INFO [main] org.apache.catalina.startup.Catalina.start Server startup in 2174 ms
