14-Jan-2016 14:19:26.264 INFO [localhost-startStop-1] org.apache.catalina.core.ApplicationContext.log ContextListener: contextInitialized()
14-Jan-2016 14:19:26.265 INFO [localhost-startStop-1] org.apache.catalina.core.ApplicationContext.log SessionListener: contextInitialized()
14-Jan-2016 14:23:33.268 INFO [localhost-startStop-2] org.apache.catalina.core.ApplicationContext.log SessionListener: contextDestroyed()
14-Jan-2016 14:23:33.269 INFO [localhost-startStop-2] org.apache.catalina.core.ApplicationContext.log ContextListener: contextDestroyed()
14-Jan-2016 14:23:40.319 INFO [localhost-startStop-1] org.apache.catalina.core.ApplicationContext.log ContextListener: contextInitialized()
14-Jan-2016 14:23:40.319 INFO [localhost-startStop-1] org.apache.catalina.core.ApplicationContext.log SessionListener: contextInitialized()
14-Jan-2016 14:25:22.594 SEVERE [http-apr-8080-exec-10] org.apache.catalina.core.StandardWrapperValve.invoke Servlet.service() for servlet [ShowParameters] in context with path [/test] threw exception
 java.io.UnsupportedEncodingException: The character encoding [gb2321] is not supported
	at org.apache.tomcat.util.buf.B2CConverter.getCharsetLower(B2CConverter.java:86)
	at org.apache.tomcat.util.buf.B2CConverter.getCharset(B2CConverter.java:65)
	at org.apache.catalina.connector.OutputBuffer.getCharset(OutputBuffer.java:595)
	at org.apache.catalina.connector.OutputBuffer.setConverter(OutputBuffer.java:561)
	at org.apache.catalina.connector.OutputBuffer.checkConverter(OutputBuffer.java:546)
	at org.apache.catalina.connector.Response.getWriter(Response.java:598)
	at org.apache.catalina.connector.ResponseFacade.getWriter(ResponseFacade.java:211)
	at testservlet.ShowParameters.doGet(ShowParameters.java:18)
	at javax.servlet.http.HttpServlet.service(HttpServlet.java:622)
	at javax.servlet.http.HttpServlet.service(HttpServlet.java:729)
	at org.apache.catalina.core.ApplicationFilterChain.internalDoFilter(ApplicationFilterChain.java:269)
	at org.apache.catalina.core.ApplicationFilterChain.doFilter(ApplicationFilterChain.java:184)
	at org.apache.tomcat.websocket.server.WsFilter.doFilter(WsFilter.java:53)
	at org.apache.catalina.core.ApplicationFilterChain.internalDoFilter(ApplicationFilterChain.java:217)
	at org.apache.catalina.core.ApplicationFilterChain.doFilter(ApplicationFilterChain.java:184)
	at org.apache.catalina.core.StandardWrapperValve.invoke(StandardWrapperValve.java:199)
	at org.apache.catalina.core.StandardContextValve.invoke(StandardContextValve.java:105)
	at org.apache.catalina.core.StandardHostValve.invoke(StandardHostValve.java:140)
	at org.apache.catalina.valves.ErrorReportValve.invoke(ErrorReportValve.java:79)
	at org.apache.catalina.valves.AbstractAccessLogValve.invoke(AbstractAccessLogValve.java:616)
	at org.apache.catalina.core.StandardEngineValve.invoke(StandardEngineValve.java:87)
	at org.apache.catalina.connector.CoyoteAdapter.service(CoyoteAdapter.java:361)
	at org.apache.coyote.http11.Http11Processor.service(Http11Processor.java:1080)
	at org.apache.coyote.AbstractProcessorLight.process(AbstractProcessorLight.java:75)
	at org.apache.coyote.AbstractProtocol$ConnectionHandler.process(AbstractProtocol.java:757)
	at org.apache.tomcat.util.net.AprEndpoint$SocketProcessor.run(AprEndpoint.java:2287)
	at java.util.concurrent.ThreadPoolExecutor.runWorker(ThreadPoolExecutor.java:1142)
	at java.util.concurrent.ThreadPoolExecutor$Worker.run(ThreadPoolExecutor.java:617)
	at org.apache.tomcat.util.threads.TaskThread$WrappingRunnable.run(TaskThread.java:61)
	at java.lang.Thread.run(Thread.java:745)

14-Jan-2016 14:25:23.043 SEVERE [http-apr-8080-exec-3] org.apache.catalina.core.StandardWrapperValve.invoke Servlet.service() for servlet [ShowParameters] in context with path [/test] threw exception
 java.io.UnsupportedEncodingException: The character encoding [gb2321] is not supported
	at org.apache.tomcat.util.buf.B2CConverter.getCharsetLower(B2CConverter.java:86)
	at org.apache.tomcat.util.buf.B2CConverter.getCharset(B2CConverter.java:65)
	at org.apache.catalina.connector.OutputBuffer.getCharset(OutputBuffer.java:595)
	at org.apache.catalina.connector.OutputBuffer.setConverter(OutputBuffer.java:561)
	at org.apache.catalina.connector.OutputBuffer.checkConverter(OutputBuffer.java:546)
	at org.apache.catalina.connector.Response.getWriter(Response.java:598)
	at org.apache.catalina.connector.ResponseFacade.getWriter(ResponseFacade.java:211)
	at testservlet.ShowParameters.doGet(ShowParameters.java:18)
	at javax.servlet.http.HttpServlet.service(HttpServlet.java:622)
	at javax.servlet.http.HttpServlet.service(HttpServlet.java:729)
	at org.apache.catalina.core.ApplicationFilterChain.internalDoFilter(ApplicationFilterChain.java:269)
	at org.apache.catalina.core.ApplicationFilterChain.doFilter(ApplicationFilterChain.java:184)
	at org.apache.tomcat.websocket.server.WsFilter.doFilter(WsFilter.java:53)
	at org.apache.catalina.core.ApplicationFilterChain.internalDoFilter(ApplicationFilterChain.java:217)
	at org.apache.catalina.core.ApplicationFilterChain.doFilter(ApplicationFilterChain.java:184)
	at org.apache.catalina.core.StandardWrapperValve.invoke(StandardWrapperValve.java:199)
	at org.apache.catalina.core.StandardContextValve.invoke(StandardContextValve.java:105)
	at org.apache.catalina.core.StandardHostValve.invoke(StandardHostValve.java:140)
	at org.apache.catalina.valves.ErrorReportValve.invoke(ErrorReportValve.java:79)
	at org.apache.catalina.valves.AbstractAccessLogValve.invoke(AbstractAccessLogValve.java:616)
	at org.apache.catalina.core.StandardEngineValve.invoke(StandardEngineValve.java:87)
	at org.apache.catalina.connector.CoyoteAdapter.service(CoyoteAdapter.java:361)
	at org.apache.coyote.http11.Http11Processor.service(Http11Processor.java:1080)
	at org.apache.coyote.AbstractProcessorLight.process(AbstractProcessorLight.java:75)
	at org.apache.coyote.AbstractProtocol$ConnectionHandler.process(AbstractProtocol.java:757)
	at org.apache.tomcat.util.net.AprEndpoint$SocketProcessor.run(AprEndpoint.java:2287)
	at java.util.concurrent.ThreadPoolExecutor.runWorker(ThreadPoolExecutor.java:1142)
	at java.util.concurrent.ThreadPoolExecutor$Worker.run(ThreadPoolExecutor.java:617)
	at org.apache.tomcat.util.threads.TaskThread$WrappingRunnable.run(TaskThread.java:61)
	at java.lang.Thread.run(Thread.java:745)

14-Jan-2016 14:25:28.682 SEVERE [http-apr-8080-exec-6] org.apache.catalina.core.StandardWrapperValve.invoke Servlet.service() for servlet [ShowParameters] in context with path [/test] threw exception
 java.io.UnsupportedEncodingException: The character encoding [gb2321] is not supported
	at org.apache.tomcat.util.buf.B2CConverter.getCharsetLower(B2CConverter.java:86)
	at org.apache.tomcat.util.buf.B2CConverter.getCharset(B2CConverter.java:65)
	at org.apache.catalina.connector.OutputBuffer.getCharset(OutputBuffer.java:595)
	at org.apache.catalina.connector.OutputBuffer.setConverter(OutputBuffer.java:561)
	at org.apache.catalina.connector.OutputBuffer.checkConverter(OutputBuffer.java:546)
	at org.apache.catalina.connector.Response.getWriter(Response.java:598)
	at org.apache.catalina.connector.ResponseFacade.getWriter(ResponseFacade.java:211)
	at testservlet.ShowParameters.doGet(ShowParameters.java:18)
	at javax.servlet.http.HttpServlet.service(HttpServlet.java:622)
	at javax.servlet.http.HttpServlet.service(HttpServlet.java:729)
	at org.apache.catalina.core.ApplicationFilterChain.internalDoFilter(ApplicationFilterChain.java:269)
	at org.apache.catalina.core.ApplicationFilterChain.doFilter(ApplicationFilterChain.java:184)
	at org.apache.tomcat.websocket.server.WsFilter.doFilter(WsFilter.java:53)
	at org.apache.catalina.core.ApplicationFilterChain.internalDoFilter(ApplicationFilterChain.java:217)
	at org.apache.catalina.core.ApplicationFilterChain.doFilter(ApplicationFilterChain.java:184)
	at org.apache.catalina.core.StandardWrapperValve.invoke(StandardWrapperValve.java:199)
	at org.apache.catalina.core.StandardContextValve.invoke(StandardContextValve.java:105)
	at org.apache.catalina.core.StandardHostValve.invoke(StandardHostValve.java:140)
	at org.apache.catalina.valves.ErrorReportValve.invoke(ErrorReportValve.java:79)
	at org.apache.catalina.valves.AbstractAccessLogValve.invoke(AbstractAccessLogValve.java:616)
	at org.apache.catalina.core.StandardEngineValve.invoke(StandardEngineValve.java:87)
	at org.apache.catalina.connector.CoyoteAdapter.service(CoyoteAdapter.java:361)
	at org.apache.coyote.http11.Http11Processor.service(Http11Processor.java:1080)
	at org.apache.coyote.AbstractProcessorLight.process(AbstractProcessorLight.java:75)
	at org.apache.coyote.AbstractProtocol$ConnectionHandler.process(AbstractProtocol.java:757)
	at org.apache.tomcat.util.net.AprEndpoint$SocketProcessor.run(AprEndpoint.java:2287)
	at java.util.concurrent.ThreadPoolExecutor.runWorker(ThreadPoolExecutor.java:1142)
	at java.util.concurrent.ThreadPoolExecutor$Worker.run(ThreadPoolExecutor.java:617)
	at org.apache.tomcat.util.threads.TaskThread$WrappingRunnable.run(TaskThread.java:61)
	at java.lang.Thread.run(Thread.java:745)

14-Jan-2016 14:26:46.745 SEVERE [http-apr-8080-exec-9] org.apache.catalina.core.StandardWrapperValve.invoke Servlet.service() for servlet [ShowParameters] in context with path [/test] threw exception
 java.io.UnsupportedEncodingException: The character encoding [gb2321] is not supported
	at org.apache.tomcat.util.buf.B2CConverter.getCharsetLower(B2CConverter.java:86)
	at org.apache.tomcat.util.buf.B2CConverter.getCharset(B2CConverter.java:65)
	at org.apache.catalina.connector.OutputBuffer.getCharset(OutputBuffer.java:595)
	at org.apache.catalina.connector.OutputBuffer.setConverter(OutputBuffer.java:561)
	at org.apache.catalina.connector.OutputBuffer.checkConverter(OutputBuffer.java:546)
	at org.apache.catalina.connector.Response.getWriter(Response.java:598)
	at org.apache.catalina.connector.ResponseFacade.getWriter(ResponseFacade.java:211)
	at testservlet.ShowParameters.doGet(ShowParameters.java:18)
	at javax.servlet.http.HttpServlet.service(HttpServlet.java:622)
	at javax.servlet.http.HttpServlet.service(HttpServlet.java:729)
	at org.apache.catalina.core.ApplicationFilterChain.internalDoFilter(ApplicationFilterChain.java:269)
	at org.apache.catalina.core.ApplicationFilterChain.doFilter(ApplicationFilterChain.java:184)
	at org.apache.tomcat.websocket.server.WsFilter.doFilter(WsFilter.java:53)
	at org.apache.catalina.core.ApplicationFilterChain.internalDoFilter(ApplicationFilterChain.java:217)
	at org.apache.catalina.core.ApplicationFilterChain.doFilter(ApplicationFilterChain.java:184)
	at org.apache.catalina.core.StandardWrapperValve.invoke(StandardWrapperValve.java:199)
	at org.apache.catalina.core.StandardContextValve.invoke(StandardContextValve.java:105)
	at org.apache.catalina.core.StandardHostValve.invoke(StandardHostValve.java:140)
	at org.apache.catalina.valves.ErrorReportValve.invoke(ErrorReportValve.java:79)
	at org.apache.catalina.valves.AbstractAccessLogValve.invoke(AbstractAccessLogValve.java:616)
	at org.apache.catalina.core.StandardEngineValve.invoke(StandardEngineValve.java:87)
	at org.apache.catalina.connector.CoyoteAdapter.service(CoyoteAdapter.java:361)
	at org.apache.coyote.http11.Http11Processor.service(Http11Processor.java:1080)
	at org.apache.coyote.AbstractProcessorLight.process(AbstractProcessorLight.java:75)
	at org.apache.coyote.AbstractProtocol$ConnectionHandler.process(AbstractProtocol.java:757)
	at org.apache.tomcat.util.net.AprEndpoint$SocketProcessor.run(AprEndpoint.java:2287)
	at java.util.concurrent.ThreadPoolExecutor.runWorker(ThreadPoolExecutor.java:1142)
	at java.util.concurrent.ThreadPoolExecutor$Worker.run(ThreadPoolExecutor.java:617)
	at org.apache.tomcat.util.threads.TaskThread$WrappingRunnable.run(TaskThread.java:61)
	at java.lang.Thread.run(Thread.java:745)

14-Jan-2016 14:37:35.998 INFO [localhost-startStop-2] org.apache.catalina.core.ApplicationContext.log SessionListener: contextDestroyed()
14-Jan-2016 14:37:35.999 INFO [localhost-startStop-2] org.apache.catalina.core.ApplicationContext.log ContextListener: contextDestroyed()
14-Jan-2016 14:37:46.014 INFO [localhost-startStop-1] org.apache.catalina.core.ApplicationContext.log ContextListener: contextInitialized()
14-Jan-2016 14:37:46.014 INFO [localhost-startStop-1] org.apache.catalina.core.ApplicationContext.log SessionListener: contextInitialized()
14-Jan-2016 14:37:56.841 SEVERE [http-apr-8080-exec-2] org.apache.catalina.core.StandardWrapperValve.invoke Servlet.service() for servlet [ShowParameters] in context with path [/test] threw exception
 java.io.UnsupportedEncodingException: The character encoding [gb2321] is not supported
	at org.apache.tomcat.util.buf.B2CConverter.getCharsetLower(B2CConverter.java:86)
	at org.apache.tomcat.util.buf.B2CConverter.getCharset(B2CConverter.java:65)
	at org.apache.catalina.connector.OutputBuffer.getCharset(OutputBuffer.java:595)
	at org.apache.catalina.connector.OutputBuffer.setConverter(OutputBuffer.java:561)
	at org.apache.catalina.connector.OutputBuffer.checkConverter(OutputBuffer.java:546)
	at org.apache.catalina.connector.Response.getWriter(Response.java:598)
	at org.apache.catalina.connector.ResponseFacade.getWriter(ResponseFacade.java:211)
	at testservlet.ShowParameters.doGet(ShowParameters.java:18)
	at javax.servlet.http.HttpServlet.service(HttpServlet.java:622)
	at javax.servlet.http.HttpServlet.service(HttpServlet.java:729)
	at org.apache.catalina.core.ApplicationFilterChain.internalDoFilter(ApplicationFilterChain.java:269)
	at org.apache.catalina.core.ApplicationFilterChain.doFilter(ApplicationFilterChain.java:184)
	at org.apache.tomcat.websocket.server.WsFilter.doFilter(WsFilter.java:53)
	at org.apache.catalina.core.ApplicationFilterChain.internalDoFilter(ApplicationFilterChain.java:217)
	at org.apache.catalina.core.ApplicationFilterChain.doFilter(ApplicationFilterChain.java:184)
	at org.apache.catalina.core.StandardWrapperValve.invoke(StandardWrapperValve.java:199)
	at org.apache.catalina.core.StandardContextValve.invoke(StandardContextValve.java:105)
	at org.apache.catalina.core.StandardHostValve.invoke(StandardHostValve.java:140)
	at org.apache.catalina.valves.ErrorReportValve.invoke(ErrorReportValve.java:79)
	at org.apache.catalina.valves.AbstractAccessLogValve.invoke(AbstractAccessLogValve.java:616)
	at org.apache.catalina.core.StandardEngineValve.invoke(StandardEngineValve.java:87)
	at org.apache.catalina.connector.CoyoteAdapter.service(CoyoteAdapter.java:361)
	at org.apache.coyote.http11.Http11Processor.service(Http11Processor.java:1080)
	at org.apache.coyote.AbstractProcessorLight.process(AbstractProcessorLight.java:75)
	at org.apache.coyote.AbstractProtocol$ConnectionHandler.process(AbstractProtocol.java:757)
	at org.apache.tomcat.util.net.AprEndpoint$SocketProcessor.run(AprEndpoint.java:2287)
	at java.util.concurrent.ThreadPoolExecutor.runWorker(ThreadPoolExecutor.java:1142)
	at java.util.concurrent.ThreadPoolExecutor$Worker.run(ThreadPoolExecutor.java:617)
	at org.apache.tomcat.util.threads.TaskThread$WrappingRunnable.run(TaskThread.java:61)
	at java.lang.Thread.run(Thread.java:745)

14-Jan-2016 14:40:39.143 INFO [localhost-startStop-2] org.apache.catalina.core.ApplicationContext.log SessionListener: contextDestroyed()
14-Jan-2016 14:40:39.143 INFO [localhost-startStop-2] org.apache.catalina.core.ApplicationContext.log ContextListener: contextDestroyed()
14-Jan-2016 14:40:47.370 INFO [localhost-startStop-1] org.apache.catalina.core.ApplicationContext.log ContextListener: contextInitialized()
14-Jan-2016 14:40:47.370 INFO [localhost-startStop-1] org.apache.catalina.core.ApplicationContext.log SessionListener: contextInitialized()
14-Jan-2016 14:45:06.061 INFO [localhost-startStop-2] org.apache.catalina.core.ApplicationContext.log SessionListener: contextDestroyed()
14-Jan-2016 14:45:06.061 INFO [localhost-startStop-2] org.apache.catalina.core.ApplicationContext.log ContextListener: contextDestroyed()
14-Jan-2016 14:45:16.505 INFO [localhost-startStop-1] org.apache.catalina.core.ApplicationContext.log ContextListener: contextInitialized()
14-Jan-2016 14:45:16.506 INFO [localhost-startStop-1] org.apache.catalina.core.ApplicationContext.log SessionListener: contextInitialized()
14-Jan-2016 14:57:27.112 INFO [localhost-startStop-2] org.apache.catalina.core.ApplicationContext.log SessionListener: contextDestroyed()
14-Jan-2016 14:57:27.112 INFO [localhost-startStop-2] org.apache.catalina.core.ApplicationContext.log ContextListener: contextDestroyed()
14-Jan-2016 14:58:14.792 INFO [localhost-startStop-1] org.apache.catalina.core.ApplicationContext.log ContextListener: contextInitialized()
14-Jan-2016 14:58:14.793 INFO [localhost-startStop-1] org.apache.catalina.core.ApplicationContext.log SessionListener: contextInitialized()
14-Jan-2016 15:57:22.480 INFO [localhost-startStop-2] org.apache.catalina.core.ApplicationContext.log SessionListener: contextDestroyed()
14-Jan-2016 15:57:22.480 INFO [localhost-startStop-2] org.apache.catalina.core.ApplicationContext.log ContextListener: contextDestroyed()
14-Jan-2016 15:57:35.758 INFO [localhost-startStop-1] org.apache.catalina.core.ApplicationContext.log ContextListener: contextInitialized()
14-Jan-2016 15:57:35.758 INFO [localhost-startStop-1] org.apache.catalina.core.ApplicationContext.log SessionListener: contextInitialized()
14-Jan-2016 16:02:53.333 INFO [localhost-startStop-2] org.apache.catalina.core.ApplicationContext.log SessionListener: contextDestroyed()
14-Jan-2016 16:02:53.334 INFO [localhost-startStop-2] org.apache.catalina.core.ApplicationContext.log ContextListener: contextDestroyed()
14-Jan-2016 16:03:09.888 INFO [localhost-startStop-1] org.apache.catalina.core.ApplicationContext.log ContextListener: contextInitialized()
14-Jan-2016 16:03:09.889 INFO [localhost-startStop-1] org.apache.catalina.core.ApplicationContext.log SessionListener: contextInitialized()
14-Jan-2016 16:06:13.520 INFO [localhost-startStop-2] org.apache.catalina.core.ApplicationContext.log SessionListener: contextDestroyed()
14-Jan-2016 16:06:13.521 INFO [localhost-startStop-2] org.apache.catalina.core.ApplicationContext.log ContextListener: contextDestroyed()
14-Jan-2016 16:06:22.436 INFO [localhost-startStop-1] org.apache.catalina.core.ApplicationContext.log ContextListener: contextInitialized()
14-Jan-2016 16:06:22.436 INFO [localhost-startStop-1] org.apache.catalina.core.ApplicationContext.log SessionListener: contextInitialized()
14-Jan-2016 16:08:05.048 INFO [localhost-startStop-2] org.apache.catalina.core.ApplicationContext.log SessionListener: contextDestroyed()
14-Jan-2016 16:08:05.048 INFO [localhost-startStop-2] org.apache.catalina.core.ApplicationContext.log ContextListener: contextDestroyed()
14-Jan-2016 16:08:13.750 INFO [localhost-startStop-1] org.apache.catalina.core.ApplicationContext.log ContextListener: contextInitialized()
14-Jan-2016 16:08:13.750 INFO [localhost-startStop-1] org.apache.catalina.core.ApplicationContext.log SessionListener: contextInitialized()
14-Jan-2016 16:11:01.503 INFO [localhost-startStop-2] org.apache.catalina.core.ApplicationContext.log SessionListener: contextDestroyed()
14-Jan-2016 16:11:01.505 INFO [localhost-startStop-2] org.apache.catalina.core.ApplicationContext.log ContextListener: contextDestroyed()
14-Jan-2016 16:11:13.032 INFO [localhost-startStop-1] org.apache.catalina.core.ApplicationContext.log ContextListener: contextInitialized()
14-Jan-2016 16:11:13.032 INFO [localhost-startStop-1] org.apache.catalina.core.ApplicationContext.log SessionListener: contextInitialized()
14-Jan-2016 16:17:01.472 INFO [localhost-startStop-2] org.apache.catalina.core.ApplicationContext.log SessionListener: contextDestroyed()
14-Jan-2016 16:17:01.472 INFO [localhost-startStop-2] org.apache.catalina.core.ApplicationContext.log ContextListener: contextDestroyed()
14-Jan-2016 16:17:09.287 INFO [localhost-startStop-1] org.apache.catalina.core.ApplicationContext.log ContextListener: contextInitialized()
14-Jan-2016 16:17:09.288 INFO [localhost-startStop-1] org.apache.catalina.core.ApplicationContext.log SessionListener: contextInitialized()
14-Jan-2016 17:59:55.144 INFO [localhost-startStop-2] org.apache.catalina.core.ApplicationContext.log SessionListener: contextDestroyed()
14-Jan-2016 17:59:55.144 INFO [localhost-startStop-2] org.apache.catalina.core.ApplicationContext.log ContextListener: contextDestroyed()
